2013-02-04 12:56:56,640 [15] Orchard.ContentManagement.Drivers.Coordinators.ContentFieldDriverCoordinator - NullReferenceException thrown from <>f__AnonymousType4`2 by <>f__AnonymousType4`2[[Orchard.ContentManagement.ContentPart, Orchard.Framework, Version=1.6.0.0, Culture=neutral, PublicKeyToken=null],[Contrib.Taxonomies.Fields.TaxonomyField, App_Web_1aiii34w, Version=1.0.0.0, Culture=neutral, PublicKeyToken=null]]
System.NullReferenceException: Ссылка на объект не указывает на экземпляр объекта.
   в Contrib.Taxonomies.Drivers.TaxonomyFieldDriver.Editor(ContentPart part, TaxonomyField field, Object shapeHelper) в f:\AzureWeb\SciCenter-DevSource(3b2d1e68942d)\src\Orchard.Web\Modules\Contrib.Taxonomies\Drivers\TaxonomyFieldDriver.cs:строка 64
   в System.Dynamic.UpdateDelegates.UpdateAndExecute4[T0,T1,T2,T3,TRet](CallSite site, T0 arg0, T1 arg1, T2 arg2, T3 arg3)
   в Orchard.ContentManagement.Drivers.ContentFieldDriver`1.<>c__DisplayClassd.<Orchard.ContentManagement.Drivers.IContentFieldDriver.BuildEditorShape>b__c(ContentPart part, TField field) в f:\AzureWeb\SciCenter-DevSource(3b2d1e68942d)\src\Orchard\ContentManagement\Drivers\ContentFieldDriver.cs:строка 34
   в Orchard.ContentManagement.Drivers.ContentFieldDriver`1.<>c__DisplayClass2d.<Process>b__2b(<>f__AnonymousType4`2 pf) в f:\AzureWeb\SciCenter-DevSource(3b2d1e68942d)\src\Orchard\ContentManagement\Drivers\ContentFieldDriver.cs:строка 86
   в Orchard.InvokeExtensions.<Invoke>d__0`2.MoveNext() в f:\AzureWeb\SciCenter-DevSource(3b2d1e68942d)\src\Orchard\InvokeExtensions.cs:строка 39
2013-02-04 12:56:56,659 [15] Orchard.ContentManagement.Drivers.Coordinators.ContentFieldDriverCoordinator - NullReferenceException thrown from <>f__AnonymousType4`2 by <>f__AnonymousType4`2[[Orchard.ContentManagement.ContentPart, Orchard.Framework, Version=1.6.0.0, Culture=neutral, PublicKeyToken=null],[Contrib.Taxonomies.Fields.TaxonomyField, App_Web_1aiii34w, Version=1.0.0.0, Culture=neutral, PublicKeyToken=null]]
System.NullReferenceException: Ссылка на объект не указывает на экземпляр объекта.
   в Contrib.Taxonomies.Drivers.TaxonomyFieldDriver.Editor(ContentPart part, TaxonomyField field, Object shapeHelper) в f:\AzureWeb\SciCenter-DevSource(3b2d1e68942d)\src\Orchard.Web\Modules\Contrib.Taxonomies\Drivers\TaxonomyFieldDriver.cs:строка 64
   в Orchard.ContentManagement.Drivers.ContentFieldDriver`1.<>c__DisplayClassd.<Orchard.ContentManagement.Drivers.IContentFieldDriver.BuildEditorShape>b__c(ContentPart part, TField field) в f:\AzureWeb\SciCenter-DevSource(3b2d1e68942d)\src\Orchard\ContentManagement\Drivers\ContentFieldDriver.cs:строка 34
   в Orchard.ContentManagement.Drivers.ContentFieldDriver`1.<>c__DisplayClass2d.<Process>b__2b(<>f__AnonymousType4`2 pf) в f:\AzureWeb\SciCenter-DevSource(3b2d1e68942d)\src\Orchard\ContentManagement\Drivers\ContentFieldDriver.cs:строка 86
   в Orchard.InvokeExtensions.<Invoke>d__0`2.MoveNext() в f:\AzureWeb\SciCenter-DevSource(3b2d1e68942d)\src\Orchard\InvokeExtensions.cs:строка 39
2013-02-04 12:56:56,671 [15] Orchard.ContentManagement.Drivers.Coordinators.ContentFieldDriverCoordinator - NullReferenceException thrown from <>f__AnonymousType4`2 by <>f__AnonymousType4`2[[Orchard.ContentManagement.ContentPart, Orchard.Framework, Version=1.6.0.0, Culture=neutral, PublicKeyToken=null],[Contrib.Taxonomies.Fields.TaxonomyField, App_Web_1aiii34w, Version=1.0.0.0, Culture=neutral, PublicKeyToken=null]]
System.NullReferenceException: Ссылка на объект не указывает на экземпляр объекта.
   в Contrib.Taxonomies.Drivers.TaxonomyFieldDriver.Editor(ContentPart part, TaxonomyField field, Object shapeHelper) в f:\AzureWeb\SciCenter-DevSource(3b2d1e68942d)\src\Orchard.Web\Modules\Contrib.Taxonomies\Drivers\TaxonomyFieldDriver.cs:строка 64
   в Orchard.ContentManagement.Drivers.ContentFieldDriver`1.<>c__DisplayClassd.<Orchard.ContentManagement.Drivers.IContentFieldDriver.BuildEditorShape>b__c(ContentPart part, TField field) в f:\AzureWeb\SciCenter-DevSource(3b2d1e68942d)\src\Orchard\ContentManagement\Drivers\ContentFieldDriver.cs:строка 34
   в Orchard.ContentManagement.Drivers.ContentFieldDriver`1.<>c__DisplayClass2d.<Process>b__2b(<>f__AnonymousType4`2 pf) в f:\AzureWeb\SciCenter-DevSource(3b2d1e68942d)\src\Orchard\ContentManagement\Drivers\ContentFieldDriver.cs:строка 86
   в Orchard.InvokeExtensions.<Invoke>d__0`2.MoveNext() в f:\AzureWeb\SciCenter-DevSource(3b2d1e68942d)\src\Orchard\InvokeExtensions.cs:строка 39
2013-02-04 12:57:55,008 [18] Orchard.ContentManagement.Drivers.Coordinators.ContentFieldDriverCoordinator - NullReferenceException thrown from <>f__AnonymousType4`2 by <>f__AnonymousType4`2[[Orchard.ContentManagement.ContentPart, Orchard.Framework, Version=1.6.0.0, Culture=neutral, PublicKeyToken=null],[Contrib.Taxonomies.Fields.TaxonomyField, App_Web_1aiii34w, Version=1.0.0.0, Culture=neutral, PublicKeyToken=null]]
System.NullReferenceException: Ссылка на объект не указывает на экземпляр объекта.
   в Contrib.Taxonomies.Drivers.TaxonomyFieldDriver.Editor(ContentPart part, TaxonomyField field, Object shapeHelper) в f:\AzureWeb\SciCenter-DevSource(3b2d1e68942d)\src\Orchard.Web\Modules\Contrib.Taxonomies\Drivers\TaxonomyFieldDriver.cs:строка 64
   в System.Dynamic.UpdateDelegates.UpdateAndExecute4[T0,T1,T2,T3,TRet](CallSite site, T0 arg0, T1 arg1, T2 arg2, T3 arg3)
   в Contrib.Taxonomies.Drivers.TaxonomyFieldDriver.Editor(ContentPart part, TaxonomyField field, IUpdateModel updater, Object shapeHelper) в f:\AzureWeb\SciCenter-DevSource(3b2d1e68942d)\src\Orchard.Web\Modules\Contrib.Taxonomies\Drivers\TaxonomyFieldDriver.cs:строка 87
   в System.Dynamic.UpdateDelegates.UpdateAndExecute5[T0,T1,T2,T3,T4,TRet](CallSite site, T0 arg0, T1 arg1, T2 arg2, T3 arg3, T4 arg4)
   в Orchard.ContentManagement.Drivers.ContentFieldDriver`1.<>c__DisplayClass13.<Orchard.ContentManagement.Drivers.IContentFieldDriver.UpdateEditorShape>b__12(ContentPart part, TField field) в f:\AzureWeb\SciCenter-DevSource(3b2d1e68942d)\src\Orchard\ContentManagement\Drivers\ContentFieldDriver.cs:строка 47
   в Orchard.ContentManagement.Drivers.ContentFieldDriver`1.<>c__DisplayClass2d.<Process>b__2b(<>f__AnonymousType4`2 pf) в f:\AzureWeb\SciCenter-DevSource(3b2d1e68942d)\src\Orchard\ContentManagement\Drivers\ContentFieldDriver.cs:строка 86
   в Orchard.InvokeExtensions.<Invoke>d__0`2.MoveNext() в f:\AzureWeb\SciCenter-DevSource(3b2d1e68942d)\src\Orchard\InvokeExtensions.cs:строка 39
2013-02-04 12:57:55,017 [18] Orchard.ContentManagement.Drivers.Coordinators.ContentFieldDriverCoordinator - NullReferenceException thrown from <>f__AnonymousType4`2 by <>f__AnonymousType4`2[[Orchard.ContentManagement.ContentPart, Orchard.Framework, Version=1.6.0.0, Culture=neutral, PublicKeyToken=null],[Contrib.Taxonomies.Fields.TaxonomyField, App_Web_1aiii34w, Version=1.0.0.0, Culture=neutral, PublicKeyToken=null]]
System.NullReferenceException: Ссылка на объект не указывает на экземпляр объекта.
   в Contrib.Taxonomies.Drivers.TaxonomyFieldDriver.Editor(ContentPart part, TaxonomyField field, Object shapeHelper) в f:\AzureWeb\SciCenter-DevSource(3b2d1e68942d)\src\Orchard.Web\Modules\Contrib.Taxonomies\Drivers\TaxonomyFieldDriver.cs:строка 64
   в Contrib.Taxonomies.Drivers.TaxonomyFieldDriver.Editor(ContentPart part, TaxonomyField field, IUpdateModel updater, Object shapeHelper) в f:\AzureWeb\SciCenter-DevSource(3b2d1e68942d)\src\Orchard.Web\Modules\Contrib.Taxonomies\Drivers\TaxonomyFieldDriver.cs:строка 87
   в Orchard.ContentManagement.Drivers.ContentFieldDriver`1.<>c__DisplayClass13.<Orchard.ContentManagement.Drivers.IContentFieldDriver.UpdateEditorShape>b__12(ContentPart part, TField field) в f:\AzureWeb\SciCenter-DevSource(3b2d1e68942d)\src\Orchard\ContentManagement\Drivers\ContentFieldDriver.cs:строка 47
   в Orchard.ContentManagement.Drivers.ContentFieldDriver`1.<>c__DisplayClass2d.<Process>b__2b(<>f__AnonymousType4`2 pf) в f:\AzureWeb\SciCenter-DevSource(3b2d1e68942d)\src\Orchard\ContentManagement\Drivers\ContentFieldDriver.cs:строка 86
   в Orchard.InvokeExtensions.<Invoke>d__0`2.MoveNext() в f:\AzureWeb\SciCenter-DevSource(3b2d1e68942d)\src\Orchard\InvokeExtensions.cs:строка 39
2013-02-04 12:57:55,029 [18] Orchard.ContentManagement.Drivers.Coordinators.ContentFieldDriverCoordinator - NullReferenceException thrown from <>f__AnonymousType4`2 by <>f__AnonymousType4`2[[Orchard.ContentManagement.ContentPart, Orchard.Framework, Version=1.6.0.0, Culture=neutral, PublicKeyToken=null],[Contrib.Taxonomies.Fields.TaxonomyField, App_Web_1aiii34w, Version=1.0.0.0, Culture=neutral, PublicKeyToken=null]]
System.NullReferenceException: Ссылка на объект не указывает на экземпляр объекта.
   в Contrib.Taxonomies.Drivers.TaxonomyFieldDriver.Editor(ContentPart part, TaxonomyField field, Object shapeHelper) в f:\AzureWeb\SciCenter-DevSource(3b2d1e68942d)\src\Orchard.Web\Modules\Contrib.Taxonomies\Drivers\TaxonomyFieldDriver.cs:строка 64
   в Contrib.Taxonomies.Drivers.TaxonomyFieldDriver.Editor(ContentPart part, TaxonomyField field, IUpdateModel updater, Object shapeHelper) в f:\AzureWeb\SciCenter-DevSource(3b2d1e68942d)\src\Orchard.Web\Modules\Contrib.Taxonomies\Drivers\TaxonomyFieldDriver.cs:строка 87
   в Orchard.ContentManagement.Drivers.ContentFieldDriver`1.<>c__DisplayClass13.<Orchard.ContentManagement.Drivers.IContentFieldDriver.UpdateEditorShape>b__12(ContentPart part, TField field) в f:\AzureWeb\SciCenter-DevSource(3b2d1e68942d)\src\Orchard\ContentManagement\Drivers\ContentFieldDriver.cs:строка 47
   в Orchard.ContentManagement.Drivers.ContentFieldDriver`1.<>c__DisplayClass2d.<Process>b__2b(<>f__AnonymousType4`2 pf) в f:\AzureWeb\SciCenter-DevSource(3b2d1e68942d)\src\Orchard\ContentManagement\Drivers\ContentFieldDriver.cs:строка 86
   в Orchard.InvokeExtensions.<Invoke>d__0`2.MoveNext() в f:\AzureWeb\SciCenter-DevSource(3b2d1e68942d)\src\Orchard\InvokeExtensions.cs:строка 39
2013-02-04 12:57:55,363 [172] Orchard.ContentManagement.Drivers.Coordinators.ContentFieldDriverCoordinator - NullReferenceException thrown from <>f__AnonymousType4`2 by <>f__AnonymousType4`2[[Orchard.ContentManagement.ContentPart, Orchard.Framework, Version=1.6.0.0, Culture=neutral, PublicKeyToken=null],[Contrib.Taxonomies.Fields.TaxonomyField, App_Web_1aiii34w, Version=1.0.0.0, Culture=neutral, PublicKeyToken=null]]
System.NullReferenceException: Ссылка на объект не указывает на экземпляр объекта.
   в Contrib.Taxonomies.Drivers.TaxonomyFieldDriver.Editor(ContentPart part, TaxonomyField field, Object shapeHelper) в f:\AzureWeb\SciCenter-DevSource(3b2d1e68942d)\src\Orchard.Web\Modules\Contrib.Taxonomies\Drivers\TaxonomyFieldDriver.cs:строка 64
   в Orchard.ContentManagement.Drivers.ContentFieldDriver`1.<>c__DisplayClassd.<Orchard.ContentManagement.Drivers.IContentFieldDriver.BuildEditorShape>b__c(ContentPart part, TField field) в f:\AzureWeb\SciCenter-DevSource(3b2d1e68942d)\src\Orchard\ContentManagement\Drivers\ContentFieldDriver.cs:строка 34
   в Orchard.ContentManagement.Drivers.ContentFieldDriver`1.<>c__DisplayClass2d.<Process>b__2b(<>f__AnonymousType4`2 pf) в f:\AzureWeb\SciCenter-DevSource(3b2d1e68942d)\src\Orchard\ContentManagement\Drivers\ContentFieldDriver.cs:строка 86
   в Orchard.InvokeExtensions.<Invoke>d__0`2.MoveNext() в f:\AzureWeb\SciCenter-DevSource(3b2d1e68942d)\src\Orchard\InvokeExtensions.cs:строка 39
2013-02-04 12:57:55,367 [172] Orchard.ContentManagement.Drivers.Coordinators.ContentFieldDriverCoordinator - NullReferenceException thrown from <>f__AnonymousType4`2 by <>f__AnonymousType4`2[[Orchard.ContentManagement.ContentPart, Orchard.Framework, Version=1.6.0.0, Culture=neutral, PublicKeyToken=null],[Contrib.Taxonomies.Fields.TaxonomyField, App_Web_1aiii34w, Version=1.0.0.0, Culture=neutral, PublicKeyToken=null]]
System.NullReferenceException: Ссылка на объект не указывает на экземпляр объекта.
   в Contrib.Taxonomies.Drivers.TaxonomyFieldDriver.Editor(ContentPart part, TaxonomyField field, Object shapeHelper) в f:\AzureWeb\SciCenter-DevSource(3b2d1e68942d)\src\Orchard.Web\Modules\Contrib.Taxonomies\Drivers\TaxonomyFieldDriver.cs:строка 64
   в Orchard.ContentManagement.Drivers.ContentFieldDriver`1.<>c__DisplayClassd.<Orchard.ContentManagement.Drivers.IContentFieldDriver.BuildEditorShape>b__c(ContentPart part, TField field) в f:\AzureWeb\SciCenter-DevSource(3b2d1e68942d)\src\Orchard\ContentManagement\Drivers\ContentFieldDriver.cs:строка 34
   в Orchard.ContentManagement.Drivers.ContentFieldDriver`1.<>c__DisplayClass2d.<Process>b__2b(<>f__AnonymousType4`2 pf) в f:\AzureWeb\SciCenter-DevSource(3b2d1e68942d)\src\Orchard\ContentManagement\Drivers\ContentFieldDriver.cs:строка 86
   в Orchard.InvokeExtensions.<Invoke>d__0`2.MoveNext() в f:\AzureWeb\SciCenter-DevSource(3b2d1e68942d)\src\Orchard\InvokeExtensions.cs:строка 39
2013-02-04 12:57:55,371 [172] Orchard.ContentManagement.Drivers.Coordinators.ContentFieldDriverCoordinator - NullReferenceException thrown from <>f__AnonymousType4`2 by <>f__AnonymousType4`2[[Orchard.ContentManagement.ContentPart, Orchard.Framework, Version=1.6.0.0, Culture=neutral, PublicKeyToken=null],[Contrib.Taxonomies.Fields.TaxonomyField, App_Web_1aiii34w, Version=1.0.0.0, Culture=neutral, PublicKeyToken=null]]
System.NullReferenceException: Ссылка на объект не указывает на экземпляр объекта.
   в Contrib.Taxonomies.Drivers.TaxonomyFieldDriver.Editor(ContentPart part, TaxonomyField field, Object shapeHelper) в f:\AzureWeb\SciCenter-DevSource(3b2d1e68942d)\src\Orchard.Web\Modules\Contrib.Taxonomies\Drivers\TaxonomyFieldDriver.cs:строка 64
   в Orchard.ContentManagement.Drivers.ContentFieldDriver`1.<>c__DisplayClassd.<Orchard.ContentManagement.Drivers.IContentFieldDriver.BuildEditorShape>b__c(ContentPart part, TField field) в f:\AzureWeb\SciCenter-DevSource(3b2d1e68942d)\src\Orchard\ContentManagement\Drivers\ContentFieldDriver.cs:строка 34
   в Orchard.ContentManagement.Drivers.ContentFieldDriver`1.<>c__DisplayClass2d.<Process>b__2b(<>f__AnonymousType4`2 pf) в f:\AzureWeb\SciCenter-DevSource(3b2d1e68942d)\src\Orchard\ContentManagement\Drivers\ContentFieldDriver.cs:строка 86
   в Orchard.InvokeExtensions.<Invoke>d__0`2.MoveNext() в f:\AzureWeb\SciCenter-DevSource(3b2d1e68942d)\src\Orchard\InvokeExtensions.cs:строка 39
2013-02-04 12:58:01,959 [149] Orchard.ContentManagement.Drivers.Coordinators.ContentFieldDriverCoordinator - NullReferenceException thrown from <>f__AnonymousType4`2 by <>f__AnonymousType4`2[[Orchard.ContentManagement.ContentPart, Orchard.Framework, Version=1.6.0.0, Culture=neutral, PublicKeyToken=null],[Contrib.Taxonomies.Fields.TaxonomyField, App_Web_1aiii34w, Version=1.0.0.0, Culture=neutral, PublicKeyToken=null]]
System.NullReferenceException: Ссылка на объект не указывает на экземпляр объекта.
   в Contrib.Taxonomies.Drivers.TaxonomyFieldDriver.Editor(ContentPart part, TaxonomyField field, Object shapeHelper) в f:\AzureWeb\SciCenter-DevSource(3b2d1e68942d)\src\Orchard.Web\Modules\Contrib.Taxonomies\Drivers\TaxonomyFieldDriver.cs:строка 64
   в Orchard.ContentManagement.Drivers.ContentFieldDriver`1.<>c__DisplayClassd.<Orchard.ContentManagement.Drivers.IContentFieldDriver.BuildEditorShape>b__c(ContentPart part, TField field) в f:\AzureWeb\SciCenter-DevSource(3b2d1e68942d)\src\Orchard\ContentManagement\Drivers\ContentFieldDriver.cs:строка 34
   в Orchard.ContentManagement.Drivers.ContentFieldDriver`1.<>c__DisplayClass2d.<Process>b__2b(<>f__AnonymousType4`2 pf) в f:\AzureWeb\SciCenter-DevSource(3b2d1e68942d)\src\Orchard\ContentManagement\Drivers\ContentFieldDriver.cs:строка 86
   в Orchard.InvokeExtensions.<Invoke>d__0`2.MoveNext() в f:\AzureWeb\SciCenter-DevSource(3b2d1e68942d)\src\Orchard\InvokeExtensions.cs:строка 39
2013-02-04 12:58:01,964 [149] Orchard.ContentManagement.Drivers.Coordinators.ContentFieldDriverCoordinator - NullReferenceException thrown from <>f__AnonymousType4`2 by <>f__AnonymousType4`2[[Orchard.ContentManagement.ContentPart, Orchard.Framework, Version=1.6.0.0, Culture=neutral, PublicKeyToken=null],[Contrib.Taxonomies.Fields.TaxonomyField, App_Web_1aiii34w, Version=1.0.0.0, Culture=neutral, PublicKeyToken=null]]
System.NullReferenceException: Ссылка на объект не указывает на экземпляр объекта.
   в Contrib.Taxonomies.Drivers.TaxonomyFieldDriver.Editor(ContentPart part, TaxonomyField field, Object shapeHelper) в f:\AzureWeb\SciCenter-DevSource(3b2d1e68942d)\src\Orchard.Web\Modules\Contrib.Taxonomies\Drivers\TaxonomyFieldDriver.cs:строка 64
   в Orchard.ContentManagement.Drivers.ContentFieldDriver`1.<>c__DisplayClassd.<Orchard.ContentManagement.Drivers.IContentFieldDriver.BuildEditorShape>b__c(ContentPart part, TField field) в f:\AzureWeb\SciCenter-DevSource(3b2d1e68942d)\src\Orchard\ContentManagement\Drivers\ContentFieldDriver.cs:строка 34
   в Orchard.ContentManagement.Drivers.ContentFieldDriver`1.<>c__DisplayClass2d.<Process>b__2b(<>f__AnonymousType4`2 pf) в f:\AzureWeb\SciCenter-DevSource(3b2d1e68942d)\src\Orchard\ContentManagement\Drivers\ContentFieldDriver.cs:строка 86
   в Orchard.InvokeExtensions.<Invoke>d__0`2.MoveNext() в f:\AzureWeb\SciCenter-DevSource(3b2d1e68942d)\src\Orchard\InvokeExtensions.cs:строка 39
2013-02-04 12:58:01,968 [149] Orchard.ContentManagement.Drivers.Coordinators.ContentFieldDriverCoordinator - NullReferenceException thrown from <>f__AnonymousType4`2 by <>f__AnonymousType4`2[[Orchard.ContentManagement.ContentPart, Orchard.Framework, Version=1.6.0.0, Culture=neutral, PublicKeyToken=null],[Contrib.Taxonomies.Fields.TaxonomyField, App_Web_1aiii34w, Version=1.0.0.0, Culture=neutral, PublicKeyToken=null]]
System.NullReferenceException: Ссылка на объект не указывает на экземпляр объекта.
   в Contrib.Taxonomies.Drivers.TaxonomyFieldDriver.Editor(ContentPart part, TaxonomyField field, Object shapeHelper) в f:\AzureWeb\SciCenter-DevSource(3b2d1e68942d)\src\Orchard.Web\Modules\Contrib.Taxonomies\Drivers\TaxonomyFieldDriver.cs:строка 64
   в Orchard.ContentManagement.Drivers.ContentFieldDriver`1.<>c__DisplayClassd.<Orchard.ContentManagement.Drivers.IContentFieldDriver.BuildEditorShape>b__c(ContentPart part, TField field) в f:\AzureWeb\SciCenter-DevSource(3b2d1e68942d)\src\Orchard\ContentManagement\Drivers\ContentFieldDriver.cs:строка 34
   в Orchard.ContentManagement.Drivers.ContentFieldDriver`1.<>c__DisplayClass2d.<Process>b__2b(<>f__AnonymousType4`2 pf) в f:\AzureWeb\SciCenter-DevSource(3b2d1e68942d)\src\Orchard\ContentManagement\Drivers\ContentFieldDriver.cs:строка 86
   в Orchard.InvokeExtensions.<Invoke>d__0`2.MoveNext() в f:\AzureWeb\SciCenter-DevSource(3b2d1e68942d)\src\Orchard\InvokeExtensions.cs:строка 39
2013-02-04 18:12:09,197 [28] NHibernate.Util.ADOExceptionReporter - A parameter is missing. [ Parameter ordinal = 1 ]
2013-02-04 18:12:09,198 [28] NHibernate.Util.ADOExceptionReporter - A parameter is missing. [ Parameter ordinal = 1 ]
2013-02-04 18:12:09,200 [28] Orchard.ContentManagement.DefaultContentManager - GenericADOException thrown from IContentHandler by Contrib.Taxonomies.Handlers.TermPartHandler
NHibernate.Exceptions.GenericADOException: could not execute query
[ select termconten0_.Id as Id2_, termconten0_.Field as Field2_, termconten0_.TermRecord_id as TermRecord3_2_, termconten0_.TermsPartRecord_id as TermsPar4_2_ from Contrib_Taxonomies_TermContentItem termconten0_ inner join Contrib_Taxonomies_TermsPartRecord termspartr1_ on termconten0_.TermsPartRecord_id=termspartr1_.Id where termspartr1_.Id=@p0 ]
  Name:p1 - Value:Orchard.ContentManagement.Records.ContentItemRecord
[SQL: select termconten0_.Id as Id2_, termconten0_.Field as Field2_, termconten0_.TermRecord_id as TermRecord3_2_, termconten0_.TermsPartRecord_id as TermsPar4_2_ from Contrib_Taxonomies_TermContentItem termconten0_ inner join Contrib_Taxonomies_TermsPartRecord termspartr1_ on termconten0_.TermsPartRecord_id=termspartr1_.Id where termspartr1_.Id=@p0] ---> System.Data.SqlServerCe.SqlCeException: A parameter is missing. [ Parameter ordinal = 1 ]
   в System.Data.SqlServerCe.SqlCeDataReader.ProcessResults(Int32 hr)
   в System.Data.SqlServerCe.SqlCeDataReader.IsEndOfRowset(Int32 hr)
   в System.Data.SqlServerCe.SqlCeDataReader.Move(DIRECTION direction)
   в System.Data.SqlServerCe.SqlCeDataReader.Read()
   в NHibernate.Driver.NHybridDataReader.Read()
   в NHibernate.Loader.Loader.DoQuery(ISessionImplementor session, QueryParameters queryParameters, Boolean returnProxies)
   в NHibernate.Loader.Loader.DoQueryAndInitializeNonLazyCollections(ISessionImplementor session, QueryParameters queryParameters, Boolean returnProxies)
   в NHibernate.Loader.Loader.DoList(ISessionImplementor session, QueryParameters queryParameters)
   --- Конец трассировки внутреннего стека исключений ---
   в NHibernate.Loader.Loader.DoList(ISessionImplementor session, QueryParameters queryParameters)
   в NHibernate.Loader.Loader.ListIgnoreQueryCache(ISessionImplementor session, QueryParameters queryParameters)
   в NHibernate.Loader.Loader.List(ISessionImplementor session, QueryParameters queryParameters, ISet`1 querySpaces, IType[] resultTypes)
   в NHibernate.Hql.Ast.ANTLR.Loader.QueryLoader.List(ISessionImplementor session, QueryParameters queryParameters)
   в NHibernate.Hql.Ast.ANTLR.QueryTranslatorImpl.List(ISessionImplementor session, QueryParameters queryParameters)
   в NHibernate.Engine.Query.HQLQueryPlan.PerformList(QueryParameters queryParameters, ISessionImplementor session, IList results)
   в NHibernate.Impl.SessionImpl.List(IQueryExpression queryExpression, QueryParameters queryParameters, IList results)
   в NHibernate.Impl.AbstractSessionImpl.List(IQueryExpression queryExpression, QueryParameters parameters)
   в NHibernate.Impl.ExpressionQueryImpl.List()
   в NHibernate.Linq.DefaultQueryProvider.ExecuteQuery(NhLinqExpression nhLinqExpression, IQuery query, NhLinqExpression nhQuery)
   в NHibernate.Linq.DefaultQueryProvider.Execute(Expression expression)
   в NHibernate.Linq.DefaultQueryProvider.Execute[TResult](Expression expression)
   в Remotion.Linq.QueryableBase`1.GetEnumerator()
   в System.Collections.Generic.List`1..ctor(IEnumerable`1 collection)
   в System.Linq.Enumerable.ToList[TSource](IEnumerable`1 source)
   в Orchard.Utility.Extensions.ReadOnlyCollectionExtensions.ToReadOnlyCollection[T](IEnumerable`1 enumerable) в f:\AzureWeb\SciCenter-DevSource(3b2d1e68942d)\src\Orchard\Utility\Extensions\ReadOnlyCollectionExtensions.cs:строка 8
   в Orchard.Data.Repository`1.Orchard.Data.IRepository<T>.Fetch(Expression`1 predicate) в f:\AzureWeb\SciCenter-DevSource(3b2d1e68942d)\src\Orchard\Data\Repository.cs:строка 72
   в Contrib.Taxonomies.Services.TaxonomyService.DeleteAssociatedTerms(ContentItem contentItem) в f:\AzureWeb\SciCenter-DevSource(3b2d1e68942d)\src\Orchard.Web\Modules\Contrib.Taxonomies\Services\TaxonomyService.cs:строка 207
   в Contrib.Taxonomies.Handlers.TermPartHandler.<>c__DisplayClass8.<.ctor>b__0(RemoveContentContext context, IContent tags) в f:\AzureWeb\SciCenter-DevSource(3b2d1e68942d)\src\Orchard.Web\Modules\Contrib.Taxonomies\Handlers\TermPartHandler.cs:строка 18
   в Orchard.ContentManagement.Handlers.ContentHandler.InlineStorageFilter`1.Removed(RemoveContentContext context, TPart instance) в f:\AzureWeb\SciCenter-DevSource(3b2d1e68942d)\src\Orchard\ContentManagement\Handlers\ContentHandler.cs:строка 168
   в Orchard.ContentManagement.Handlers.StorageFilterBase`1.Orchard.ContentManagement.Handlers.IContentStorageFilter.Removed(RemoveContentContext context) в f:\AzureWeb\SciCenter-DevSource(3b2d1e68942d)\src\Orchard\ContentManagement\Handlers\StorageFilterBase.cs:строка 101
   в Orchard.ContentManagement.Handlers.ContentHandler.Orchard.ContentManagement.Handlers.IContentHandler.Removed(RemoveContentContext context) в f:\AzureWeb\SciCenter-DevSource(3b2d1e68942d)\src\Orchard\ContentManagement\Handlers\ContentHandler.cs:строка 298
   в Orchard.ContentManagement.DefaultContentManager.<>c__DisplayClass48.<Remove>b__47(IContentHandler handler) в f:\AzureWeb\SciCenter-DevSource(3b2d1e68942d)\src\Orchard\ContentManagement\DefaultContentManager.cs:строка 409
   в Orchard.InvokeExtensions.Invoke[TEvents](IEnumerable`1 events, Action`1 dispatch, ILogger logger) в f:\AzureWeb\SciCenter-DevSource(3b2d1e68942d)\src\Orchard\InvokeExtensions.cs:строка 17
2013-02-04 18:12:37,440 [47] Orchard.ContentManagement.Drivers.Coordinators.ContentFieldDriverCoordinator - NullReferenceException thrown from <>f__AnonymousType4`2 by <>f__AnonymousType4`2[[Orchard.ContentManagement.ContentPart, Orchard.Framework, Version=1.6.0.0, Culture=neutral, PublicKeyToken=null],[Contrib.Taxonomies.Fields.TaxonomyField, App_Web_1aiii34w, Version=1.0.0.0, Culture=neutral, PublicKeyToken=null]]
System.NullReferenceException: Ссылка на объект не указывает на экземпляр объекта.
   в Contrib.Taxonomies.Drivers.TaxonomyFieldDriver.Editor(ContentPart part, TaxonomyField field, Object shapeHelper) в f:\AzureWeb\SciCenter-DevSource(3b2d1e68942d)\src\Orchard.Web\Modules\Contrib.Taxonomies\Drivers\TaxonomyFieldDriver.cs:строка 64
   в System.Dynamic.UpdateDelegates.UpdateAndExecute4[T0,T1,T2,T3,TRet](CallSite site, T0 arg0, T1 arg1, T2 arg2, T3 arg3)
   в Orchard.ContentManagement.Drivers.ContentFieldDriver`1.<>c__DisplayClassd.<Orchard.ContentManagement.Drivers.IContentFieldDriver.BuildEditorShape>b__c(ContentPart part, TField field) в f:\AzureWeb\SciCenter-DevSource(3b2d1e68942d)\src\Orchard\ContentManagement\Drivers\ContentFieldDriver.cs:строка 34
   в Orchard.ContentManagement.Drivers.ContentFieldDriver`1.<>c__DisplayClass2d.<Process>b__2b(<>f__AnonymousType4`2 pf) в f:\AzureWeb\SciCenter-DevSource(3b2d1e68942d)\src\Orchard\ContentManagement\Drivers\ContentFieldDriver.cs:строка 86
   в Orchard.InvokeExtensions.<Invoke>d__0`2.MoveNext() в f:\AzureWeb\SciCenter-DevSource(3b2d1e68942d)\src\Orchard\InvokeExtensions.cs:строка 39
2013-02-04 18:12:37,445 [47] Orchard.ContentManagement.Drivers.Coordinators.ContentFieldDriverCoordinator - NullReferenceException thrown from <>f__AnonymousType4`2 by <>f__AnonymousType4`2[[Orchard.ContentManagement.ContentPart, Orchard.Framework, Version=1.6.0.0, Culture=neutral, PublicKeyToken=null],[Contrib.Taxonomies.Fields.TaxonomyField, App_Web_1aiii34w, Version=1.0.0.0, Culture=neutral, PublicKeyToken=null]]
System.NullReferenceException: Ссылка на объект не указывает на экземпляр объекта.
   в Contrib.Taxonomies.Drivers.TaxonomyFieldDriver.Editor(ContentPart part, TaxonomyField field, Object shapeHelper) в f:\AzureWeb\SciCenter-DevSource(3b2d1e68942d)\src\Orchard.Web\Modules\Contrib.Taxonomies\Drivers\TaxonomyFieldDriver.cs:строка 64
   в Orchard.ContentManagement.Drivers.ContentFieldDriver`1.<>c__DisplayClassd.<Orchard.ContentManagement.Drivers.IContentFieldDriver.BuildEditorShape>b__c(ContentPart part, TField field) в f:\AzureWeb\SciCenter-DevSource(3b2d1e68942d)\src\Orchard\ContentManagement\Drivers\ContentFieldDriver.cs:строка 34
   в Orchard.ContentManagement.Drivers.ContentFieldDriver`1.<>c__DisplayClass2d.<Process>b__2b(<>f__AnonymousType4`2 pf) в f:\AzureWeb\SciCenter-DevSource(3b2d1e68942d)\src\Orchard\ContentManagement\Drivers\ContentFieldDriver.cs:строка 86
   в Orchard.InvokeExtensions.<Invoke>d__0`2.MoveNext() в f:\AzureWeb\SciCenter-DevSource(3b2d1e68942d)\src\Orchard\InvokeExtensions.cs:строка 39
2013-02-04 18:12:37,449 [47] Orchard.ContentManagement.Drivers.Coordinators.ContentFieldDriverCoordinator - NullReferenceException thrown from <>f__AnonymousType4`2 by <>f__AnonymousType4`2[[Orchard.ContentManagement.ContentPart, Orchard.Framework, Version=1.6.0.0, Culture=neutral, PublicKeyToken=null],[Contrib.Taxonomies.Fields.TaxonomyField, App_Web_1aiii34w, Version=1.0.0.0, Culture=neutral, PublicKeyToken=null]]
System.NullReferenceException: Ссылка на объект не указывает на экземпляр объекта.
   в Contrib.Taxonomies.Drivers.TaxonomyFieldDriver.Editor(ContentPart part, TaxonomyField field, Object shapeHelper) в f:\AzureWeb\SciCenter-DevSource(3b2d1e68942d)\src\Orchard.Web\Modules\Contrib.Taxonomies\Drivers\TaxonomyFieldDriver.cs:строка 64
   в Orchard.ContentManagement.Drivers.ContentFieldDriver`1.<>c__DisplayClassd.<Orchard.ContentManagement.Drivers.IContentFieldDriver.BuildEditorShape>b__c(ContentPart part, TField field) в f:\AzureWeb\SciCenter-DevSource(3b2d1e68942d)\src\Orchard\ContentManagement\Drivers\ContentFieldDriver.cs:строка 34
   в Orchard.ContentManagement.Drivers.ContentFieldDriver`1.<>c__DisplayClass2d.<Process>b__2b(<>f__AnonymousType4`2 pf) в f:\AzureWeb\SciCenter-DevSource(3b2d1e68942d)\src\Orchard\ContentManagement\Drivers\ContentFieldDriver.cs:строка 86
   в Orchard.InvokeExtensions.<Invoke>d__0`2.MoveNext() в f:\AzureWeb\SciCenter-DevSource(3b2d1e68942d)\src\Orchard\InvokeExtensions.cs:строка 39
2013-02-04 18:35:07,706 [29] NHibernate.Util.ADOExceptionReporter - A parameter is missing. [ Parameter ordinal = 1 ]
2013-02-04 18:35:07,708 [29] NHibernate.Util.ADOExceptionReporter - A parameter is missing. [ Parameter ordinal = 1 ]
2013-02-04 18:35:07,709 [29] Orchard.ContentManagement.DefaultContentManager - GenericADOException thrown from IContentHandler by Contrib.Taxonomies.Handlers.TermPartHandler
NHibernate.Exceptions.GenericADOException: could not execute query
[ select termconten0_.Id as Id2_, termconten0_.Field as Field2_, termconten0_.TermRecord_id as TermRecord3_2_, termconten0_.TermsPartRecord_id as TermsPar4_2_ from Contrib_Taxonomies_TermContentItem termconten0_ inner join Contrib_Taxonomies_TermsPartRecord termspartr1_ on termconten0_.TermsPartRecord_id=termspartr1_.Id where termspartr1_.Id=@p0 ]
  Name:p1 - Value:Orchard.ContentManagement.Records.ContentItemRecord
[SQL: select termconten0_.Id as Id2_, termconten0_.Field as Field2_, termconten0_.TermRecord_id as TermRecord3_2_, termconten0_.TermsPartRecord_id as TermsPar4_2_ from Contrib_Taxonomies_TermContentItem termconten0_ inner join Contrib_Taxonomies_TermsPartRecord termspartr1_ on termconten0_.TermsPartRecord_id=termspartr1_.Id where termspartr1_.Id=@p0] ---> System.Data.SqlServerCe.SqlCeException: A parameter is missing. [ Parameter ordinal = 1 ]
   в System.Data.SqlServerCe.SqlCeDataReader.ProcessResults(Int32 hr)
   в System.Data.SqlServerCe.SqlCeDataReader.IsEndOfRowset(Int32 hr)
   в System.Data.SqlServerCe.SqlCeDataReader.Move(DIRECTION direction)
   в System.Data.SqlServerCe.SqlCeDataReader.Read()
   в NHibernate.Driver.NHybridDataReader.Read()
   в NHibernate.Loader.Loader.DoQuery(ISessionImplementor session, QueryParameters queryParameters, Boolean returnProxies)
   в NHibernate.Loader.Loader.DoQueryAndInitializeNonLazyCollections(ISessionImplementor session, QueryParameters queryParameters, Boolean returnProxies)
   в NHibernate.Loader.Loader.DoList(ISessionImplementor session, QueryParameters queryParameters)
   --- Конец трассировки внутреннего стека исключений ---
   в NHibernate.Loader.Loader.DoList(ISessionImplementor session, QueryParameters queryParameters)
   в NHibernate.Loader.Loader.ListIgnoreQueryCache(ISessionImplementor session, QueryParameters queryParameters)
   в NHibernate.Loader.Loader.List(ISessionImplementor session, QueryParameters queryParameters, ISet`1 querySpaces, IType[] resultTypes)
   в NHibernate.Hql.Ast.ANTLR.Loader.QueryLoader.List(ISessionImplementor session, QueryParameters queryParameters)
   в NHibernate.Hql.Ast.ANTLR.QueryTranslatorImpl.List(ISessionImplementor session, QueryParameters queryParameters)
   в NHibernate.Engine.Query.HQLQueryPlan.PerformList(QueryParameters queryParameters, ISessionImplementor session, IList results)
   в NHibernate.Impl.SessionImpl.List(IQueryExpression queryExpression, QueryParameters queryParameters, IList results)
   в NHibernate.Impl.AbstractSessionImpl.List(IQueryExpression queryExpression, QueryParameters parameters)
   в NHibernate.Impl.ExpressionQueryImpl.List()
   в NHibernate.Linq.DefaultQueryProvider.ExecuteQuery(NhLinqExpression nhLinqExpression, IQuery query, NhLinqExpression nhQuery)
   в NHibernate.Linq.DefaultQueryProvider.Execute(Expression expression)
   в NHibernate.Linq.DefaultQueryProvider.Execute[TResult](Expression expression)
   в Remotion.Linq.QueryableBase`1.GetEnumerator()
   в System.Collections.Generic.List`1..ctor(IEnumerable`1 collection)
   в System.Linq.Enumerable.ToList[TSource](IEnumerable`1 source)
   в Orchard.Utility.Extensions.ReadOnlyCollectionExtensions.ToReadOnlyCollection[T](IEnumerable`1 enumerable) в f:\AzureWeb\SciCenter-DevSource(3b2d1e68942d)\src\Orchard\Utility\Extensions\ReadOnlyCollectionExtensions.cs:строка 8
   в Orchard.Data.Repository`1.Orchard.Data.IRepository<T>.Fetch(Expression`1 predicate) в f:\AzureWeb\SciCenter-DevSource(3b2d1e68942d)\src\Orchard\Data\Repository.cs:строка 72
   в Contrib.Taxonomies.Services.TaxonomyService.DeleteAssociatedTerms(ContentItem contentItem) в f:\AzureWeb\SciCenter-DevSource(3b2d1e68942d)\src\Orchard.Web\Modules\Contrib.Taxonomies\Services\TaxonomyService.cs:строка 207
   в Contrib.Taxonomies.Handlers.TermPartHandler.<>c__DisplayClass8.<.ctor>b__0(RemoveContentContext context, IContent tags) в f:\AzureWeb\SciCenter-DevSource(3b2d1e68942d)\src\Orchard.Web\Modules\Contrib.Taxonomies\Handlers\TermPartHandler.cs:строка 18
   в Orchard.ContentManagement.Handlers.ContentHandler.InlineStorageFilter`1.Removed(RemoveContentContext context, TPart instance) в f:\AzureWeb\SciCenter-DevSource(3b2d1e68942d)\src\Orchard\ContentManagement\Handlers\ContentHandler.cs:строка 168
   в Orchard.ContentManagement.Handlers.StorageFilterBase`1.Orchard.ContentManagement.Handlers.IContentStorageFilter.Removed(RemoveContentContext context) в f:\AzureWeb\SciCenter-DevSource(3b2d1e68942d)\src\Orchard\ContentManagement\Handlers\StorageFilterBase.cs:строка 101
   в Orchard.ContentManagement.Handlers.ContentHandler.Orchard.ContentManagement.Handlers.IContentHandler.Removed(RemoveContentContext context) в f:\AzureWeb\SciCenter-DevSource(3b2d1e68942d)\src\Orchard\ContentManagement\Handlers\ContentHandler.cs:строка 298
   в Orchard.ContentManagement.DefaultContentManager.<>c__DisplayClass48.<Remove>b__47(IContentHandler handler) в f:\AzureWeb\SciCenter-DevSource(3b2d1e68942d)\src\Orchard\ContentManagement\DefaultContentManager.cs:строка 409
   в Orchard.InvokeExtensions.Invoke[TEvents](IEnumerable`1 events, Action`1 dispatch, ILogger logger) в f:\AzureWeb\SciCenter-DevSource(3b2d1e68942d)\src\Orchard\InvokeExtensions.cs:строка 17
2013-02-04 18:35:14,983 [48] NHibernate.Util.ADOExceptionReporter - A parameter is missing. [ Parameter ordinal = 1 ]
2013-02-04 18:35:14,985 [48] NHibernate.Util.ADOExceptionReporter - A parameter is missing. [ Parameter ordinal = 1 ]
2013-02-04 18:35:14,985 [48] Orchard.ContentManagement.DefaultContentManager - GenericADOException thrown from IContentHandler by Contrib.Taxonomies.Handlers.TermPartHandler
NHibernate.Exceptions.GenericADOException: could not execute query
[ select termconten0_.Id as Id2_, termconten0_.Field as Field2_, termconten0_.TermRecord_id as TermRecord3_2_, termconten0_.TermsPartRecord_id as TermsPar4_2_ from Contrib_Taxonomies_TermContentItem termconten0_ inner join Contrib_Taxonomies_TermsPartRecord termspartr1_ on termconten0_.TermsPartRecord_id=termspartr1_.Id where termspartr1_.Id=@p0 ]
  Name:p1 - Value:Orchard.ContentManagement.Records.ContentItemRecord
[SQL: select termconten0_.Id as Id2_, termconten0_.Field as Field2_, termconten0_.TermRecord_id as TermRecord3_2_, termconten0_.TermsPartRecord_id as TermsPar4_2_ from Contrib_Taxonomies_TermContentItem termconten0_ inner join Contrib_Taxonomies_TermsPartRecord termspartr1_ on termconten0_.TermsPartRecord_id=termspartr1_.Id where termspartr1_.Id=@p0] ---> System.Data.SqlServerCe.SqlCeException: A parameter is missing. [ Parameter ordinal = 1 ]
   в System.Data.SqlServerCe.SqlCeDataReader.ProcessResults(Int32 hr)
   в System.Data.SqlServerCe.SqlCeDataReader.IsEndOfRowset(Int32 hr)
   в System.Data.SqlServerCe.SqlCeDataReader.Move(DIRECTION direction)
   в System.Data.SqlServerCe.SqlCeDataReader.Read()
   в NHibernate.Driver.NHybridDataReader.Read()
   в NHibernate.Loader.Loader.DoQuery(ISessionImplementor session, QueryParameters queryParameters, Boolean returnProxies)
   в NHibernate.Loader.Loader.DoQueryAndInitializeNonLazyCollections(ISessionImplementor session, QueryParameters queryParameters, Boolean returnProxies)
   в NHibernate.Loader.Loader.DoList(ISessionImplementor session, QueryParameters queryParameters)
   --- Конец трассировки внутреннего стека исключений ---
   в NHibernate.Loader.Loader.DoList(ISessionImplementor session, QueryParameters queryParameters)
   в NHibernate.Loader.Loader.ListIgnoreQueryCache(ISessionImplementor session, QueryParameters queryParameters)
   в NHibernate.Loader.Loader.List(ISessionImplementor session, QueryParameters queryParameters, ISet`1 querySpaces, IType[] resultTypes)
   в NHibernate.Hql.Ast.ANTLR.Loader.QueryLoader.List(ISessionImplementor session, QueryParameters queryParameters)
   в NHibernate.Hql.Ast.ANTLR.QueryTranslatorImpl.List(ISessionImplementor session, QueryParameters queryParameters)
   в NHibernate.Engine.Query.HQLQueryPlan.PerformList(QueryParameters queryParameters, ISessionImplementor session, IList results)
   в NHibernate.Impl.SessionImpl.List(IQueryExpression queryExpression, QueryParameters queryParameters, IList results)
   в NHibernate.Impl.AbstractSessionImpl.List(IQueryExpression queryExpression, QueryParameters parameters)
   в NHibernate.Impl.ExpressionQueryImpl.List()
   в NHibernate.Linq.DefaultQueryProvider.ExecuteQuery(NhLinqExpression nhLinqExpression, IQuery query, NhLinqExpression nhQuery)
   в NHibernate.Linq.DefaultQueryProvider.Execute(Expression expression)
   в NHibernate.Linq.DefaultQueryProvider.Execute[TResult](Expression expression)
   в Remotion.Linq.QueryableBase`1.GetEnumerator()
   в System.Collections.Generic.List`1..ctor(IEnumerable`1 collection)
   в System.Linq.Enumerable.ToList[TSource](IEnumerable`1 source)
   в Orchard.Utility.Extensions.ReadOnlyCollectionExtensions.ToReadOnlyCollection[T](IEnumerable`1 enumerable) в f:\AzureWeb\SciCenter-DevSource(3b2d1e68942d)\src\Orchard\Utility\Extensions\ReadOnlyCollectionExtensions.cs:строка 8
   в Orchard.Data.Repository`1.Orchard.Data.IRepository<T>.Fetch(Expression`1 predicate) в f:\AzureWeb\SciCenter-DevSource(3b2d1e68942d)\src\Orchard\Data\Repository.cs:строка 72
   в Contrib.Taxonomies.Services.TaxonomyService.DeleteAssociatedTerms(ContentItem contentItem) в f:\AzureWeb\SciCenter-DevSource(3b2d1e68942d)\src\Orchard.Web\Modules\Contrib.Taxonomies\Services\TaxonomyService.cs:строка 207
   в Contrib.Taxonomies.Handlers.TermPartHandler.<>c__DisplayClass8.<.ctor>b__0(RemoveContentContext context, IContent tags) в f:\AzureWeb\SciCenter-DevSource(3b2d1e68942d)\src\Orchard.Web\Modules\Contrib.Taxonomies\Handlers\TermPartHandler.cs:строка 18
   в Orchard.ContentManagement.Handlers.ContentHandler.InlineStorageFilter`1.Removed(RemoveContentContext context, TPart instance) в f:\AzureWeb\SciCenter-DevSource(3b2d1e68942d)\src\Orchard\ContentManagement\Handlers\ContentHandler.cs:строка 168
   в Orchard.ContentManagement.Handlers.StorageFilterBase`1.Orchard.ContentManagement.Handlers.IContentStorageFilter.Removed(RemoveContentContext context) в f:\AzureWeb\SciCenter-DevSource(3b2d1e68942d)\src\Orchard\ContentManagement\Handlers\StorageFilterBase.cs:строка 101
   в Orchard.ContentManagement.Handlers.ContentHandler.Orchard.ContentManagement.Handlers.IContentHandler.Removed(RemoveContentContext context) в f:\AzureWeb\SciCenter-DevSource(3b2d1e68942d)\src\Orchard\ContentManagement\Handlers\ContentHandler.cs:строка 298
   в Orchard.ContentManagement.DefaultContentManager.<>c__DisplayClass48.<Remove>b__47(IContentHandler handler) в f:\AzureWeb\SciCenter-DevSource(3b2d1e68942d)\src\Orchard\ContentManagement\DefaultContentManager.cs:строка 409
   в Orchard.InvokeExtensions.Invoke[TEvents](IEnumerable`1 events, Action`1 dispatch, ILogger logger) в f:\AzureWeb\SciCenter-DevSource(3b2d1e68942d)\src\Orchard\InvokeExtensions.cs:строка 17
2013-02-04 18:35:22,183 [37] NHibernate.Util.ADOExceptionReporter - A parameter is missing. [ Parameter ordinal = 1 ]
2013-02-04 18:35:22,185 [37] NHibernate.Util.ADOExceptionReporter - A parameter is missing. [ Parameter ordinal = 1 ]
2013-02-04 18:35:22,185 [37] Orchard.ContentManagement.DefaultContentManager - GenericADOException thrown from IContentHandler by Contrib.Taxonomies.Handlers.TermPartHandler
NHibernate.Exceptions.GenericADOException: could not execute query
[ select termconten0_.Id as Id2_, termconten0_.Field as Field2_, termconten0_.TermRecord_id as TermRecord3_2_, termconten0_.TermsPartRecord_id as TermsPar4_2_ from Contrib_Taxonomies_TermContentItem termconten0_ inner join Contrib_Taxonomies_TermsPartRecord termspartr1_ on termconten0_.TermsPartRecord_id=termspartr1_.Id where termspartr1_.Id=@p0 ]
  Name:p1 - Value:Orchard.ContentManagement.Records.ContentItemRecord
[SQL: select termconten0_.Id as Id2_, termconten0_.Field as Field2_, termconten0_.TermRecord_id as TermRecord3_2_, termconten0_.TermsPartRecord_id as TermsPar4_2_ from Contrib_Taxonomies_TermContentItem termconten0_ inner join Contrib_Taxonomies_TermsPartRecord termspartr1_ on termconten0_.TermsPartRecord_id=termspartr1_.Id where termspartr1_.Id=@p0] ---> System.Data.SqlServerCe.SqlCeException: A parameter is missing. [ Parameter ordinal = 1 ]
   в System.Data.SqlServerCe.SqlCeDataReader.ProcessResults(Int32 hr)
   в System.Data.SqlServerCe.SqlCeDataReader.IsEndOfRowset(Int32 hr)
   в System.Data.SqlServerCe.SqlCeDataReader.Move(DIRECTION direction)
   в System.Data.SqlServerCe.SqlCeDataReader.Read()
   в NHibernate.Driver.NHybridDataReader.Read()
   в NHibernate.Loader.Loader.DoQuery(ISessionImplementor session, QueryParameters queryParameters, Boolean returnProxies)
   в NHibernate.Loader.Loader.DoQueryAndInitializeNonLazyCollections(ISessionImplementor session, QueryParameters queryParameters, Boolean returnProxies)
   в NHibernate.Loader.Loader.DoList(ISessionImplementor session, QueryParameters queryParameters)
   --- Конец трассировки внутреннего стека исключений ---
   в NHibernate.Loader.Loader.DoList(ISessionImplementor session, QueryParameters queryParameters)
   в NHibernate.Loader.Loader.ListIgnoreQueryCache(ISessionImplementor session, QueryParameters queryParameters)
   в NHibernate.Loader.Loader.List(ISessionImplementor session, QueryParameters queryParameters, ISet`1 querySpaces, IType[] resultTypes)
   в NHibernate.Hql.Ast.ANTLR.Loader.QueryLoader.List(ISessionImplementor session, QueryParameters queryParameters)
   в NHibernate.Hql.Ast.ANTLR.QueryTranslatorImpl.List(ISessionImplementor session, QueryParameters queryParameters)
   в NHibernate.Engine.Query.HQLQueryPlan.PerformList(QueryParameters queryParameters, ISessionImplementor session, IList results)
   в NHibernate.Impl.SessionImpl.List(IQueryExpression queryExpression, QueryParameters queryParameters, IList results)
   в NHibernate.Impl.AbstractSessionImpl.List(IQueryExpression queryExpression, QueryParameters parameters)
   в NHibernate.Impl.ExpressionQueryImpl.List()
   в NHibernate.Linq.DefaultQueryProvider.ExecuteQuery(NhLinqExpression nhLinqExpression, IQuery query, NhLinqExpression nhQuery)
   в NHibernate.Linq.DefaultQueryProvider.Execute(Expression expression)
   в NHibernate.Linq.DefaultQueryProvider.Execute[TResult](Expression expression)
   в Remotion.Linq.QueryableBase`1.GetEnumerator()
   в System.Collections.Generic.List`1..ctor(IEnumerable`1 collection)
   в System.Linq.Enumerable.ToList[TSource](IEnumerable`1 source)
   в Orchard.Utility.Extensions.ReadOnlyCollectionExtensions.ToReadOnlyCollection[T](IEnumerable`1 enumerable) в f:\AzureWeb\SciCenter-DevSource(3b2d1e68942d)\src\Orchard\Utility\Extensions\ReadOnlyCollectionExtensions.cs:строка 8
   в Orchard.Data.Repository`1.Orchard.Data.IRepository<T>.Fetch(Expression`1 predicate) в f:\AzureWeb\SciCenter-DevSource(3b2d1e68942d)\src\Orchard\Data\Repository.cs:строка 72
   в Contrib.Taxonomies.Services.TaxonomyService.DeleteAssociatedTerms(ContentItem contentItem) в f:\AzureWeb\SciCenter-DevSource(3b2d1e68942d)\src\Orchard.Web\Modules\Contrib.Taxonomies\Services\TaxonomyService.cs:строка 207
   в Contrib.Taxonomies.Handlers.TermPartHandler.<>c__DisplayClass8.<.ctor>b__0(RemoveContentContext context, IContent tags) в f:\AzureWeb\SciCenter-DevSource(3b2d1e68942d)\src\Orchard.Web\Modules\Contrib.Taxonomies\Handlers\TermPartHandler.cs:строка 18
   в Orchard.ContentManagement.Handlers.ContentHandler.InlineStorageFilter`1.Removed(RemoveContentContext context, TPart instance) в f:\AzureWeb\SciCenter-DevSource(3b2d1e68942d)\src\Orchard\ContentManagement\Handlers\ContentHandler.cs:строка 168
   в Orchard.ContentManagement.Handlers.StorageFilterBase`1.Orchard.ContentManagement.Handlers.IContentStorageFilter.Removed(RemoveContentContext context) в f:\AzureWeb\SciCenter-DevSource(3b2d1e68942d)\src\Orchard\ContentManagement\Handlers\StorageFilterBase.cs:строка 101
   в Orchard.ContentManagement.Handlers.ContentHandler.Orchard.ContentManagement.Handlers.IContentHandler.Removed(RemoveContentContext context) в f:\AzureWeb\SciCenter-DevSource(3b2d1e68942d)\src\Orchard\ContentManagement\Handlers\ContentHandler.cs:строка 298
   в Orchard.ContentManagement.DefaultContentManager.<>c__DisplayClass48.<Remove>b__47(IContentHandler handler) в f:\AzureWeb\SciCenter-DevSource(3b2d1e68942d)\src\Orchard\ContentManagement\DefaultContentManager.cs:строка 409
   в Orchard.InvokeExtensions.Invoke[TEvents](IEnumerable`1 events, Action`1 dispatch, ILogger logger) в f:\AzureWeb\SciCenter-DevSource(3b2d1e68942d)\src\Orchard\InvokeExtensions.cs:строка 17
