2013-02-15 21:22:09,972 [10] Orchard.Environment.Extensions.ExtensionManager - No suitable loader found for extension "Onestop.Disqus"
2013-02-15 21:22:09,989 [5] Orchard.Environment.Extensions.ExtensionManager - No suitable loader found for extension "Scicentr"
2013-02-15 21:50:26,865 [11] Orchard.Environment.Extensions.ExtensionManager - No suitable loader found for extension "Onestop.Disqus"
2013-02-15 21:50:26,868 [5] Orchard.Environment.Extensions.ExtensionManager - No suitable loader found for extension "Scicentr"
2013-02-15 22:48:09,690 [6] Orchard.Environment.Extensions.ExtensionManager - No suitable loader found for extension "Onestop.Disqus"
2013-02-15 22:48:09,704 [5] Orchard.Environment.Extensions.ExtensionManager - No suitable loader found for extension "Scicentr"
2013-02-15 23:03:22,730 [12] Orchard.Environment.Extensions.ExtensionManager - No suitable loader found for extension "Onestop.Disqus"
2013-02-15 23:03:22,737 [45] Orchard.Environment.Extensions.ExtensionManager - No suitable loader found for extension "Scicentr"
2013-02-15 23:09:18,877 [96] Orchard.Environment.Extensions.ExtensionManager - No suitable loader found for extension "Scicentr"
2013-02-15 23:09:19,634 [84] Orchard.Environment.Extensions.ExtensionManager - No suitable loader found for extension "Onestop.Disqus"
2013-02-15 23:09:21,276 [96] Orchard.Environment.DefaultAssemblyLoader - Error loading assembly 'ICSharpCode.SharpZipLib, Version=0.84.0.0, Culture=neutral, PublicKeyToken=1b03e6acf1164f73'
System.IO.FileNotFoundException: Could not load file or assembly 'ICSharpCode.SharpZipLib, Version=0.84.0.0, Culture=neutral, PublicKeyToken=1b03e6acf1164f73' or one of its dependencies. The system cannot find the file specified.
File name: 'ICSharpCode.SharpZipLib, Version=0.84.0.0, Culture=neutral, PublicKeyToken=1b03e6acf1164f73'
   at System.Reflection.RuntimeAssembly._nLoad(AssemblyName fileName, String codeBase, Evidence assemblySecurity, RuntimeAssembly locationHint, StackCrawlMark& stackMark, IntPtr pPrivHostBinder, Boolean throwOnFileNotFound, Boolean forIntrospection, Boolean suppressSecurityChecks)
   at System.Reflection.RuntimeAssembly.nLoad(AssemblyName fileName, String codeBase, Evidence assemblySecurity, RuntimeAssembly locationHint, StackCrawlMark& stackMark, IntPtr pPrivHostBinder, Boolean throwOnFileNotFound, Boolean forIntrospection, Boolean suppressSecurityChecks)
   at System.Reflection.RuntimeAssembly.InternalLoadAssemblyName(AssemblyName assemblyRef, Evidence assemblySecurity, RuntimeAssembly reqAssembly, StackCrawlMark& stackMark, IntPtr pPrivHostBinder, Boolean throwOnFileNotFound, Boolean forIntrospection, Boolean suppressSecurityChecks)
   at System.Reflection.RuntimeAssembly.InternalLoad(String assemblyString, Evidence assemblySecurity, StackCrawlMark& stackMark, IntPtr pPrivHostBinder, Boolean forIntrospection)
   at System.Reflection.RuntimeAssembly.InternalLoad(String assemblyString, Evidence assemblySecurity, StackCrawlMark& stackMark, Boolean forIntrospection)
   at System.Reflection.Assembly.Load(String assemblyString)
   at Orchard.Environment.DefaultAssemblyLoader.LoadWorker(String shortName, String fullName)
   at Orchard.Environment.DefaultAssemblyLoader.<>c__DisplayClass4.<Load>b__2(String shortName)
   at System.Collections.Concurrent.ConcurrentDictionary`2.GetOrAdd(TKey key, Func`2 valueFactory)
   at Orchard.Environment.DefaultAssemblyLoader.Load(String assemblyName)

WRN: Assembly binding logging is turned OFF.
To enable assembly bind failure logging, set the registry value [HKLM\Software\Microsoft\Fusion!EnableLog] (DWORD) to 1.
Note: There is some performance penalty associated with assembly bind failure logging.
To turn this feature off, remove the registry value [HKLM\Software\Microsoft\Fusion!EnableLog].

2013-02-15 23:09:21,280 [96] Orchard.Environment.Extensions.Compilers.DefaultExtensionCompiler - Assembly reference 'ICSharpCode.SharpZipLib, Version=0.84.0.0, Culture=neutral, PublicKeyToken=1b03e6acf1164f73' for project '/Modules/Vandelay.Industries/Vandelay.Industries.csproj' cannot be loaded
2013-02-15 23:09:21,355 [96] Orchard.Environment.DefaultAssemblyLoader - Error loading assembly 'ICSharpCode.SharpZipLib, Version=0.84.0.0, Culture=neutral, PublicKeyToken=1b03e6acf1164f73'
System.IO.FileNotFoundException: Could not load file or assembly 'ICSharpCode.SharpZipLib, Version=0.84.0.0, Culture=neutral, PublicKeyToken=1b03e6acf1164f73' or one of its dependencies. The system cannot find the file specified.
File name: 'ICSharpCode.SharpZipLib, Version=0.84.0.0, Culture=neutral, PublicKeyToken=1b03e6acf1164f73'
   at System.Reflection.RuntimeAssembly._nLoad(AssemblyName fileName, String codeBase, Evidence assemblySecurity, RuntimeAssembly locationHint, StackCrawlMark& stackMark, IntPtr pPrivHostBinder, Boolean throwOnFileNotFound, Boolean forIntrospection, Boolean suppressSecurityChecks)
   at System.Reflection.RuntimeAssembly.nLoad(AssemblyName fileName, String codeBase, Evidence assemblySecurity, RuntimeAssembly locationHint, StackCrawlMark& stackMark, IntPtr pPrivHostBinder, Boolean throwOnFileNotFound, Boolean forIntrospection, Boolean suppressSecurityChecks)
   at System.Reflection.RuntimeAssembly.InternalLoadAssemblyName(AssemblyName assemblyRef, Evidence assemblySecurity, RuntimeAssembly reqAssembly, StackCrawlMark& stackMark, IntPtr pPrivHostBinder, Boolean throwOnFileNotFound, Boolean forIntrospection, Boolean suppressSecurityChecks)
   at System.Reflection.RuntimeAssembly.InternalLoad(String assemblyString, Evidence assemblySecurity, StackCrawlMark& stackMark, IntPtr pPrivHostBinder, Boolean forIntrospection)
   at System.Reflection.RuntimeAssembly.InternalLoad(String assemblyString, Evidence assemblySecurity, StackCrawlMark& stackMark, Boolean forIntrospection)
   at System.Reflection.Assembly.Load(String assemblyString)
   at Orchard.Environment.DefaultAssemblyLoader.LoadWorker(String shortName, String fullName)
   at Orchard.Environment.DefaultAssemblyLoader.<>c__DisplayClass4.<Load>b__2(String shortName)
   at System.Collections.Concurrent.ConcurrentDictionary`2.GetOrAdd(TKey key, Func`2 valueFactory)
   at Orchard.Environment.DefaultAssemblyLoader.Load(String assemblyName)

WRN: Assembly binding logging is turned OFF.
To enable assembly bind failure logging, set the registry value [HKLM\Software\Microsoft\Fusion!EnableLog] (DWORD) to 1.
Note: There is some performance penalty associated with assembly bind failure logging.
To turn this feature off, remove the registry value [HKLM\Software\Microsoft\Fusion!EnableLog].

2013-02-15 23:09:21,356 [96] Orchard.Environment.Extensions.Compilers.DefaultExtensionCompiler - Assembly reference 'ICSharpCode.SharpZipLib, Version=0.84.0.0, Culture=neutral, PublicKeyToken=1b03e6acf1164f73' for project '/Modules/Vandelay.Industries/Vandelay.Industries.csproj' cannot be loaded
2013-02-15 23:09:21,435 [96] Orchard.Environment.DefaultAssemblyLoader - Error loading assembly 'ICSharpCode.SharpZipLib, Version=0.84.0.0, Culture=neutral, PublicKeyToken=1b03e6acf1164f73'
System.IO.FileNotFoundException: Could not load file or assembly 'ICSharpCode.SharpZipLib, Version=0.84.0.0, Culture=neutral, PublicKeyToken=1b03e6acf1164f73' or one of its dependencies. The system cannot find the file specified.
File name: 'ICSharpCode.SharpZipLib, Version=0.84.0.0, Culture=neutral, PublicKeyToken=1b03e6acf1164f73'
   at System.Reflection.RuntimeAssembly._nLoad(AssemblyName fileName, String codeBase, Evidence assemblySecurity, RuntimeAssembly locationHint, StackCrawlMark& stackMark, IntPtr pPrivHostBinder, Boolean throwOnFileNotFound, Boolean forIntrospection, Boolean suppressSecurityChecks)
   at System.Reflection.RuntimeAssembly.nLoad(AssemblyName fileName, String codeBase, Evidence assemblySecurity, RuntimeAssembly locationHint, StackCrawlMark& stackMark, IntPtr pPrivHostBinder, Boolean throwOnFileNotFound, Boolean forIntrospection, Boolean suppressSecurityChecks)
   at System.Reflection.RuntimeAssembly.InternalLoadAssemblyName(AssemblyName assemblyRef, Evidence assemblySecurity, RuntimeAssembly reqAssembly, StackCrawlMark& stackMark, IntPtr pPrivHostBinder, Boolean throwOnFileNotFound, Boolean forIntrospection, Boolean suppressSecurityChecks)
   at System.Reflection.RuntimeAssembly.InternalLoad(String assemblyString, Evidence assemblySecurity, StackCrawlMark& stackMark, IntPtr pPrivHostBinder, Boolean forIntrospection)
   at System.Reflection.RuntimeAssembly.InternalLoad(String assemblyString, Evidence assemblySecurity, StackCrawlMark& stackMark, Boolean forIntrospection)
   at System.Reflection.Assembly.Load(String assemblyString)
   at Orchard.Environment.DefaultAssemblyLoader.LoadWorker(String shortName, String fullName)
   at Orchard.Environment.DefaultAssemblyLoader.<>c__DisplayClass4.<Load>b__2(String shortName)
   at System.Collections.Concurrent.ConcurrentDictionary`2.GetOrAdd(TKey key, Func`2 valueFactory)
   at Orchard.Environment.DefaultAssemblyLoader.Load(String assemblyName)

WRN: Assembly binding logging is turned OFF.
To enable assembly bind failure logging, set the registry value [HKLM\Software\Microsoft\Fusion!EnableLog] (DWORD) to 1.
Note: There is some performance penalty associated with assembly bind failure logging.
To turn this feature off, remove the registry value [HKLM\Software\Microsoft\Fusion!EnableLog].

2013-02-15 23:09:21,436 [96] Orchard.Environment.Extensions.Compilers.DefaultExtensionCompiler - Assembly reference 'ICSharpCode.SharpZipLib, Version=0.84.0.0, Culture=neutral, PublicKeyToken=1b03e6acf1164f73' for project '/Modules/Vandelay.Industries/Vandelay.Industries.csproj' cannot be loaded
2013-02-15 23:09:21,516 [96] Orchard.Environment.DefaultAssemblyLoader - Error loading assembly 'ICSharpCode.SharpZipLib, Version=0.84.0.0, Culture=neutral, PublicKeyToken=1b03e6acf1164f73'
System.IO.FileNotFoundException: Could not load file or assembly 'ICSharpCode.SharpZipLib, Version=0.84.0.0, Culture=neutral, PublicKeyToken=1b03e6acf1164f73' or one of its dependencies. The system cannot find the file specified.
File name: 'ICSharpCode.SharpZipLib, Version=0.84.0.0, Culture=neutral, PublicKeyToken=1b03e6acf1164f73'
   at System.Reflection.RuntimeAssembly._nLoad(AssemblyName fileName, String codeBase, Evidence assemblySecurity, RuntimeAssembly locationHint, StackCrawlMark& stackMark, IntPtr pPrivHostBinder, Boolean throwOnFileNotFound, Boolean forIntrospection, Boolean suppressSecurityChecks)
   at System.Reflection.RuntimeAssembly.nLoad(AssemblyName fileName, String codeBase, Evidence assemblySecurity, RuntimeAssembly locationHint, StackCrawlMark& stackMark, IntPtr pPrivHostBinder, Boolean throwOnFileNotFound, Boolean forIntrospection, Boolean suppressSecurityChecks)
   at System.Reflection.RuntimeAssembly.InternalLoadAssemblyName(AssemblyName assemblyRef, Evidence assemblySecurity, RuntimeAssembly reqAssembly, StackCrawlMark& stackMark, IntPtr pPrivHostBinder, Boolean throwOnFileNotFound, Boolean forIntrospection, Boolean suppressSecurityChecks)
   at System.Reflection.RuntimeAssembly.InternalLoad(String assemblyString, Evidence assemblySecurity, StackCrawlMark& stackMark, IntPtr pPrivHostBinder, Boolean forIntrospection)
   at System.Reflection.RuntimeAssembly.InternalLoad(String assemblyString, Evidence assemblySecurity, StackCrawlMark& stackMark, Boolean forIntrospection)
   at System.Reflection.Assembly.Load(String assemblyString)
   at Orchard.Environment.DefaultAssemblyLoader.LoadWorker(String shortName, String fullName)
   at Orchard.Environment.DefaultAssemblyLoader.<>c__DisplayClass4.<Load>b__2(String shortName)
   at System.Collections.Concurrent.ConcurrentDictionary`2.GetOrAdd(TKey key, Func`2 valueFactory)
   at Orchard.Environment.DefaultAssemblyLoader.Load(String assemblyName)

WRN: Assembly binding logging is turned OFF.
To enable assembly bind failure logging, set the registry value [HKLM\Software\Microsoft\Fusion!EnableLog] (DWORD) to 1.
Note: There is some performance penalty associated with assembly bind failure logging.
To turn this feature off, remove the registry value [HKLM\Software\Microsoft\Fusion!EnableLog].

2013-02-15 23:09:21,516 [96] Orchard.Environment.Extensions.Compilers.DefaultExtensionCompiler - Assembly reference 'ICSharpCode.SharpZipLib, Version=0.84.0.0, Culture=neutral, PublicKeyToken=1b03e6acf1164f73' for project '/Modules/Vandelay.Industries/Vandelay.Industries.csproj' cannot be loaded
2013-02-15 23:09:21,606 [96] Orchard.Environment.DefaultAssemblyLoader - Error loading assembly 'ICSharpCode.SharpZipLib, Version=0.84.0.0, Culture=neutral, PublicKeyToken=1b03e6acf1164f73'
System.IO.FileNotFoundException: Could not load file or assembly 'ICSharpCode.SharpZipLib, Version=0.84.0.0, Culture=neutral, PublicKeyToken=1b03e6acf1164f73' or one of its dependencies. The system cannot find the file specified.
File name: 'ICSharpCode.SharpZipLib, Version=0.84.0.0, Culture=neutral, PublicKeyToken=1b03e6acf1164f73'
   at System.Reflection.RuntimeAssembly._nLoad(AssemblyName fileName, String codeBase, Evidence assemblySecurity, RuntimeAssembly locationHint, StackCrawlMark& stackMark, IntPtr pPrivHostBinder, Boolean throwOnFileNotFound, Boolean forIntrospection, Boolean suppressSecurityChecks)
   at System.Reflection.RuntimeAssembly.nLoad(AssemblyName fileName, String codeBase, Evidence assemblySecurity, RuntimeAssembly locationHint, StackCrawlMark& stackMark, IntPtr pPrivHostBinder, Boolean throwOnFileNotFound, Boolean forIntrospection, Boolean suppressSecurityChecks)
   at System.Reflection.RuntimeAssembly.InternalLoadAssemblyName(AssemblyName assemblyRef, Evidence assemblySecurity, RuntimeAssembly reqAssembly, StackCrawlMark& stackMark, IntPtr pPrivHostBinder, Boolean throwOnFileNotFound, Boolean forIntrospection, Boolean suppressSecurityChecks)
   at System.Reflection.RuntimeAssembly.InternalLoad(String assemblyString, Evidence assemblySecurity, StackCrawlMark& stackMark, IntPtr pPrivHostBinder, Boolean forIntrospection)
   at System.Reflection.RuntimeAssembly.InternalLoad(String assemblyString, Evidence assemblySecurity, StackCrawlMark& stackMark, Boolean forIntrospection)
   at System.Reflection.Assembly.Load(String assemblyString)
   at Orchard.Environment.DefaultAssemblyLoader.LoadWorker(String shortName, String fullName)
   at Orchard.Environment.DefaultAssemblyLoader.<>c__DisplayClass4.<Load>b__2(String shortName)
   at System.Collections.Concurrent.ConcurrentDictionary`2.GetOrAdd(TKey key, Func`2 valueFactory)
   at Orchard.Environment.DefaultAssemblyLoader.Load(String assemblyName)

WRN: Assembly binding logging is turned OFF.
To enable assembly bind failure logging, set the registry value [HKLM\Software\Microsoft\Fusion!EnableLog] (DWORD) to 1.
Note: There is some performance penalty associated with assembly bind failure logging.
To turn this feature off, remove the registry value [HKLM\Software\Microsoft\Fusion!EnableLog].

2013-02-15 23:09:21,607 [96] Orchard.Environment.Extensions.Compilers.DefaultExtensionCompiler - Assembly reference 'ICSharpCode.SharpZipLib, Version=0.84.0.0, Culture=neutral, PublicKeyToken=1b03e6acf1164f73' for project '/Modules/Vandelay.Industries/Vandelay.Industries.csproj' cannot be loaded
2013-02-15 23:09:21,686 [96] Orchard.Environment.DefaultAssemblyLoader - Error loading assembly 'ICSharpCode.SharpZipLib, Version=0.84.0.0, Culture=neutral, PublicKeyToken=1b03e6acf1164f73'
System.IO.FileNotFoundException: Could not load file or assembly 'ICSharpCode.SharpZipLib, Version=0.84.0.0, Culture=neutral, PublicKeyToken=1b03e6acf1164f73' or one of its dependencies. The system cannot find the file specified.
File name: 'ICSharpCode.SharpZipLib, Version=0.84.0.0, Culture=neutral, PublicKeyToken=1b03e6acf1164f73'
   at System.Reflection.RuntimeAssembly._nLoad(AssemblyName fileName, String codeBase, Evidence assemblySecurity, RuntimeAssembly locationHint, StackCrawlMark& stackMark, IntPtr pPrivHostBinder, Boolean throwOnFileNotFound, Boolean forIntrospection, Boolean suppressSecurityChecks)
   at System.Reflection.RuntimeAssembly.nLoad(AssemblyName fileName, String codeBase, Evidence assemblySecurity, RuntimeAssembly locationHint, StackCrawlMark& stackMark, IntPtr pPrivHostBinder, Boolean throwOnFileNotFound, Boolean forIntrospection, Boolean suppressSecurityChecks)
   at System.Reflection.RuntimeAssembly.InternalLoadAssemblyName(AssemblyName assemblyRef, Evidence assemblySecurity, RuntimeAssembly reqAssembly, StackCrawlMark& stackMark, IntPtr pPrivHostBinder, Boolean throwOnFileNotFound, Boolean forIntrospection, Boolean suppressSecurityChecks)
   at System.Reflection.RuntimeAssembly.InternalLoad(String assemblyString, Evidence assemblySecurity, StackCrawlMark& stackMark, IntPtr pPrivHostBinder, Boolean forIntrospection)
   at System.Reflection.RuntimeAssembly.InternalLoad(String assemblyString, Evidence assemblySecurity, StackCrawlMark& stackMark, Boolean forIntrospection)
   at System.Reflection.Assembly.Load(String assemblyString)
   at Orchard.Environment.DefaultAssemblyLoader.LoadWorker(String shortName, String fullName)
   at Orchard.Environment.DefaultAssemblyLoader.<>c__DisplayClass4.<Load>b__2(String shortName)
   at System.Collections.Concurrent.ConcurrentDictionary`2.GetOrAdd(TKey key, Func`2 valueFactory)
   at Orchard.Environment.DefaultAssemblyLoader.Load(String assemblyName)

WRN: Assembly binding logging is turned OFF.
To enable assembly bind failure logging, set the registry value [HKLM\Software\Microsoft\Fusion!EnableLog] (DWORD) to 1.
Note: There is some performance penalty associated with assembly bind failure logging.
To turn this feature off, remove the registry value [HKLM\Software\Microsoft\Fusion!EnableLog].

2013-02-15 23:09:21,687 [96] Orchard.Environment.Extensions.Compilers.DefaultExtensionCompiler - Assembly reference 'ICSharpCode.SharpZipLib, Version=0.84.0.0, Culture=neutral, PublicKeyToken=1b03e6acf1164f73' for project '/Modules/Vandelay.Industries/Vandelay.Industries.csproj' cannot be loaded
2013-02-15 23:09:21,770 [96] Orchard.Environment.DefaultAssemblyLoader - Error loading assembly 'ICSharpCode.SharpZipLib, Version=0.84.0.0, Culture=neutral, PublicKeyToken=1b03e6acf1164f73'
System.IO.FileNotFoundException: Could not load file or assembly 'ICSharpCode.SharpZipLib, Version=0.84.0.0, Culture=neutral, PublicKeyToken=1b03e6acf1164f73' or one of its dependencies. The system cannot find the file specified.
File name: 'ICSharpCode.SharpZipLib, Version=0.84.0.0, Culture=neutral, PublicKeyToken=1b03e6acf1164f73'
   at System.Reflection.RuntimeAssembly._nLoad(AssemblyName fileName, String codeBase, Evidence assemblySecurity, RuntimeAssembly locationHint, StackCrawlMark& stackMark, IntPtr pPrivHostBinder, Boolean throwOnFileNotFound, Boolean forIntrospection, Boolean suppressSecurityChecks)
   at System.Reflection.RuntimeAssembly.nLoad(AssemblyName fileName, String codeBase, Evidence assemblySecurity, RuntimeAssembly locationHint, StackCrawlMark& stackMark, IntPtr pPrivHostBinder, Boolean throwOnFileNotFound, Boolean forIntrospection, Boolean suppressSecurityChecks)
   at System.Reflection.RuntimeAssembly.InternalLoadAssemblyName(AssemblyName assemblyRef, Evidence assemblySecurity, RuntimeAssembly reqAssembly, StackCrawlMark& stackMark, IntPtr pPrivHostBinder, Boolean throwOnFileNotFound, Boolean forIntrospection, Boolean suppressSecurityChecks)
   at System.Reflection.RuntimeAssembly.InternalLoad(String assemblyString, Evidence assemblySecurity, StackCrawlMark& stackMark, IntPtr pPrivHostBinder, Boolean forIntrospection)
   at System.Reflection.RuntimeAssembly.InternalLoad(String assemblyString, Evidence assemblySecurity, StackCrawlMark& stackMark, Boolean forIntrospection)
   at System.Reflection.Assembly.Load(String assemblyString)
   at Orchard.Environment.DefaultAssemblyLoader.LoadWorker(String shortName, String fullName)
   at Orchard.Environment.DefaultAssemblyLoader.<>c__DisplayClass4.<Load>b__2(String shortName)
   at System.Collections.Concurrent.ConcurrentDictionary`2.GetOrAdd(TKey key, Func`2 valueFactory)
   at Orchard.Environment.DefaultAssemblyLoader.Load(String assemblyName)

WRN: Assembly binding logging is turned OFF.
To enable assembly bind failure logging, set the registry value [HKLM\Software\Microsoft\Fusion!EnableLog] (DWORD) to 1.
Note: There is some performance penalty associated with assembly bind failure logging.
To turn this feature off, remove the registry value [HKLM\Software\Microsoft\Fusion!EnableLog].

2013-02-15 23:09:21,771 [96] Orchard.Environment.Extensions.Compilers.DefaultExtensionCompiler - Assembly reference 'ICSharpCode.SharpZipLib, Version=0.84.0.0, Culture=neutral, PublicKeyToken=1b03e6acf1164f73' for project '/Modules/Vandelay.Industries/Vandelay.Industries.csproj' cannot be loaded
2013-02-15 23:09:21,850 [96] Orchard.Environment.DefaultAssemblyLoader - Error loading assembly 'ICSharpCode.SharpZipLib, Version=0.84.0.0, Culture=neutral, PublicKeyToken=1b03e6acf1164f73'
System.IO.FileNotFoundException: Could not load file or assembly 'ICSharpCode.SharpZipLib, Version=0.84.0.0, Culture=neutral, PublicKeyToken=1b03e6acf1164f73' or one of its dependencies. The system cannot find the file specified.
File name: 'ICSharpCode.SharpZipLib, Version=0.84.0.0, Culture=neutral, PublicKeyToken=1b03e6acf1164f73'
   at System.Reflection.RuntimeAssembly._nLoad(AssemblyName fileName, String codeBase, Evidence assemblySecurity, RuntimeAssembly locationHint, StackCrawlMark& stackMark, IntPtr pPrivHostBinder, Boolean throwOnFileNotFound, Boolean forIntrospection, Boolean suppressSecurityChecks)
   at System.Reflection.RuntimeAssembly.nLoad(AssemblyName fileName, String codeBase, Evidence assemblySecurity, RuntimeAssembly locationHint, StackCrawlMark& stackMark, IntPtr pPrivHostBinder, Boolean throwOnFileNotFound, Boolean forIntrospection, Boolean suppressSecurityChecks)
   at System.Reflection.RuntimeAssembly.InternalLoadAssemblyName(AssemblyName assemblyRef, Evidence assemblySecurity, RuntimeAssembly reqAssembly, StackCrawlMark& stackMark, IntPtr pPrivHostBinder, Boolean throwOnFileNotFound, Boolean forIntrospection, Boolean suppressSecurityChecks)
   at System.Reflection.RuntimeAssembly.InternalLoad(String assemblyString, Evidence assemblySecurity, StackCrawlMark& stackMark, IntPtr pPrivHostBinder, Boolean forIntrospection)
   at System.Reflection.RuntimeAssembly.InternalLoad(String assemblyString, Evidence assemblySecurity, StackCrawlMark& stackMark, Boolean forIntrospection)
   at System.Reflection.Assembly.Load(String assemblyString)
   at Orchard.Environment.DefaultAssemblyLoader.LoadWorker(String shortName, String fullName)
   at Orchard.Environment.DefaultAssemblyLoader.<>c__DisplayClass4.<Load>b__2(String shortName)
   at System.Collections.Concurrent.ConcurrentDictionary`2.GetOrAdd(TKey key, Func`2 valueFactory)
   at Orchard.Environment.DefaultAssemblyLoader.Load(String assemblyName)

WRN: Assembly binding logging is turned OFF.
To enable assembly bind failure logging, set the registry value [HKLM\Software\Microsoft\Fusion!EnableLog] (DWORD) to 1.
Note: There is some performance penalty associated with assembly bind failure logging.
To turn this feature off, remove the registry value [HKLM\Software\Microsoft\Fusion!EnableLog].

2013-02-15 23:09:21,851 [96] Orchard.Environment.Extensions.Compilers.DefaultExtensionCompiler - Assembly reference 'ICSharpCode.SharpZipLib, Version=0.84.0.0, Culture=neutral, PublicKeyToken=1b03e6acf1164f73' for project '/Modules/Vandelay.Industries/Vandelay.Industries.csproj' cannot be loaded
2013-02-15 23:09:21,938 [96] Orchard.Environment.DefaultAssemblyLoader - Error loading assembly 'ICSharpCode.SharpZipLib, Version=0.84.0.0, Culture=neutral, PublicKeyToken=1b03e6acf1164f73'
System.IO.FileNotFoundException: Could not load file or assembly 'ICSharpCode.SharpZipLib, Version=0.84.0.0, Culture=neutral, PublicKeyToken=1b03e6acf1164f73' or one of its dependencies. The system cannot find the file specified.
File name: 'ICSharpCode.SharpZipLib, Version=0.84.0.0, Culture=neutral, PublicKeyToken=1b03e6acf1164f73'
   at System.Reflection.RuntimeAssembly._nLoad(AssemblyName fileName, String codeBase, Evidence assemblySecurity, RuntimeAssembly locationHint, StackCrawlMark& stackMark, IntPtr pPrivHostBinder, Boolean throwOnFileNotFound, Boolean forIntrospection, Boolean suppressSecurityChecks)
   at System.Reflection.RuntimeAssembly.nLoad(AssemblyName fileName, String codeBase, Evidence assemblySecurity, RuntimeAssembly locationHint, StackCrawlMark& stackMark, IntPtr pPrivHostBinder, Boolean throwOnFileNotFound, Boolean forIntrospection, Boolean suppressSecurityChecks)
   at System.Reflection.RuntimeAssembly.InternalLoadAssemblyName(AssemblyName assemblyRef, Evidence assemblySecurity, RuntimeAssembly reqAssembly, StackCrawlMark& stackMark, IntPtr pPrivHostBinder, Boolean throwOnFileNotFound, Boolean forIntrospection, Boolean suppressSecurityChecks)
   at System.Reflection.RuntimeAssembly.InternalLoad(String assemblyString, Evidence assemblySecurity, StackCrawlMark& stackMark, IntPtr pPrivHostBinder, Boolean forIntrospection)
   at System.Reflection.RuntimeAssembly.InternalLoad(String assemblyString, Evidence assemblySecurity, StackCrawlMark& stackMark, Boolean forIntrospection)
   at System.Reflection.Assembly.Load(String assemblyString)
   at Orchard.Environment.DefaultAssemblyLoader.LoadWorker(String shortName, String fullName)
   at Orchard.Environment.DefaultAssemblyLoader.<>c__DisplayClass4.<Load>b__2(String shortName)
   at System.Collections.Concurrent.ConcurrentDictionary`2.GetOrAdd(TKey key, Func`2 valueFactory)
   at Orchard.Environment.DefaultAssemblyLoader.Load(String assemblyName)

WRN: Assembly binding logging is turned OFF.
To enable assembly bind failure logging, set the registry value [HKLM\Software\Microsoft\Fusion!EnableLog] (DWORD) to 1.
Note: There is some performance penalty associated with assembly bind failure logging.
To turn this feature off, remove the registry value [HKLM\Software\Microsoft\Fusion!EnableLog].

2013-02-15 23:09:21,939 [96] Orchard.Environment.Extensions.Compilers.DefaultExtensionCompiler - Assembly reference 'ICSharpCode.SharpZipLib, Version=0.84.0.0, Culture=neutral, PublicKeyToken=1b03e6acf1164f73' for project '/Modules/Vandelay.Industries/Vandelay.Industries.csproj' cannot be loaded
2013-02-15 23:09:22,020 [96] Orchard.Environment.DefaultAssemblyLoader - Error loading assembly 'ICSharpCode.SharpZipLib, Version=0.84.0.0, Culture=neutral, PublicKeyToken=1b03e6acf1164f73'
System.IO.FileNotFoundException: Could not load file or assembly 'ICSharpCode.SharpZipLib, Version=0.84.0.0, Culture=neutral, PublicKeyToken=1b03e6acf1164f73' or one of its dependencies. The system cannot find the file specified.
File name: 'ICSharpCode.SharpZipLib, Version=0.84.0.0, Culture=neutral, PublicKeyToken=1b03e6acf1164f73'
   at System.Reflection.RuntimeAssembly._nLoad(AssemblyName fileName, String codeBase, Evidence assemblySecurity, RuntimeAssembly locationHint, StackCrawlMark& stackMark, IntPtr pPrivHostBinder, Boolean throwOnFileNotFound, Boolean forIntrospection, Boolean suppressSecurityChecks)
   at System.Reflection.RuntimeAssembly.nLoad(AssemblyName fileName, String codeBase, Evidence assemblySecurity, RuntimeAssembly locationHint, StackCrawlMark& stackMark, IntPtr pPrivHostBinder, Boolean throwOnFileNotFound, Boolean forIntrospection, Boolean suppressSecurityChecks)
   at System.Reflection.RuntimeAssembly.InternalLoadAssemblyName(AssemblyName assemblyRef, Evidence assemblySecurity, RuntimeAssembly reqAssembly, StackCrawlMark& stackMark, IntPtr pPrivHostBinder, Boolean throwOnFileNotFound, Boolean forIntrospection, Boolean suppressSecurityChecks)
   at System.Reflection.RuntimeAssembly.InternalLoad(String assemblyString, Evidence assemblySecurity, StackCrawlMark& stackMark, IntPtr pPrivHostBinder, Boolean forIntrospection)
   at System.Reflection.RuntimeAssembly.InternalLoad(String assemblyString, Evidence assemblySecurity, StackCrawlMark& stackMark, Boolean forIntrospection)
   at System.Reflection.Assembly.Load(String assemblyString)
   at Orchard.Environment.DefaultAssemblyLoader.LoadWorker(String shortName, String fullName)
   at Orchard.Environment.DefaultAssemblyLoader.<>c__DisplayClass4.<Load>b__2(String shortName)
   at System.Collections.Concurrent.ConcurrentDictionary`2.GetOrAdd(TKey key, Func`2 valueFactory)
   at Orchard.Environment.DefaultAssemblyLoader.Load(String assemblyName)

WRN: Assembly binding logging is turned OFF.
To enable assembly bind failure logging, set the registry value [HKLM\Software\Microsoft\Fusion!EnableLog] (DWORD) to 1.
Note: There is some performance penalty associated with assembly bind failure logging.
To turn this feature off, remove the registry value [HKLM\Software\Microsoft\Fusion!EnableLog].

2013-02-15 23:09:22,021 [96] Orchard.Environment.Extensions.Compilers.DefaultExtensionCompiler - Assembly reference 'ICSharpCode.SharpZipLib, Version=0.84.0.0, Culture=neutral, PublicKeyToken=1b03e6acf1164f73' for project '/Modules/Vandelay.Industries/Vandelay.Industries.csproj' cannot be loaded
2013-02-15 23:09:29,649 [44] Orchard.Environment.DefaultAssemblyLoader - Error loading assembly 'ICSharpCode.SharpZipLib, Version=0.84.0.0, Culture=neutral, PublicKeyToken=1b03e6acf1164f73'
System.IO.FileNotFoundException: Could not load file or assembly 'ICSharpCode.SharpZipLib, Version=0.84.0.0, Culture=neutral, PublicKeyToken=1b03e6acf1164f73' or one of its dependencies. The system cannot find the file specified.
File name: 'ICSharpCode.SharpZipLib, Version=0.84.0.0, Culture=neutral, PublicKeyToken=1b03e6acf1164f73'
   at System.Reflection.RuntimeAssembly._nLoad(AssemblyName fileName, String codeBase, Evidence assemblySecurity, RuntimeAssembly locationHint, StackCrawlMark& stackMark, IntPtr pPrivHostBinder, Boolean throwOnFileNotFound, Boolean forIntrospection, Boolean suppressSecurityChecks)
   at System.Reflection.RuntimeAssembly.nLoad(AssemblyName fileName, String codeBase, Evidence assemblySecurity, RuntimeAssembly locationHint, StackCrawlMark& stackMark, IntPtr pPrivHostBinder, Boolean throwOnFileNotFound, Boolean forIntrospection, Boolean suppressSecurityChecks)
   at System.Reflection.RuntimeAssembly.InternalLoadAssemblyName(AssemblyName assemblyRef, Evidence assemblySecurity, RuntimeAssembly reqAssembly, StackCrawlMark& stackMark, IntPtr pPrivHostBinder, Boolean throwOnFileNotFound, Boolean forIntrospection, Boolean suppressSecurityChecks)
   at System.Reflection.RuntimeAssembly.InternalLoad(String assemblyString, Evidence assemblySecurity, StackCrawlMark& stackMark, IntPtr pPrivHostBinder, Boolean forIntrospection)
   at System.Reflection.RuntimeAssembly.InternalLoad(String assemblyString, Evidence assemblySecurity, StackCrawlMark& stackMark, Boolean forIntrospection)
   at System.Reflection.Assembly.Load(String assemblyString)
   at Orchard.Environment.DefaultAssemblyLoader.LoadWorker(String shortName, String fullName)
   at Orchard.Environment.DefaultAssemblyLoader.<>c__DisplayClass4.<Load>b__2(String shortName)
   at System.Collections.Concurrent.ConcurrentDictionary`2.GetOrAdd(TKey key, Func`2 valueFactory)
   at Orchard.Environment.DefaultAssemblyLoader.Load(String assemblyName)

WRN: Assembly binding logging is turned OFF.
To enable assembly bind failure logging, set the registry value [HKLM\Software\Microsoft\Fusion!EnableLog] (DWORD) to 1.
Note: There is some performance penalty associated with assembly bind failure logging.
To turn this feature off, remove the registry value [HKLM\Software\Microsoft\Fusion!EnableLog].

2013-02-15 23:09:29,650 [44] Orchard.Environment.Extensions.Compilers.DefaultExtensionCompiler - Assembly reference 'ICSharpCode.SharpZipLib, Version=0.84.0.0, Culture=neutral, PublicKeyToken=1b03e6acf1164f73' for project '/Modules/Vandelay.Industries/Vandelay.Industries.csproj' cannot be loaded
2013-02-15 23:09:29,731 [44] Orchard.Environment.DefaultAssemblyLoader - Error loading assembly 'ICSharpCode.SharpZipLib, Version=0.84.0.0, Culture=neutral, PublicKeyToken=1b03e6acf1164f73'
System.IO.FileNotFoundException: Could not load file or assembly 'ICSharpCode.SharpZipLib, Version=0.84.0.0, Culture=neutral, PublicKeyToken=1b03e6acf1164f73' or one of its dependencies. The system cannot find the file specified.
File name: 'ICSharpCode.SharpZipLib, Version=0.84.0.0, Culture=neutral, PublicKeyToken=1b03e6acf1164f73'
   at System.Reflection.RuntimeAssembly._nLoad(AssemblyName fileName, String codeBase, Evidence assemblySecurity, RuntimeAssembly locationHint, StackCrawlMark& stackMark, IntPtr pPrivHostBinder, Boolean throwOnFileNotFound, Boolean forIntrospection, Boolean suppressSecurityChecks)
   at System.Reflection.RuntimeAssembly.nLoad(AssemblyName fileName, String codeBase, Evidence assemblySecurity, RuntimeAssembly locationHint, StackCrawlMark& stackMark, IntPtr pPrivHostBinder, Boolean throwOnFileNotFound, Boolean forIntrospection, Boolean suppressSecurityChecks)
   at System.Reflection.RuntimeAssembly.InternalLoadAssemblyName(AssemblyName assemblyRef, Evidence assemblySecurity, RuntimeAssembly reqAssembly, StackCrawlMark& stackMark, IntPtr pPrivHostBinder, Boolean throwOnFileNotFound, Boolean forIntrospection, Boolean suppressSecurityChecks)
   at System.Reflection.RuntimeAssembly.InternalLoad(String assemblyString, Evidence assemblySecurity, StackCrawlMark& stackMark, IntPtr pPrivHostBinder, Boolean forIntrospection)
   at System.Reflection.RuntimeAssembly.InternalLoad(String assemblyString, Evidence assemblySecurity, StackCrawlMark& stackMark, Boolean forIntrospection)
   at System.Reflection.Assembly.Load(String assemblyString)
   at Orchard.Environment.DefaultAssemblyLoader.LoadWorker(String shortName, String fullName)
   at Orchard.Environment.DefaultAssemblyLoader.<>c__DisplayClass4.<Load>b__2(String shortName)
   at System.Collections.Concurrent.ConcurrentDictionary`2.GetOrAdd(TKey key, Func`2 valueFactory)
   at Orchard.Environment.DefaultAssemblyLoader.Load(String assemblyName)

WRN: Assembly binding logging is turned OFF.
To enable assembly bind failure logging, set the registry value [HKLM\Software\Microsoft\Fusion!EnableLog] (DWORD) to 1.
Note: There is some performance penalty associated with assembly bind failure logging.
To turn this feature off, remove the registry value [HKLM\Software\Microsoft\Fusion!EnableLog].

2013-02-15 23:09:29,732 [44] Orchard.Environment.Extensions.Compilers.DefaultExtensionCompiler - Assembly reference 'ICSharpCode.SharpZipLib, Version=0.84.0.0, Culture=neutral, PublicKeyToken=1b03e6acf1164f73' for project '/Modules/Vandelay.Industries/Vandelay.Industries.csproj' cannot be loaded
2013-02-15 23:09:29,733 [44] Orchard.Environment.Extensions.ExtensionManager - No suitable loader found for extension "Vandelay.Industries"
2013-02-15 23:12:35,307 [9] Orchard.Environment.Extensions.ExtensionManager - No suitable loader found for extension "Onestop.Disqus"
2013-02-15 23:12:36,053 [37] Orchard.Environment.DefaultAssemblyLoader - Error loading assembly 'ICSharpCode.SharpZipLib, Version=0.84.0.0, Culture=neutral, PublicKeyToken=1b03e6acf1164f73'
System.IO.FileNotFoundException: Could not load file or assembly 'ICSharpCode.SharpZipLib, Version=0.84.0.0, Culture=neutral, PublicKeyToken=1b03e6acf1164f73' or one of its dependencies. The system cannot find the file specified.
File name: 'ICSharpCode.SharpZipLib, Version=0.84.0.0, Culture=neutral, PublicKeyToken=1b03e6acf1164f73'
   at System.Reflection.RuntimeAssembly._nLoad(AssemblyName fileName, String codeBase, Evidence assemblySecurity, RuntimeAssembly locationHint, StackCrawlMark& stackMark, IntPtr pPrivHostBinder, Boolean throwOnFileNotFound, Boolean forIntrospection, Boolean suppressSecurityChecks)
   at System.Reflection.RuntimeAssembly.nLoad(AssemblyName fileName, String codeBase, Evidence assemblySecurity, RuntimeAssembly locationHint, StackCrawlMark& stackMark, IntPtr pPrivHostBinder, Boolean throwOnFileNotFound, Boolean forIntrospection, Boolean suppressSecurityChecks)
   at System.Reflection.RuntimeAssembly.InternalLoadAssemblyName(AssemblyName assemblyRef, Evidence assemblySecurity, RuntimeAssembly reqAssembly, StackCrawlMark& stackMark, IntPtr pPrivHostBinder, Boolean throwOnFileNotFound, Boolean forIntrospection, Boolean suppressSecurityChecks)
   at System.Reflection.RuntimeAssembly.InternalLoad(String assemblyString, Evidence assemblySecurity, StackCrawlMark& stackMark, IntPtr pPrivHostBinder, Boolean forIntrospection)
   at System.Reflection.RuntimeAssembly.InternalLoad(String assemblyString, Evidence assemblySecurity, StackCrawlMark& stackMark, Boolean forIntrospection)
   at System.Reflection.Assembly.Load(String assemblyString)
   at Orchard.Environment.DefaultAssemblyLoader.LoadWorker(String shortName, String fullName)
   at Orchard.Environment.DefaultAssemblyLoader.<>c__DisplayClass4.<Load>b__2(String shortName)
   at System.Collections.Concurrent.ConcurrentDictionary`2.GetOrAdd(TKey key, Func`2 valueFactory)
   at Orchard.Environment.DefaultAssemblyLoader.Load(String assemblyName)

WRN: Assembly binding logging is turned OFF.
To enable assembly bind failure logging, set the registry value [HKLM\Software\Microsoft\Fusion!EnableLog] (DWORD) to 1.
Note: There is some performance penalty associated with assembly bind failure logging.
To turn this feature off, remove the registry value [HKLM\Software\Microsoft\Fusion!EnableLog].

2013-02-15 23:12:36,055 [37] Orchard.Environment.Extensions.Compilers.DefaultExtensionCompiler - Assembly reference 'ICSharpCode.SharpZipLib, Version=0.84.0.0, Culture=neutral, PublicKeyToken=1b03e6acf1164f73' for project '/Modules/Vandelay.Industries/Vandelay.Industries.csproj' cannot be loaded
2013-02-15 23:12:36,129 [37] Orchard.Environment.DefaultAssemblyLoader - Error loading assembly 'ICSharpCode.SharpZipLib, Version=0.84.0.0, Culture=neutral, PublicKeyToken=1b03e6acf1164f73'
System.IO.FileNotFoundException: Could not load file or assembly 'ICSharpCode.SharpZipLib, Version=0.84.0.0, Culture=neutral, PublicKeyToken=1b03e6acf1164f73' or one of its dependencies. The system cannot find the file specified.
File name: 'ICSharpCode.SharpZipLib, Version=0.84.0.0, Culture=neutral, PublicKeyToken=1b03e6acf1164f73'
   at System.Reflection.RuntimeAssembly._nLoad(AssemblyName fileName, String codeBase, Evidence assemblySecurity, RuntimeAssembly locationHint, StackCrawlMark& stackMark, IntPtr pPrivHostBinder, Boolean throwOnFileNotFound, Boolean forIntrospection, Boolean suppressSecurityChecks)
   at System.Reflection.RuntimeAssembly.nLoad(AssemblyName fileName, String codeBase, Evidence assemblySecurity, RuntimeAssembly locationHint, StackCrawlMark& stackMark, IntPtr pPrivHostBinder, Boolean throwOnFileNotFound, Boolean forIntrospection, Boolean suppressSecurityChecks)
   at System.Reflection.RuntimeAssembly.InternalLoadAssemblyName(AssemblyName assemblyRef, Evidence assemblySecurity, RuntimeAssembly reqAssembly, StackCrawlMark& stackMark, IntPtr pPrivHostBinder, Boolean throwOnFileNotFound, Boolean forIntrospection, Boolean suppressSecurityChecks)
   at System.Reflection.RuntimeAssembly.InternalLoad(String assemblyString, Evidence assemblySecurity, StackCrawlMark& stackMark, IntPtr pPrivHostBinder, Boolean forIntrospection)
   at System.Reflection.RuntimeAssembly.InternalLoad(String assemblyString, Evidence assemblySecurity, StackCrawlMark& stackMark, Boolean forIntrospection)
   at System.Reflection.Assembly.Load(String assemblyString)
   at Orchard.Environment.DefaultAssemblyLoader.LoadWorker(String shortName, String fullName)
   at Orchard.Environment.DefaultAssemblyLoader.<>c__DisplayClass4.<Load>b__2(String shortName)
   at System.Collections.Concurrent.ConcurrentDictionary`2.GetOrAdd(TKey key, Func`2 valueFactory)
   at Orchard.Environment.DefaultAssemblyLoader.Load(String assemblyName)

WRN: Assembly binding logging is turned OFF.
To enable assembly bind failure logging, set the registry value [HKLM\Software\Microsoft\Fusion!EnableLog] (DWORD) to 1.
Note: There is some performance penalty associated with assembly bind failure logging.
To turn this feature off, remove the registry value [HKLM\Software\Microsoft\Fusion!EnableLog].

2013-02-15 23:12:36,130 [37] Orchard.Environment.Extensions.Compilers.DefaultExtensionCompiler - Assembly reference 'ICSharpCode.SharpZipLib, Version=0.84.0.0, Culture=neutral, PublicKeyToken=1b03e6acf1164f73' for project '/Modules/Vandelay.Industries/Vandelay.Industries.csproj' cannot be loaded
2013-02-15 23:12:36,130 [37] Orchard.Environment.Extensions.ExtensionManager - No suitable loader found for extension "Vandelay.Industries"
2013-02-15 23:12:42,467 [80] Orchard.Environment.DefaultAssemblyLoader - Error loading assembly 'ICSharpCode.SharpZipLib, Version=0.84.0.0, Culture=neutral, PublicKeyToken=1b03e6acf1164f73'
System.IO.FileNotFoundException: Could not load file or assembly 'ICSharpCode.SharpZipLib, Version=0.84.0.0, Culture=neutral, PublicKeyToken=1b03e6acf1164f73' or one of its dependencies. The system cannot find the file specified.
File name: 'ICSharpCode.SharpZipLib, Version=0.84.0.0, Culture=neutral, PublicKeyToken=1b03e6acf1164f73'
   at System.Reflection.RuntimeAssembly._nLoad(AssemblyName fileName, String codeBase, Evidence assemblySecurity, RuntimeAssembly locationHint, StackCrawlMark& stackMark, IntPtr pPrivHostBinder, Boolean throwOnFileNotFound, Boolean forIntrospection, Boolean suppressSecurityChecks)
   at System.Reflection.RuntimeAssembly.nLoad(AssemblyName fileName, String codeBase, Evidence assemblySecurity, RuntimeAssembly locationHint, StackCrawlMark& stackMark, IntPtr pPrivHostBinder, Boolean throwOnFileNotFound, Boolean forIntrospection, Boolean suppressSecurityChecks)
   at System.Reflection.RuntimeAssembly.InternalLoadAssemblyName(AssemblyName assemblyRef, Evidence assemblySecurity, RuntimeAssembly reqAssembly, StackCrawlMark& stackMark, IntPtr pPrivHostBinder, Boolean throwOnFileNotFound, Boolean forIntrospection, Boolean suppressSecurityChecks)
   at System.Reflection.RuntimeAssembly.InternalLoad(String assemblyString, Evidence assemblySecurity, StackCrawlMark& stackMark, IntPtr pPrivHostBinder, Boolean forIntrospection)
   at System.Reflection.RuntimeAssembly.InternalLoad(String assemblyString, Evidence assemblySecurity, StackCrawlMark& stackMark, Boolean forIntrospection)
   at System.Reflection.Assembly.Load(String assemblyString)
   at Orchard.Environment.DefaultAssemblyLoader.LoadWorker(String shortName, String fullName)
   at Orchard.Environment.DefaultAssemblyLoader.<>c__DisplayClass4.<Load>b__2(String shortName)
   at System.Collections.Concurrent.ConcurrentDictionary`2.GetOrAdd(TKey key, Func`2 valueFactory)
   at Orchard.Environment.DefaultAssemblyLoader.Load(String assemblyName)

WRN: Assembly binding logging is turned OFF.
To enable assembly bind failure logging, set the registry value [HKLM\Software\Microsoft\Fusion!EnableLog] (DWORD) to 1.
Note: There is some performance penalty associated with assembly bind failure logging.
To turn this feature off, remove the registry value [HKLM\Software\Microsoft\Fusion!EnableLog].

2013-02-15 23:12:42,468 [80] Orchard.Environment.Extensions.Compilers.DefaultExtensionCompiler - Assembly reference 'ICSharpCode.SharpZipLib, Version=0.84.0.0, Culture=neutral, PublicKeyToken=1b03e6acf1164f73' for project '/Modules/Vandelay.Industries/Vandelay.Industries.csproj' cannot be loaded
2013-02-15 23:12:42,546 [80] Orchard.Environment.DefaultAssemblyLoader - Error loading assembly 'ICSharpCode.SharpZipLib, Version=0.84.0.0, Culture=neutral, PublicKeyToken=1b03e6acf1164f73'
System.IO.FileNotFoundException: Could not load file or assembly 'ICSharpCode.SharpZipLib, Version=0.84.0.0, Culture=neutral, PublicKeyToken=1b03e6acf1164f73' or one of its dependencies. The system cannot find the file specified.
File name: 'ICSharpCode.SharpZipLib, Version=0.84.0.0, Culture=neutral, PublicKeyToken=1b03e6acf1164f73'
   at System.Reflection.RuntimeAssembly._nLoad(AssemblyName fileName, String codeBase, Evidence assemblySecurity, RuntimeAssembly locationHint, StackCrawlMark& stackMark, IntPtr pPrivHostBinder, Boolean throwOnFileNotFound, Boolean forIntrospection, Boolean suppressSecurityChecks)
   at System.Reflection.RuntimeAssembly.nLoad(AssemblyName fileName, String codeBase, Evidence assemblySecurity, RuntimeAssembly locationHint, StackCrawlMark& stackMark, IntPtr pPrivHostBinder, Boolean throwOnFileNotFound, Boolean forIntrospection, Boolean suppressSecurityChecks)
   at System.Reflection.RuntimeAssembly.InternalLoadAssemblyName(AssemblyName assemblyRef, Evidence assemblySecurity, RuntimeAssembly reqAssembly, StackCrawlMark& stackMark, IntPtr pPrivHostBinder, Boolean throwOnFileNotFound, Boolean forIntrospection, Boolean suppressSecurityChecks)
   at System.Reflection.RuntimeAssembly.InternalLoad(String assemblyString, Evidence assemblySecurity, StackCrawlMark& stackMark, IntPtr pPrivHostBinder, Boolean forIntrospection)
   at System.Reflection.RuntimeAssembly.InternalLoad(String assemblyString, Evidence assemblySecurity, StackCrawlMark& stackMark, Boolean forIntrospection)
   at System.Reflection.Assembly.Load(String assemblyString)
   at Orchard.Environment.DefaultAssemblyLoader.LoadWorker(String shortName, String fullName)
   at Orchard.Environment.DefaultAssemblyLoader.<>c__DisplayClass4.<Load>b__2(String shortName)
   at System.Collections.Concurrent.ConcurrentDictionary`2.GetOrAdd(TKey key, Func`2 valueFactory)
   at Orchard.Environment.DefaultAssemblyLoader.Load(String assemblyName)

WRN: Assembly binding logging is turned OFF.
To enable assembly bind failure logging, set the registry value [HKLM\Software\Microsoft\Fusion!EnableLog] (DWORD) to 1.
Note: There is some performance penalty associated with assembly bind failure logging.
To turn this feature off, remove the registry value [HKLM\Software\Microsoft\Fusion!EnableLog].

2013-02-15 23:12:42,547 [80] Orchard.Environment.Extensions.Compilers.DefaultExtensionCompiler - Assembly reference 'ICSharpCode.SharpZipLib, Version=0.84.0.0, Culture=neutral, PublicKeyToken=1b03e6acf1164f73' for project '/Modules/Vandelay.Industries/Vandelay.Industries.csproj' cannot be loaded
2013-02-15 23:12:42,638 [80] Orchard.Environment.DefaultAssemblyLoader - Error loading assembly 'ICSharpCode.SharpZipLib, Version=0.84.0.0, Culture=neutral, PublicKeyToken=1b03e6acf1164f73'
System.IO.FileNotFoundException: Could not load file or assembly 'ICSharpCode.SharpZipLib, Version=0.84.0.0, Culture=neutral, PublicKeyToken=1b03e6acf1164f73' or one of its dependencies. The system cannot find the file specified.
File name: 'ICSharpCode.SharpZipLib, Version=0.84.0.0, Culture=neutral, PublicKeyToken=1b03e6acf1164f73'
   at System.Reflection.RuntimeAssembly._nLoad(AssemblyName fileName, String codeBase, Evidence assemblySecurity, RuntimeAssembly locationHint, StackCrawlMark& stackMark, IntPtr pPrivHostBinder, Boolean throwOnFileNotFound, Boolean forIntrospection, Boolean suppressSecurityChecks)
   at System.Reflection.RuntimeAssembly.nLoad(AssemblyName fileName, String codeBase, Evidence assemblySecurity, RuntimeAssembly locationHint, StackCrawlMark& stackMark, IntPtr pPrivHostBinder, Boolean throwOnFileNotFound, Boolean forIntrospection, Boolean suppressSecurityChecks)
   at System.Reflection.RuntimeAssembly.InternalLoadAssemblyName(AssemblyName assemblyRef, Evidence assemblySecurity, RuntimeAssembly reqAssembly, StackCrawlMark& stackMark, IntPtr pPrivHostBinder, Boolean throwOnFileNotFound, Boolean forIntrospection, Boolean suppressSecurityChecks)
   at System.Reflection.RuntimeAssembly.InternalLoad(String assemblyString, Evidence assemblySecurity, StackCrawlMark& stackMark, IntPtr pPrivHostBinder, Boolean forIntrospection)
   at System.Reflection.RuntimeAssembly.InternalLoad(String assemblyString, Evidence assemblySecurity, StackCrawlMark& stackMark, Boolean forIntrospection)
   at System.Reflection.Assembly.Load(String assemblyString)
   at Orchard.Environment.DefaultAssemblyLoader.LoadWorker(String shortName, String fullName)
   at Orchard.Environment.DefaultAssemblyLoader.<>c__DisplayClass4.<Load>b__2(String shortName)
   at System.Collections.Concurrent.ConcurrentDictionary`2.GetOrAdd(TKey key, Func`2 valueFactory)
   at Orchard.Environment.DefaultAssemblyLoader.Load(String assemblyName)

WRN: Assembly binding logging is turned OFF.
To enable assembly bind failure logging, set the registry value [HKLM\Software\Microsoft\Fusion!EnableLog] (DWORD) to 1.
Note: There is some performance penalty associated with assembly bind failure logging.
To turn this feature off, remove the registry value [HKLM\Software\Microsoft\Fusion!EnableLog].

2013-02-15 23:12:42,639 [80] Orchard.Environment.Extensions.Compilers.DefaultExtensionCompiler - Assembly reference 'ICSharpCode.SharpZipLib, Version=0.84.0.0, Culture=neutral, PublicKeyToken=1b03e6acf1164f73' for project '/Modules/Vandelay.Industries/Vandelay.Industries.csproj' cannot be loaded
2013-02-15 23:12:42,724 [80] Orchard.Environment.DefaultAssemblyLoader - Error loading assembly 'ICSharpCode.SharpZipLib, Version=0.84.0.0, Culture=neutral, PublicKeyToken=1b03e6acf1164f73'
System.IO.FileNotFoundException: Could not load file or assembly 'ICSharpCode.SharpZipLib, Version=0.84.0.0, Culture=neutral, PublicKeyToken=1b03e6acf1164f73' or one of its dependencies. The system cannot find the file specified.
File name: 'ICSharpCode.SharpZipLib, Version=0.84.0.0, Culture=neutral, PublicKeyToken=1b03e6acf1164f73'
   at System.Reflection.RuntimeAssembly._nLoad(AssemblyName fileName, String codeBase, Evidence assemblySecurity, RuntimeAssembly locationHint, StackCrawlMark& stackMark, IntPtr pPrivHostBinder, Boolean throwOnFileNotFound, Boolean forIntrospection, Boolean suppressSecurityChecks)
   at System.Reflection.RuntimeAssembly.nLoad(AssemblyName fileName, String codeBase, Evidence assemblySecurity, RuntimeAssembly locationHint, StackCrawlMark& stackMark, IntPtr pPrivHostBinder, Boolean throwOnFileNotFound, Boolean forIntrospection, Boolean suppressSecurityChecks)
   at System.Reflection.RuntimeAssembly.InternalLoadAssemblyName(AssemblyName assemblyRef, Evidence assemblySecurity, RuntimeAssembly reqAssembly, StackCrawlMark& stackMark, IntPtr pPrivHostBinder, Boolean throwOnFileNotFound, Boolean forIntrospection, Boolean suppressSecurityChecks)
   at System.Reflection.RuntimeAssembly.InternalLoad(String assemblyString, Evidence assemblySecurity, StackCrawlMark& stackMark, IntPtr pPrivHostBinder, Boolean forIntrospection)
   at System.Reflection.RuntimeAssembly.InternalLoad(String assemblyString, Evidence assemblySecurity, StackCrawlMark& stackMark, Boolean forIntrospection)
   at System.Reflection.Assembly.Load(String assemblyString)
   at Orchard.Environment.DefaultAssemblyLoader.LoadWorker(String shortName, String fullName)
   at Orchard.Environment.DefaultAssemblyLoader.<>c__DisplayClass4.<Load>b__2(String shortName)
   at System.Collections.Concurrent.ConcurrentDictionary`2.GetOrAdd(TKey key, Func`2 valueFactory)
   at Orchard.Environment.DefaultAssemblyLoader.Load(String assemblyName)

WRN: Assembly binding logging is turned OFF.
To enable assembly bind failure logging, set the registry value [HKLM\Software\Microsoft\Fusion!EnableLog] (DWORD) to 1.
Note: There is some performance penalty associated with assembly bind failure logging.
To turn this feature off, remove the registry value [HKLM\Software\Microsoft\Fusion!EnableLog].

2013-02-15 23:12:42,724 [80] Orchard.Environment.Extensions.Compilers.DefaultExtensionCompiler - Assembly reference 'ICSharpCode.SharpZipLib, Version=0.84.0.0, Culture=neutral, PublicKeyToken=1b03e6acf1164f73' for project '/Modules/Vandelay.Industries/Vandelay.Industries.csproj' cannot be loaded
2013-02-15 23:12:42,813 [80] Orchard.Environment.DefaultAssemblyLoader - Error loading assembly 'ICSharpCode.SharpZipLib, Version=0.84.0.0, Culture=neutral, PublicKeyToken=1b03e6acf1164f73'
System.IO.FileNotFoundException: Could not load file or assembly 'ICSharpCode.SharpZipLib, Version=0.84.0.0, Culture=neutral, PublicKeyToken=1b03e6acf1164f73' or one of its dependencies. The system cannot find the file specified.
File name: 'ICSharpCode.SharpZipLib, Version=0.84.0.0, Culture=neutral, PublicKeyToken=1b03e6acf1164f73'
   at System.Reflection.RuntimeAssembly._nLoad(AssemblyName fileName, String codeBase, Evidence assemblySecurity, RuntimeAssembly locationHint, StackCrawlMark& stackMark, IntPtr pPrivHostBinder, Boolean throwOnFileNotFound, Boolean forIntrospection, Boolean suppressSecurityChecks)
   at System.Reflection.RuntimeAssembly.nLoad(AssemblyName fileName, String codeBase, Evidence assemblySecurity, RuntimeAssembly locationHint, StackCrawlMark& stackMark, IntPtr pPrivHostBinder, Boolean throwOnFileNotFound, Boolean forIntrospection, Boolean suppressSecurityChecks)
   at System.Reflection.RuntimeAssembly.InternalLoadAssemblyName(AssemblyName assemblyRef, Evidence assemblySecurity, RuntimeAssembly reqAssembly, StackCrawlMark& stackMark, IntPtr pPrivHostBinder, Boolean throwOnFileNotFound, Boolean forIntrospection, Boolean suppressSecurityChecks)
   at System.Reflection.RuntimeAssembly.InternalLoad(String assemblyString, Evidence assemblySecurity, StackCrawlMark& stackMark, IntPtr pPrivHostBinder, Boolean forIntrospection)
   at System.Reflection.RuntimeAssembly.InternalLoad(String assemblyString, Evidence assemblySecurity, StackCrawlMark& stackMark, Boolean forIntrospection)
   at System.Reflection.Assembly.Load(String assemblyString)
   at Orchard.Environment.DefaultAssemblyLoader.LoadWorker(String shortName, String fullName)
   at Orchard.Environment.DefaultAssemblyLoader.<>c__DisplayClass4.<Load>b__2(String shortName)
   at System.Collections.Concurrent.ConcurrentDictionary`2.GetOrAdd(TKey key, Func`2 valueFactory)
   at Orchard.Environment.DefaultAssemblyLoader.Load(String assemblyName)

WRN: Assembly binding logging is turned OFF.
To enable assembly bind failure logging, set the registry value [HKLM\Software\Microsoft\Fusion!EnableLog] (DWORD) to 1.
Note: There is some performance penalty associated with assembly bind failure logging.
To turn this feature off, remove the registry value [HKLM\Software\Microsoft\Fusion!EnableLog].

2013-02-15 23:12:42,814 [80] Orchard.Environment.Extensions.Compilers.DefaultExtensionCompiler - Assembly reference 'ICSharpCode.SharpZipLib, Version=0.84.0.0, Culture=neutral, PublicKeyToken=1b03e6acf1164f73' for project '/Modules/Vandelay.Industries/Vandelay.Industries.csproj' cannot be loaded
2013-02-15 23:12:42,894 [80] Orchard.Environment.DefaultAssemblyLoader - Error loading assembly 'ICSharpCode.SharpZipLib, Version=0.84.0.0, Culture=neutral, PublicKeyToken=1b03e6acf1164f73'
System.IO.FileNotFoundException: Could not load file or assembly 'ICSharpCode.SharpZipLib, Version=0.84.0.0, Culture=neutral, PublicKeyToken=1b03e6acf1164f73' or one of its dependencies. The system cannot find the file specified.
File name: 'ICSharpCode.SharpZipLib, Version=0.84.0.0, Culture=neutral, PublicKeyToken=1b03e6acf1164f73'
   at System.Reflection.RuntimeAssembly._nLoad(AssemblyName fileName, String codeBase, Evidence assemblySecurity, RuntimeAssembly locationHint, StackCrawlMark& stackMark, IntPtr pPrivHostBinder, Boolean throwOnFileNotFound, Boolean forIntrospection, Boolean suppressSecurityChecks)
   at System.Reflection.RuntimeAssembly.nLoad(AssemblyName fileName, String codeBase, Evidence assemblySecurity, RuntimeAssembly locationHint, StackCrawlMark& stackMark, IntPtr pPrivHostBinder, Boolean throwOnFileNotFound, Boolean forIntrospection, Boolean suppressSecurityChecks)
   at System.Reflection.RuntimeAssembly.InternalLoadAssemblyName(AssemblyName assemblyRef, Evidence assemblySecurity, RuntimeAssembly reqAssembly, StackCrawlMark& stackMark, IntPtr pPrivHostBinder, Boolean throwOnFileNotFound, Boolean forIntrospection, Boolean suppressSecurityChecks)
   at System.Reflection.RuntimeAssembly.InternalLoad(String assemblyString, Evidence assemblySecurity, StackCrawlMark& stackMark, IntPtr pPrivHostBinder, Boolean forIntrospection)
   at System.Reflection.RuntimeAssembly.InternalLoad(String assemblyString, Evidence assemblySecurity, StackCrawlMark& stackMark, Boolean forIntrospection)
   at System.Reflection.Assembly.Load(String assemblyString)
   at Orchard.Environment.DefaultAssemblyLoader.LoadWorker(String shortName, String fullName)
   at Orchard.Environment.DefaultAssemblyLoader.<>c__DisplayClass4.<Load>b__2(String shortName)
   at System.Collections.Concurrent.ConcurrentDictionary`2.GetOrAdd(TKey key, Func`2 valueFactory)
   at Orchard.Environment.DefaultAssemblyLoader.Load(String assemblyName)

WRN: Assembly binding logging is turned OFF.
To enable assembly bind failure logging, set the registry value [HKLM\Software\Microsoft\Fusion!EnableLog] (DWORD) to 1.
Note: There is some performance penalty associated with assembly bind failure logging.
To turn this feature off, remove the registry value [HKLM\Software\Microsoft\Fusion!EnableLog].

2013-02-15 23:12:42,894 [80] Orchard.Environment.Extensions.Compilers.DefaultExtensionCompiler - Assembly reference 'ICSharpCode.SharpZipLib, Version=0.84.0.0, Culture=neutral, PublicKeyToken=1b03e6acf1164f73' for project '/Modules/Vandelay.Industries/Vandelay.Industries.csproj' cannot be loaded
2013-02-15 23:12:42,974 [80] Orchard.Environment.DefaultAssemblyLoader - Error loading assembly 'ICSharpCode.SharpZipLib, Version=0.84.0.0, Culture=neutral, PublicKeyToken=1b03e6acf1164f73'
System.IO.FileNotFoundException: Could not load file or assembly 'ICSharpCode.SharpZipLib, Version=0.84.0.0, Culture=neutral, PublicKeyToken=1b03e6acf1164f73' or one of its dependencies. The system cannot find the file specified.
File name: 'ICSharpCode.SharpZipLib, Version=0.84.0.0, Culture=neutral, PublicKeyToken=1b03e6acf1164f73'
   at System.Reflection.RuntimeAssembly._nLoad(AssemblyName fileName, String codeBase, Evidence assemblySecurity, RuntimeAssembly locationHint, StackCrawlMark& stackMark, IntPtr pPrivHostBinder, Boolean throwOnFileNotFound, Boolean forIntrospection, Boolean suppressSecurityChecks)
   at System.Reflection.RuntimeAssembly.nLoad(AssemblyName fileName, String codeBase, Evidence assemblySecurity, RuntimeAssembly locationHint, StackCrawlMark& stackMark, IntPtr pPrivHostBinder, Boolean throwOnFileNotFound, Boolean forIntrospection, Boolean suppressSecurityChecks)
   at System.Reflection.RuntimeAssembly.InternalLoadAssemblyName(AssemblyName assemblyRef, Evidence assemblySecurity, RuntimeAssembly reqAssembly, StackCrawlMark& stackMark, IntPtr pPrivHostBinder, Boolean throwOnFileNotFound, Boolean forIntrospection, Boolean suppressSecurityChecks)
   at System.Reflection.RuntimeAssembly.InternalLoad(String assemblyString, Evidence assemblySecurity, StackCrawlMark& stackMark, IntPtr pPrivHostBinder, Boolean forIntrospection)
   at System.Reflection.RuntimeAssembly.InternalLoad(String assemblyString, Evidence assemblySecurity, StackCrawlMark& stackMark, Boolean forIntrospection)
   at System.Reflection.Assembly.Load(String assemblyString)
   at Orchard.Environment.DefaultAssemblyLoader.LoadWorker(String shortName, String fullName)
   at Orchard.Environment.DefaultAssemblyLoader.<>c__DisplayClass4.<Load>b__2(String shortName)
   at System.Collections.Concurrent.ConcurrentDictionary`2.GetOrAdd(TKey key, Func`2 valueFactory)
   at Orchard.Environment.DefaultAssemblyLoader.Load(String assemblyName)

WRN: Assembly binding logging is turned OFF.
To enable assembly bind failure logging, set the registry value [HKLM\Software\Microsoft\Fusion!EnableLog] (DWORD) to 1.
Note: There is some performance penalty associated with assembly bind failure logging.
To turn this feature off, remove the registry value [HKLM\Software\Microsoft\Fusion!EnableLog].

2013-02-15 23:12:42,975 [80] Orchard.Environment.Extensions.Compilers.DefaultExtensionCompiler - Assembly reference 'ICSharpCode.SharpZipLib, Version=0.84.0.0, Culture=neutral, PublicKeyToken=1b03e6acf1164f73' for project '/Modules/Vandelay.Industries/Vandelay.Industries.csproj' cannot be loaded
2013-02-15 23:12:43,078 [80] Orchard.Environment.DefaultAssemblyLoader - Error loading assembly 'ICSharpCode.SharpZipLib, Version=0.84.0.0, Culture=neutral, PublicKeyToken=1b03e6acf1164f73'
System.IO.FileNotFoundException: Could not load file or assembly 'ICSharpCode.SharpZipLib, Version=0.84.0.0, Culture=neutral, PublicKeyToken=1b03e6acf1164f73' or one of its dependencies. The system cannot find the file specified.
File name: 'ICSharpCode.SharpZipLib, Version=0.84.0.0, Culture=neutral, PublicKeyToken=1b03e6acf1164f73'
   at System.Reflection.RuntimeAssembly._nLoad(AssemblyName fileName, String codeBase, Evidence assemblySecurity, RuntimeAssembly locationHint, StackCrawlMark& stackMark, IntPtr pPrivHostBinder, Boolean throwOnFileNotFound, Boolean forIntrospection, Boolean suppressSecurityChecks)
   at System.Reflection.RuntimeAssembly.nLoad(AssemblyName fileName, String codeBase, Evidence assemblySecurity, RuntimeAssembly locationHint, StackCrawlMark& stackMark, IntPtr pPrivHostBinder, Boolean throwOnFileNotFound, Boolean forIntrospection, Boolean suppressSecurityChecks)
   at System.Reflection.RuntimeAssembly.InternalLoadAssemblyName(AssemblyName assemblyRef, Evidence assemblySecurity, RuntimeAssembly reqAssembly, StackCrawlMark& stackMark, IntPtr pPrivHostBinder, Boolean throwOnFileNotFound, Boolean forIntrospection, Boolean suppressSecurityChecks)
   at System.Reflection.RuntimeAssembly.InternalLoad(String assemblyString, Evidence assemblySecurity, StackCrawlMark& stackMark, IntPtr pPrivHostBinder, Boolean forIntrospection)
   at System.Reflection.RuntimeAssembly.InternalLoad(String assemblyString, Evidence assemblySecurity, StackCrawlMark& stackMark, Boolean forIntrospection)
   at System.Reflection.Assembly.Load(String assemblyString)
   at Orchard.Environment.DefaultAssemblyLoader.LoadWorker(String shortName, String fullName)
   at Orchard.Environment.DefaultAssemblyLoader.<>c__DisplayClass4.<Load>b__2(String shortName)
   at System.Collections.Concurrent.ConcurrentDictionary`2.GetOrAdd(TKey key, Func`2 valueFactory)
   at Orchard.Environment.DefaultAssemblyLoader.Load(String assemblyName)

WRN: Assembly binding logging is turned OFF.
To enable assembly bind failure logging, set the registry value [HKLM\Software\Microsoft\Fusion!EnableLog] (DWORD) to 1.
Note: There is some performance penalty associated with assembly bind failure logging.
To turn this feature off, remove the registry value [HKLM\Software\Microsoft\Fusion!EnableLog].

2013-02-15 23:12:43,079 [80] Orchard.Environment.Extensions.Compilers.DefaultExtensionCompiler - Assembly reference 'ICSharpCode.SharpZipLib, Version=0.84.0.0, Culture=neutral, PublicKeyToken=1b03e6acf1164f73' for project '/Modules/Vandelay.Industries/Vandelay.Industries.csproj' cannot be loaded
2013-02-15 23:12:43,158 [80] Orchard.Environment.DefaultAssemblyLoader - Error loading assembly 'ICSharpCode.SharpZipLib, Version=0.84.0.0, Culture=neutral, PublicKeyToken=1b03e6acf1164f73'
System.IO.FileNotFoundException: Could not load file or assembly 'ICSharpCode.SharpZipLib, Version=0.84.0.0, Culture=neutral, PublicKeyToken=1b03e6acf1164f73' or one of its dependencies. The system cannot find the file specified.
File name: 'ICSharpCode.SharpZipLib, Version=0.84.0.0, Culture=neutral, PublicKeyToken=1b03e6acf1164f73'
   at System.Reflection.RuntimeAssembly._nLoad(AssemblyName fileName, String codeBase, Evidence assemblySecurity, RuntimeAssembly locationHint, StackCrawlMark& stackMark, IntPtr pPrivHostBinder, Boolean throwOnFileNotFound, Boolean forIntrospection, Boolean suppressSecurityChecks)
   at System.Reflection.RuntimeAssembly.nLoad(AssemblyName fileName, String codeBase, Evidence assemblySecurity, RuntimeAssembly locationHint, StackCrawlMark& stackMark, IntPtr pPrivHostBinder, Boolean throwOnFileNotFound, Boolean forIntrospection, Boolean suppressSecurityChecks)
   at System.Reflection.RuntimeAssembly.InternalLoadAssemblyName(AssemblyName assemblyRef, Evidence assemblySecurity, RuntimeAssembly reqAssembly, StackCrawlMark& stackMark, IntPtr pPrivHostBinder, Boolean throwOnFileNotFound, Boolean forIntrospection, Boolean suppressSecurityChecks)
   at System.Reflection.RuntimeAssembly.InternalLoad(String assemblyString, Evidence assemblySecurity, StackCrawlMark& stackMark, IntPtr pPrivHostBinder, Boolean forIntrospection)
   at System.Reflection.RuntimeAssembly.InternalLoad(String assemblyString, Evidence assemblySecurity, StackCrawlMark& stackMark, Boolean forIntrospection)
   at System.Reflection.Assembly.Load(String assemblyString)
   at Orchard.Environment.DefaultAssemblyLoader.LoadWorker(String shortName, String fullName)
   at Orchard.Environment.DefaultAssemblyLoader.<>c__DisplayClass4.<Load>b__2(String shortName)
   at System.Collections.Concurrent.ConcurrentDictionary`2.GetOrAdd(TKey key, Func`2 valueFactory)
   at Orchard.Environment.DefaultAssemblyLoader.Load(String assemblyName)

WRN: Assembly binding logging is turned OFF.
To enable assembly bind failure logging, set the registry value [HKLM\Software\Microsoft\Fusion!EnableLog] (DWORD) to 1.
Note: There is some performance penalty associated with assembly bind failure logging.
To turn this feature off, remove the registry value [HKLM\Software\Microsoft\Fusion!EnableLog].

2013-02-15 23:12:43,159 [80] Orchard.Environment.Extensions.Compilers.DefaultExtensionCompiler - Assembly reference 'ICSharpCode.SharpZipLib, Version=0.84.0.0, Culture=neutral, PublicKeyToken=1b03e6acf1164f73' for project '/Modules/Vandelay.Industries/Vandelay.Industries.csproj' cannot be loaded
2013-02-15 23:12:43,236 [80] Orchard.Environment.DefaultAssemblyLoader - Error loading assembly 'ICSharpCode.SharpZipLib, Version=0.84.0.0, Culture=neutral, PublicKeyToken=1b03e6acf1164f73'
System.IO.FileNotFoundException: Could not load file or assembly 'ICSharpCode.SharpZipLib, Version=0.84.0.0, Culture=neutral, PublicKeyToken=1b03e6acf1164f73' or one of its dependencies. The system cannot find the file specified.
File name: 'ICSharpCode.SharpZipLib, Version=0.84.0.0, Culture=neutral, PublicKeyToken=1b03e6acf1164f73'
   at System.Reflection.RuntimeAssembly._nLoad(AssemblyName fileName, String codeBase, Evidence assemblySecurity, RuntimeAssembly locationHint, StackCrawlMark& stackMark, IntPtr pPrivHostBinder, Boolean throwOnFileNotFound, Boolean forIntrospection, Boolean suppressSecurityChecks)
   at System.Reflection.RuntimeAssembly.nLoad(AssemblyName fileName, String codeBase, Evidence assemblySecurity, RuntimeAssembly locationHint, StackCrawlMark& stackMark, IntPtr pPrivHostBinder, Boolean throwOnFileNotFound, Boolean forIntrospection, Boolean suppressSecurityChecks)
   at System.Reflection.RuntimeAssembly.InternalLoadAssemblyName(AssemblyName assemblyRef, Evidence assemblySecurity, RuntimeAssembly reqAssembly, StackCrawlMark& stackMark, IntPtr pPrivHostBinder, Boolean throwOnFileNotFound, Boolean forIntrospection, Boolean suppressSecurityChecks)
   at System.Reflection.RuntimeAssembly.InternalLoad(String assemblyString, Evidence assemblySecurity, StackCrawlMark& stackMark, IntPtr pPrivHostBinder, Boolean forIntrospection)
   at System.Reflection.RuntimeAssembly.InternalLoad(String assemblyString, Evidence assemblySecurity, StackCrawlMark& stackMark, Boolean forIntrospection)
   at System.Reflection.Assembly.Load(String assemblyString)
   at Orchard.Environment.DefaultAssemblyLoader.LoadWorker(String shortName, String fullName)
   at Orchard.Environment.DefaultAssemblyLoader.<>c__DisplayClass4.<Load>b__2(String shortName)
   at System.Collections.Concurrent.ConcurrentDictionary`2.GetOrAdd(TKey key, Func`2 valueFactory)
   at Orchard.Environment.DefaultAssemblyLoader.Load(String assemblyName)

WRN: Assembly binding logging is turned OFF.
To enable assembly bind failure logging, set the registry value [HKLM\Software\Microsoft\Fusion!EnableLog] (DWORD) to 1.
Note: There is some performance penalty associated with assembly bind failure logging.
To turn this feature off, remove the registry value [HKLM\Software\Microsoft\Fusion!EnableLog].

2013-02-15 23:12:43,237 [80] Orchard.Environment.Extensions.Compilers.DefaultExtensionCompiler - Assembly reference 'ICSharpCode.SharpZipLib, Version=0.84.0.0, Culture=neutral, PublicKeyToken=1b03e6acf1164f73' for project '/Modules/Vandelay.Industries/Vandelay.Industries.csproj' cannot be loaded
2013-02-15 23:14:06,024 [56] Orchard.Environment.Extensions.ExtensionManager - No suitable loader found for extension "Onestop.Disqus"
2013-02-15 23:14:06,110 [70] Orchard.Environment.DefaultAssemblyLoader - Error loading assembly 'ICSharpCode.SharpZipLib, Version=0.84.0.0, Culture=neutral, PublicKeyToken=1b03e6acf1164f73'
System.IO.FileNotFoundException: Could not load file or assembly 'ICSharpCode.SharpZipLib, Version=0.84.0.0, Culture=neutral, PublicKeyToken=1b03e6acf1164f73' or one of its dependencies. The system cannot find the file specified.
File name: 'ICSharpCode.SharpZipLib, Version=0.84.0.0, Culture=neutral, PublicKeyToken=1b03e6acf1164f73'
   at System.Reflection.RuntimeAssembly._nLoad(AssemblyName fileName, String codeBase, Evidence assemblySecurity, RuntimeAssembly locationHint, StackCrawlMark& stackMark, IntPtr pPrivHostBinder, Boolean throwOnFileNotFound, Boolean forIntrospection, Boolean suppressSecurityChecks)
   at System.Reflection.RuntimeAssembly.nLoad(AssemblyName fileName, String codeBase, Evidence assemblySecurity, RuntimeAssembly locationHint, StackCrawlMark& stackMark, IntPtr pPrivHostBinder, Boolean throwOnFileNotFound, Boolean forIntrospection, Boolean suppressSecurityChecks)
   at System.Reflection.RuntimeAssembly.InternalLoadAssemblyName(AssemblyName assemblyRef, Evidence assemblySecurity, RuntimeAssembly reqAssembly, StackCrawlMark& stackMark, IntPtr pPrivHostBinder, Boolean throwOnFileNotFound, Boolean forIntrospection, Boolean suppressSecurityChecks)
   at System.Reflection.RuntimeAssembly.InternalLoad(String assemblyString, Evidence assemblySecurity, StackCrawlMark& stackMark, IntPtr pPrivHostBinder, Boolean forIntrospection)
   at System.Reflection.RuntimeAssembly.InternalLoad(String assemblyString, Evidence assemblySecurity, StackCrawlMark& stackMark, Boolean forIntrospection)
   at System.Reflection.Assembly.Load(String assemblyString)
   at Orchard.Environment.DefaultAssemblyLoader.LoadWorker(String shortName, String fullName)
   at Orchard.Environment.DefaultAssemblyLoader.<>c__DisplayClass4.<Load>b__2(String shortName)
   at System.Collections.Concurrent.ConcurrentDictionary`2.GetOrAdd(TKey key, Func`2 valueFactory)
   at Orchard.Environment.DefaultAssemblyLoader.Load(String assemblyName)

WRN: Assembly binding logging is turned OFF.
To enable assembly bind failure logging, set the registry value [HKLM\Software\Microsoft\Fusion!EnableLog] (DWORD) to 1.
Note: There is some performance penalty associated with assembly bind failure logging.
To turn this feature off, remove the registry value [HKLM\Software\Microsoft\Fusion!EnableLog].

2013-02-15 23:14:06,113 [70] Orchard.Environment.Extensions.Compilers.DefaultExtensionCompiler - Assembly reference 'ICSharpCode.SharpZipLib, Version=0.84.0.0, Culture=neutral, PublicKeyToken=1b03e6acf1164f73' for project '/Modules/Vandelay.Industries/Vandelay.Industries.csproj' cannot be loaded
2013-02-15 23:14:06,187 [70] Orchard.Environment.DefaultAssemblyLoader - Error loading assembly 'ICSharpCode.SharpZipLib, Version=0.84.0.0, Culture=neutral, PublicKeyToken=1b03e6acf1164f73'
System.IO.FileNotFoundException: Could not load file or assembly 'ICSharpCode.SharpZipLib, Version=0.84.0.0, Culture=neutral, PublicKeyToken=1b03e6acf1164f73' or one of its dependencies. The system cannot find the file specified.
File name: 'ICSharpCode.SharpZipLib, Version=0.84.0.0, Culture=neutral, PublicKeyToken=1b03e6acf1164f73'
   at System.Reflection.RuntimeAssembly._nLoad(AssemblyName fileName, String codeBase, Evidence assemblySecurity, RuntimeAssembly locationHint, StackCrawlMark& stackMark, IntPtr pPrivHostBinder, Boolean throwOnFileNotFound, Boolean forIntrospection, Boolean suppressSecurityChecks)
   at System.Reflection.RuntimeAssembly.nLoad(AssemblyName fileName, String codeBase, Evidence assemblySecurity, RuntimeAssembly locationHint, StackCrawlMark& stackMark, IntPtr pPrivHostBinder, Boolean throwOnFileNotFound, Boolean forIntrospection, Boolean suppressSecurityChecks)
   at System.Reflection.RuntimeAssembly.InternalLoadAssemblyName(AssemblyName assemblyRef, Evidence assemblySecurity, RuntimeAssembly reqAssembly, StackCrawlMark& stackMark, IntPtr pPrivHostBinder, Boolean throwOnFileNotFound, Boolean forIntrospection, Boolean suppressSecurityChecks)
   at System.Reflection.RuntimeAssembly.InternalLoad(String assemblyString, Evidence assemblySecurity, StackCrawlMark& stackMark, IntPtr pPrivHostBinder, Boolean forIntrospection)
   at System.Reflection.RuntimeAssembly.InternalLoad(String assemblyString, Evidence assemblySecurity, StackCrawlMark& stackMark, Boolean forIntrospection)
   at System.Reflection.Assembly.Load(String assemblyString)
   at Orchard.Environment.DefaultAssemblyLoader.LoadWorker(String shortName, String fullName)
   at Orchard.Environment.DefaultAssemblyLoader.<>c__DisplayClass4.<Load>b__2(String shortName)
   at System.Collections.Concurrent.ConcurrentDictionary`2.GetOrAdd(TKey key, Func`2 valueFactory)
   at Orchard.Environment.DefaultAssemblyLoader.Load(String assemblyName)

WRN: Assembly binding logging is turned OFF.
To enable assembly bind failure logging, set the registry value [HKLM\Software\Microsoft\Fusion!EnableLog] (DWORD) to 1.
Note: There is some performance penalty associated with assembly bind failure logging.
To turn this feature off, remove the registry value [HKLM\Software\Microsoft\Fusion!EnableLog].

2013-02-15 23:14:06,188 [70] Orchard.Environment.Extensions.Compilers.DefaultExtensionCompiler - Assembly reference 'ICSharpCode.SharpZipLib, Version=0.84.0.0, Culture=neutral, PublicKeyToken=1b03e6acf1164f73' for project '/Modules/Vandelay.Industries/Vandelay.Industries.csproj' cannot be loaded
2013-02-15 23:14:06,189 [70] Orchard.Environment.Extensions.ExtensionManager - No suitable loader found for extension "Vandelay.Industries"
2013-02-15 23:14:27,222 [52] Orchard.Environment.Extensions.ExtensionManager - No suitable loader found for extension "Onestop.Disqus"
2013-02-15 23:14:27,309 [80] Orchard.Environment.DefaultAssemblyLoader - Error loading assembly 'ICSharpCode.SharpZipLib, Version=0.84.0.0, Culture=neutral, PublicKeyToken=1b03e6acf1164f73'
System.IO.FileNotFoundException: Could not load file or assembly 'ICSharpCode.SharpZipLib, Version=0.84.0.0, Culture=neutral, PublicKeyToken=1b03e6acf1164f73' or one of its dependencies. The system cannot find the file specified.
File name: 'ICSharpCode.SharpZipLib, Version=0.84.0.0, Culture=neutral, PublicKeyToken=1b03e6acf1164f73'
   at System.Reflection.RuntimeAssembly._nLoad(AssemblyName fileName, String codeBase, Evidence assemblySecurity, RuntimeAssembly locationHint, StackCrawlMark& stackMark, IntPtr pPrivHostBinder, Boolean throwOnFileNotFound, Boolean forIntrospection, Boolean suppressSecurityChecks)
   at System.Reflection.RuntimeAssembly.nLoad(AssemblyName fileName, String codeBase, Evidence assemblySecurity, RuntimeAssembly locationHint, StackCrawlMark& stackMark, IntPtr pPrivHostBinder, Boolean throwOnFileNotFound, Boolean forIntrospection, Boolean suppressSecurityChecks)
   at System.Reflection.RuntimeAssembly.InternalLoadAssemblyName(AssemblyName assemblyRef, Evidence assemblySecurity, RuntimeAssembly reqAssembly, StackCrawlMark& stackMark, IntPtr pPrivHostBinder, Boolean throwOnFileNotFound, Boolean forIntrospection, Boolean suppressSecurityChecks)
   at System.Reflection.RuntimeAssembly.InternalLoad(String assemblyString, Evidence assemblySecurity, StackCrawlMark& stackMark, IntPtr pPrivHostBinder, Boolean forIntrospection)
   at System.Reflection.RuntimeAssembly.InternalLoad(String assemblyString, Evidence assemblySecurity, StackCrawlMark& stackMark, Boolean forIntrospection)
   at System.Reflection.Assembly.Load(String assemblyString)
   at Orchard.Environment.DefaultAssemblyLoader.LoadWorker(String shortName, String fullName)
   at Orchard.Environment.DefaultAssemblyLoader.<>c__DisplayClass4.<Load>b__2(String shortName)
   at System.Collections.Concurrent.ConcurrentDictionary`2.GetOrAdd(TKey key, Func`2 valueFactory)
   at Orchard.Environment.DefaultAssemblyLoader.Load(String assemblyName)

WRN: Assembly binding logging is turned OFF.
To enable assembly bind failure logging, set the registry value [HKLM\Software\Microsoft\Fusion!EnableLog] (DWORD) to 1.
Note: There is some performance penalty associated with assembly bind failure logging.
To turn this feature off, remove the registry value [HKLM\Software\Microsoft\Fusion!EnableLog].

2013-02-15 23:14:27,312 [80] Orchard.Environment.Extensions.Compilers.DefaultExtensionCompiler - Assembly reference 'ICSharpCode.SharpZipLib, Version=0.84.0.0, Culture=neutral, PublicKeyToken=1b03e6acf1164f73' for project '/Modules/Vandelay.Industries/Vandelay.Industries.csproj' cannot be loaded
2013-02-15 23:14:27,388 [80] Orchard.Environment.DefaultAssemblyLoader - Error loading assembly 'ICSharpCode.SharpZipLib, Version=0.84.0.0, Culture=neutral, PublicKeyToken=1b03e6acf1164f73'
System.IO.FileNotFoundException: Could not load file or assembly 'ICSharpCode.SharpZipLib, Version=0.84.0.0, Culture=neutral, PublicKeyToken=1b03e6acf1164f73' or one of its dependencies. The system cannot find the file specified.
File name: 'ICSharpCode.SharpZipLib, Version=0.84.0.0, Culture=neutral, PublicKeyToken=1b03e6acf1164f73'
   at System.Reflection.RuntimeAssembly._nLoad(AssemblyName fileName, String codeBase, Evidence assemblySecurity, RuntimeAssembly locationHint, StackCrawlMark& stackMark, IntPtr pPrivHostBinder, Boolean throwOnFileNotFound, Boolean forIntrospection, Boolean suppressSecurityChecks)
   at System.Reflection.RuntimeAssembly.nLoad(AssemblyName fileName, String codeBase, Evidence assemblySecurity, RuntimeAssembly locationHint, StackCrawlMark& stackMark, IntPtr pPrivHostBinder, Boolean throwOnFileNotFound, Boolean forIntrospection, Boolean suppressSecurityChecks)
   at System.Reflection.RuntimeAssembly.InternalLoadAssemblyName(AssemblyName assemblyRef, Evidence assemblySecurity, RuntimeAssembly reqAssembly, StackCrawlMark& stackMark, IntPtr pPrivHostBinder, Boolean throwOnFileNotFound, Boolean forIntrospection, Boolean suppressSecurityChecks)
   at System.Reflection.RuntimeAssembly.InternalLoad(String assemblyString, Evidence assemblySecurity, StackCrawlMark& stackMark, IntPtr pPrivHostBinder, Boolean forIntrospection)
   at System.Reflection.RuntimeAssembly.InternalLoad(String assemblyString, Evidence assemblySecurity, StackCrawlMark& stackMark, Boolean forIntrospection)
   at System.Reflection.Assembly.Load(String assemblyString)
   at Orchard.Environment.DefaultAssemblyLoader.LoadWorker(String shortName, String fullName)
   at Orchard.Environment.DefaultAssemblyLoader.<>c__DisplayClass4.<Load>b__2(String shortName)
   at System.Collections.Concurrent.ConcurrentDictionary`2.GetOrAdd(TKey key, Func`2 valueFactory)
   at Orchard.Environment.DefaultAssemblyLoader.Load(String assemblyName)

WRN: Assembly binding logging is turned OFF.
To enable assembly bind failure logging, set the registry value [HKLM\Software\Microsoft\Fusion!EnableLog] (DWORD) to 1.
Note: There is some performance penalty associated with assembly bind failure logging.
To turn this feature off, remove the registry value [HKLM\Software\Microsoft\Fusion!EnableLog].

2013-02-15 23:14:27,389 [80] Orchard.Environment.Extensions.Compilers.DefaultExtensionCompiler - Assembly reference 'ICSharpCode.SharpZipLib, Version=0.84.0.0, Culture=neutral, PublicKeyToken=1b03e6acf1164f73' for project '/Modules/Vandelay.Industries/Vandelay.Industries.csproj' cannot be loaded
2013-02-15 23:14:27,390 [80] Orchard.Environment.Extensions.ExtensionManager - No suitable loader found for extension "Vandelay.Industries"
2013-02-15 23:14:44,943 [15] Orchard.Recipes.Services.RecipeHarvester - Could not discover recipes because module 'Vandelay.Industries' was not found.
2013-02-15 23:14:53,727 [94] Orchard.Environment.Extensions.ExtensionManager - No suitable loader found for extension "Vandelay.Industries"
2013-02-15 23:14:54,425 [55] Orchard.Environment.Extensions.ExtensionManager - No suitable loader found for extension "Onestop.Disqus"
2013-02-15 23:16:36,213 [75] Orchard.Environment.Extensions.ExtensionManager - No suitable loader found for extension "Onestop.Disqus"
2013-02-15 23:17:17,549 [74] NHibernate.Util.ADOExceptionReporter - System.Data.SqlServerCe.SqlCeException (0x80004005): A parameter is missing. [ Parameter ordinal = 1 ]
   at System.Data.SqlServerCe.SqlCeDataReader.ProcessResults(Int32 hr)
   at System.Data.SqlServerCe.SqlCeDataReader.IsEndOfRowset(Int32 hr)
   at System.Data.SqlServerCe.SqlCeDataReader.Move(DIRECTION direction)
   at System.Data.SqlServerCe.SqlCeDataReader.Read()
   at NHibernate.Driver.NHybridDataReader.Read()
   at NHibernate.Loader.Loader.DoQuery(ISessionImplementor session, QueryParameters queryParameters, Boolean returnProxies)
   at NHibernate.Loader.Loader.DoQueryAndInitializeNonLazyCollections(ISessionImplementor session, QueryParameters queryParameters, Boolean returnProxies)
   at NHibernate.Loader.Loader.DoList(ISessionImplementor session, QueryParameters queryParameters)
2013-02-15 23:17:17,551 [74] NHibernate.Util.ADOExceptionReporter - A parameter is missing. [ Parameter ordinal = 1 ]
2013-02-15 23:17:17,552 [74] NHibernate.Util.ADOExceptionReporter - System.Data.SqlServerCe.SqlCeException (0x80004005): A parameter is missing. [ Parameter ordinal = 1 ]
   at System.Data.SqlServerCe.SqlCeDataReader.ProcessResults(Int32 hr)
   at System.Data.SqlServerCe.SqlCeDataReader.IsEndOfRowset(Int32 hr)
   at System.Data.SqlServerCe.SqlCeDataReader.Move(DIRECTION direction)
   at System.Data.SqlServerCe.SqlCeDataReader.Read()
   at NHibernate.Driver.NHybridDataReader.Read()
   at NHibernate.Loader.Loader.DoQuery(ISessionImplementor session, QueryParameters queryParameters, Boolean returnProxies)
   at NHibernate.Loader.Loader.DoQueryAndInitializeNonLazyCollections(ISessionImplementor session, QueryParameters queryParameters, Boolean returnProxies)
   at NHibernate.Loader.Loader.DoList(ISessionImplementor session, QueryParameters queryParameters)
2013-02-15 23:17:17,553 [74] NHibernate.Util.ADOExceptionReporter - A parameter is missing. [ Parameter ordinal = 1 ]
2013-02-15 23:17:17,554 [74] Orchard.ContentManagement.DefaultContentManager - GenericADOException thrown from IContentHandler by Contrib.Taxonomies.Handlers.TermPartHandler
NHibernate.Exceptions.GenericADOException: could not execute query
[ select termconten0_.Id as Id4_, termconten0_.Field as Field4_, termconten0_.TermRecord_id as TermRecord3_4_, termconten0_.TermsPartRecord_id as TermsPar4_4_ from Contrib_Taxonomies_TermContentItem termconten0_ inner join Contrib_Taxonomies_TermsPartRecord termspartr1_ on termconten0_.TermsPartRecord_id=termspartr1_.Id where termspartr1_.Id=@p0 ]
  Name:p1 - Value:Orchard.ContentManagement.Records.ContentItemRecord
[SQL: select termconten0_.Id as Id4_, termconten0_.Field as Field4_, termconten0_.TermRecord_id as TermRecord3_4_, termconten0_.TermsPartRecord_id as TermsPar4_4_ from Contrib_Taxonomies_TermContentItem termconten0_ inner join Contrib_Taxonomies_TermsPartRecord termspartr1_ on termconten0_.TermsPartRecord_id=termspartr1_.Id where termspartr1_.Id=@p0] ---> System.Data.SqlServerCe.SqlCeException: A parameter is missing. [ Parameter ordinal = 1 ]
   at System.Data.SqlServerCe.SqlCeDataReader.ProcessResults(Int32 hr)
   at System.Data.SqlServerCe.SqlCeDataReader.IsEndOfRowset(Int32 hr)
   at System.Data.SqlServerCe.SqlCeDataReader.Move(DIRECTION direction)
   at System.Data.SqlServerCe.SqlCeDataReader.Read()
   at NHibernate.Driver.NHybridDataReader.Read()
   at NHibernate.Loader.Loader.DoQuery(ISessionImplementor session, QueryParameters queryParameters, Boolean returnProxies)
   at NHibernate.Loader.Loader.DoQueryAndInitializeNonLazyCollections(ISessionImplementor session, QueryParameters queryParameters, Boolean returnProxies)
   at NHibernate.Loader.Loader.DoList(ISessionImplementor session, QueryParameters queryParameters)
   --- End of inner exception stack trace ---
   at NHibernate.Loader.Loader.DoList(ISessionImplementor session, QueryParameters queryParameters)
   at NHibernate.Loader.Loader.ListIgnoreQueryCache(ISessionImplementor session, QueryParameters queryParameters)
   at NHibernate.Loader.Loader.List(ISessionImplementor session, QueryParameters queryParameters, ISet`1 querySpaces, IType[] resultTypes)
   at NHibernate.Hql.Ast.ANTLR.Loader.QueryLoader.List(ISessionImplementor session, QueryParameters queryParameters)
   at NHibernate.Hql.Ast.ANTLR.QueryTranslatorImpl.List(ISessionImplementor session, QueryParameters queryParameters)
   at NHibernate.Engine.Query.HQLQueryPlan.PerformList(QueryParameters queryParameters, ISessionImplementor session, IList results)
   at NHibernate.Impl.SessionImpl.List(IQueryExpression queryExpression, QueryParameters queryParameters, IList results)
   at NHibernate.Impl.AbstractSessionImpl.List(IQueryExpression queryExpression, QueryParameters parameters)
   at NHibernate.Impl.ExpressionQueryImpl.List()
   at NHibernate.Linq.DefaultQueryProvider.ExecuteQuery(NhLinqExpression nhLinqExpression, IQuery query, NhLinqExpression nhQuery)
   at NHibernate.Linq.DefaultQueryProvider.Execute(Expression expression)
   at NHibernate.Linq.DefaultQueryProvider.Execute[TResult](Expression expression)
   at Remotion.Linq.QueryableBase`1.GetEnumerator()
   at System.Collections.Generic.List`1..ctor(IEnumerable`1 collection)
   at System.Linq.Enumerable.ToList[TSource](IEnumerable`1 source)
   at Orchard.Utility.Extensions.ReadOnlyCollectionExtensions.ToReadOnlyCollection[T](IEnumerable`1 enumerable)
   at Orchard.Data.Repository`1.Orchard.Data.IRepository<T>.Fetch(Expression`1 predicate)
   at Contrib.Taxonomies.Services.TaxonomyService.DeleteAssociatedTerms(ContentItem contentItem)
   at Contrib.Taxonomies.Handlers.TermPartHandler.<>c__DisplayClass8.<.ctor>b__0(RemoveContentContext context, IContent tags)
   at Orchard.ContentManagement.Handlers.ContentHandler.InlineStorageFilter`1.Removed(RemoveContentContext context, TPart instance)
   at Orchard.ContentManagement.Handlers.StorageFilterBase`1.Orchard.ContentManagement.Handlers.IContentStorageFilter.Removed(RemoveContentContext context)
   at Orchard.ContentManagement.Handlers.ContentHandler.Orchard.ContentManagement.Handlers.IContentHandler.Removed(RemoveContentContext context)
   at Orchard.ContentManagement.DefaultContentManager.<>c__DisplayClass48.<Remove>b__47(IContentHandler handler)
   at Orchard.InvokeExtensions.Invoke[TEvents](IEnumerable`1 events, Action`1 dispatch, ILogger logger)
2013-02-15 23:45:22,095 [8] Orchard.Environment.Extensions.ExtensionManager - No suitable loader found for extension "Onestop.Disqus"
