2013-02-22 08:31:44,173 [5] Orchard.Environment.Extensions.ExtensionManager - No suitable loader found for extension "Scicentr"
2013-02-22 08:31:44,893 [15] Orchard.Environment.Extensions.ExtensionManager - No suitable loader found for extension "Onestop.Disqus"
2013-02-22 09:12:48,910 [5] Orchard.Environment.Extensions.ExtensionManager - No suitable loader found for extension "Scicentr"
2013-02-22 09:12:49,625 [16] Orchard.Environment.Extensions.ExtensionManager - No suitable loader found for extension "Onestop.Disqus"
2013-02-22 09:13:19,204 [12] Orchard.Environment.Extensions.ExtensionManager - No suitable loader found for extension "Scicentr"
2013-02-22 09:13:19,878 [7] Orchard.Environment.Extensions.ExtensionManager - No suitable loader found for extension "Onestop.Disqus"
2013-02-22 09:13:21,537 [11] Orchard.Environment.Extensions.ExtensionManager - No suitable loader found for extension "Zumey.LinkRewrite"
2013-02-22 09:13:23,125 [15] Orchard.Environment.Extensions.ExtensionManager - No suitable loader found for extension "Onestop.Navigation"
2013-02-22 10:22:55,030 [8] Orchard.Environment.Extensions.ExtensionManager - No suitable loader found for extension "Onestop.Disqus"
2013-02-22 10:22:55,613 [16] Orchard.Environment.Extensions.ExtensionManager - No suitable loader found for extension "Zumey.LinkRewrite"
2013-02-22 10:22:55,620 [5] Orchard.Environment.Extensions.ExtensionManager - No suitable loader found for extension "Scicentr"
2013-02-22 10:24:40,827 [12] Orchard.Environment.Extensions.ExtensionManager - No suitable loader found for extension "Onestop.Navigation"
2013-02-22 11:56:52,746 [5] Orchard.Environment.Extensions.ExtensionManager - No suitable loader found for extension "Scicentr"
2013-02-22 11:56:53,625 [6] Orchard.Environment.Extensions.ExtensionManager - No suitable loader found for extension "Onestop.Disqus"
2013-02-22 12:42:55,861 [7] Orchard.Environment.Extensions.ExtensionManager - No suitable loader found for extension "Scicentr"
2013-02-22 12:42:57,590 [13] Orchard.Environment.Extensions.ExtensionManager - No suitable loader found for extension "Onestop.Disqus"
2013-02-22 12:47:38,593 [5] Orchard.Environment.Extensions.ExtensionManager - No suitable loader found for extension "Scicentr"
2013-02-22 12:47:39,231 [7] Orchard.Environment.Extensions.ExtensionManager - No suitable loader found for extension "Onestop.Disqus"
2013-02-22 12:58:15,100 [77] Orchard.Environment.Extensions.ExtensionManager - No suitable loader found for extension "Scicentr"
2013-02-22 12:58:15,754 [75] Orchard.Environment.Extensions.ExtensionManager - No suitable loader found for extension "Onestop.Disqus"
2013-02-22 13:09:08,839 [69] Orchard.Environment.Extensions.ExtensionManager - No suitable loader found for extension "Scicentr"
2013-02-22 13:09:09,480 [73] Orchard.Environment.Extensions.ExtensionManager - No suitable loader found for extension "Onestop.Disqus"
2013-02-22 13:10:01,582 [46] Orchard.Environment.Extensions.ExtensionManager - No suitable loader found for extension "Zumey.LinkRewrite"
2013-02-22 13:10:02,767 [54] Orchard.Environment.Extensions.ExtensionManager - No suitable loader found for extension "Onestop.Navigation"
2013-02-22 13:40:36,671 [229] Orchard.Environment.Extensions.ExtensionManager - No suitable loader found for extension "Scicentr"
2013-02-22 13:40:37,694 [237] Orchard.Environment.Extensions.ExtensionManager - No suitable loader found for extension "Onestop.Disqus"
2013-02-22 13:44:06,436 [1] Orchard.Environment.Extensions.ExtensionManager - No suitable loader found for extension "Scicentr"
2013-02-22 13:44:06,695 [14] Orchard.Environment.Extensions.ExtensionManager - No suitable loader found for extension "Onestop.Disqus"
2013-02-22 13:49:49,223 [186] Orchard.DisplayManagement.Implementation.DefaultDisplayManager - RuntimeBinderException thrown from Action`1 by System.Action`1[[Orchard.DisplayManagement.Implementation.ShapeDisplayingContext, Orchard.Framework, Version=1.6.0.0, Culture=neutral, PublicKeyToken=null]]
Microsoft.CSharp.RuntimeBinder.RuntimeBinderException: Cannot implicitly convert type 'Orchard.Modules.Models.ModuleEntry' to 'Orchard.ContentManagement.ContentPart'
   at CallSite.Target(Closure , CallSite , Object )
   at System.Dynamic.UpdateDelegates.UpdateAndExecute1[T0,TRet](CallSite site, T0 arg0)
   at Orchard.DesignerTools.Services.WidgetAlternatesFactory.<Displaying>b__5(ShapeDisplayingContext displayedContext)
   at Orchard.DisplayManagement.Implementation.DefaultDisplayManager.<>c__DisplayClassc.<Execute>b__5(Action`1 action)
   at Orchard.InvokeExtensions.Invoke[TEvents](IEnumerable`1 events, Action`1 dispatch, ILogger logger)
2013-02-22 13:49:49,649 [186] Orchard.DisplayManagement.Implementation.DefaultDisplayManager - RuntimeBinderException thrown from Action`1 by System.Action`1[[Orchard.DisplayManagement.Implementation.ShapeDisplayingContext, Orchard.Framework, Version=1.6.0.0, Culture=neutral, PublicKeyToken=null]]
Microsoft.CSharp.RuntimeBinder.RuntimeBinderException: Cannot implicitly convert type 'Orchard.Modules.Models.ModuleEntry' to 'Orchard.ContentManagement.ContentPart'
   at CallSite.Target(Closure , CallSite , Object )
   at Orchard.DesignerTools.Services.WidgetAlternatesFactory.<Displaying>b__5(ShapeDisplayingContext displayedContext)
   at Orchard.DisplayManagement.Implementation.DefaultDisplayManager.<>c__DisplayClassc.<Execute>b__5(Action`1 action)
   at Orchard.InvokeExtensions.Invoke[TEvents](IEnumerable`1 events, Action`1 dispatch, ILogger logger)
2013-02-22 13:49:49,651 [186] Orchard.DisplayManagement.Implementation.DefaultDisplayManager - RuntimeBinderException thrown from Action`1 by System.Action`1[[Orchard.DisplayManagement.Implementation.ShapeDisplayingContext, Orchard.Framework, Version=1.6.0.0, Culture=neutral, PublicKeyToken=null]]
Microsoft.CSharp.RuntimeBinder.RuntimeBinderException: Cannot implicitly convert type 'Orchard.Modules.Models.ModuleEntry' to 'Orchard.ContentManagement.ContentPart'
   at CallSite.Target(Closure , CallSite , Object )
   at Orchard.DesignerTools.Services.WidgetAlternatesFactory.<Displaying>b__5(ShapeDisplayingContext displayedContext)
   at Orchard.DisplayManagement.Implementation.DefaultDisplayManager.<>c__DisplayClassc.<Execute>b__5(Action`1 action)
   at Orchard.InvokeExtensions.Invoke[TEvents](IEnumerable`1 events, Action`1 dispatch, ILogger logger)
2013-02-22 13:49:49,652 [186] Orchard.DisplayManagement.Implementation.DefaultDisplayManager - RuntimeBinderException thrown from Action`1 by System.Action`1[[Orchard.DisplayManagement.Implementation.ShapeDisplayingContext, Orchard.Framework, Version=1.6.0.0, Culture=neutral, PublicKeyToken=null]]
Microsoft.CSharp.RuntimeBinder.RuntimeBinderException: Cannot implicitly convert type 'Orchard.Modules.Models.ModuleEntry' to 'Orchard.ContentManagement.ContentPart'
   at CallSite.Target(Closure , CallSite , Object )
   at Orchard.DesignerTools.Services.WidgetAlternatesFactory.<Displaying>b__5(ShapeDisplayingContext displayedContext)
   at Orchard.DisplayManagement.Implementation.DefaultDisplayManager.<>c__DisplayClassc.<Execute>b__5(Action`1 action)
   at Orchard.InvokeExtensions.Invoke[TEvents](IEnumerable`1 events, Action`1 dispatch, ILogger logger)
2013-02-22 13:49:49,653 [186] Orchard.DisplayManagement.Implementation.DefaultDisplayManager - RuntimeBinderException thrown from Action`1 by System.Action`1[[Orchard.DisplayManagement.Implementation.ShapeDisplayingContext, Orchard.Framework, Version=1.6.0.0, Culture=neutral, PublicKeyToken=null]]
Microsoft.CSharp.RuntimeBinder.RuntimeBinderException: Cannot implicitly convert type 'Orchard.Modules.Models.ModuleEntry' to 'Orchard.ContentManagement.ContentPart'
   at CallSite.Target(Closure , CallSite , Object )
   at Orchard.DesignerTools.Services.WidgetAlternatesFactory.<Displaying>b__5(ShapeDisplayingContext displayedContext)
   at Orchard.DisplayManagement.Implementation.DefaultDisplayManager.<>c__DisplayClassc.<Execute>b__5(Action`1 action)
   at Orchard.InvokeExtensions.Invoke[TEvents](IEnumerable`1 events, Action`1 dispatch, ILogger logger)
2013-02-22 13:49:49,654 [186] Orchard.DisplayManagement.Implementation.DefaultDisplayManager - RuntimeBinderException thrown from Action`1 by System.Action`1[[Orchard.DisplayManagement.Implementation.ShapeDisplayingContext, Orchard.Framework, Version=1.6.0.0, Culture=neutral, PublicKeyToken=null]]
Microsoft.CSharp.RuntimeBinder.RuntimeBinderException: Cannot implicitly convert type 'Orchard.Modules.Models.ModuleEntry' to 'Orchard.ContentManagement.ContentPart'
   at CallSite.Target(Closure , CallSite , Object )
   at Orchard.DesignerTools.Services.WidgetAlternatesFactory.<Displaying>b__5(ShapeDisplayingContext displayedContext)
   at Orchard.DisplayManagement.Implementation.DefaultDisplayManager.<>c__DisplayClassc.<Execute>b__5(Action`1 action)
   at Orchard.InvokeExtensions.Invoke[TEvents](IEnumerable`1 events, Action`1 dispatch, ILogger logger)
2013-02-22 13:49:49,655 [186] Orchard.DisplayManagement.Implementation.DefaultDisplayManager - RuntimeBinderException thrown from Action`1 by System.Action`1[[Orchard.DisplayManagement.Implementation.ShapeDisplayingContext, Orchard.Framework, Version=1.6.0.0, Culture=neutral, PublicKeyToken=null]]
Microsoft.CSharp.RuntimeBinder.RuntimeBinderException: Cannot implicitly convert type 'Orchard.Modules.Models.ModuleEntry' to 'Orchard.ContentManagement.ContentPart'
   at CallSite.Target(Closure , CallSite , Object )
   at Orchard.DesignerTools.Services.WidgetAlternatesFactory.<Displaying>b__5(ShapeDisplayingContext displayedContext)
   at Orchard.DisplayManagement.Implementation.DefaultDisplayManager.<>c__DisplayClassc.<Execute>b__5(Action`1 action)
   at Orchard.InvokeExtensions.Invoke[TEvents](IEnumerable`1 events, Action`1 dispatch, ILogger logger)
2013-02-22 13:49:49,656 [186] Orchard.DisplayManagement.Implementation.DefaultDisplayManager - RuntimeBinderException thrown from Action`1 by System.Action`1[[Orchard.DisplayManagement.Implementation.ShapeDisplayingContext, Orchard.Framework, Version=1.6.0.0, Culture=neutral, PublicKeyToken=null]]
Microsoft.CSharp.RuntimeBinder.RuntimeBinderException: Cannot implicitly convert type 'Orchard.Modules.Models.ModuleEntry' to 'Orchard.ContentManagement.ContentPart'
   at CallSite.Target(Closure , CallSite , Object )
   at Orchard.DesignerTools.Services.WidgetAlternatesFactory.<Displaying>b__5(ShapeDisplayingContext displayedContext)
   at Orchard.DisplayManagement.Implementation.DefaultDisplayManager.<>c__DisplayClassc.<Execute>b__5(Action`1 action)
   at Orchard.InvokeExtensions.Invoke[TEvents](IEnumerable`1 events, Action`1 dispatch, ILogger logger)
2013-02-22 13:49:49,657 [186] Orchard.DisplayManagement.Implementation.DefaultDisplayManager - RuntimeBinderException thrown from Action`1 by System.Action`1[[Orchard.DisplayManagement.Implementation.ShapeDisplayingContext, Orchard.Framework, Version=1.6.0.0, Culture=neutral, PublicKeyToken=null]]
Microsoft.CSharp.RuntimeBinder.RuntimeBinderException: Cannot implicitly convert type 'Orchard.Modules.Models.ModuleEntry' to 'Orchard.ContentManagement.ContentPart'
   at CallSite.Target(Closure , CallSite , Object )
   at Orchard.DesignerTools.Services.WidgetAlternatesFactory.<Displaying>b__5(ShapeDisplayingContext displayedContext)
   at Orchard.DisplayManagement.Implementation.DefaultDisplayManager.<>c__DisplayClassc.<Execute>b__5(Action`1 action)
   at Orchard.InvokeExtensions.Invoke[TEvents](IEnumerable`1 events, Action`1 dispatch, ILogger logger)
2013-02-22 13:49:49,658 [186] Orchard.DisplayManagement.Implementation.DefaultDisplayManager - RuntimeBinderException thrown from Action`1 by System.Action`1[[Orchard.DisplayManagement.Implementation.ShapeDisplayingContext, Orchard.Framework, Version=1.6.0.0, Culture=neutral, PublicKeyToken=null]]
Microsoft.CSharp.RuntimeBinder.RuntimeBinderException: Cannot implicitly convert type 'Orchard.Modules.Models.ModuleEntry' to 'Orchard.ContentManagement.ContentPart'
   at CallSite.Target(Closure , CallSite , Object )
   at Orchard.DesignerTools.Services.WidgetAlternatesFactory.<Displaying>b__5(ShapeDisplayingContext displayedContext)
   at Orchard.DisplayManagement.Implementation.DefaultDisplayManager.<>c__DisplayClassc.<Execute>b__5(Action`1 action)
   at Orchard.InvokeExtensions.Invoke[TEvents](IEnumerable`1 events, Action`1 dispatch, ILogger logger)
2013-02-22 13:50:06,280 [200] Orchard.Environment.Extensions.ExtensionManager - No suitable loader found for extension "Onestop.Navigation"
2013-02-22 13:50:06,831 [199] Orchard.Environment.Extensions.ExtensionManager - No suitable loader found for extension "Zumey.LinkRewrite"
2013-02-22 14:01:07,288 [166] Orchard.Environment.Extensions.ExtensionManager - No suitable loader found for extension "Scicentr"
2013-02-22 14:04:47,478 [156] Orchard.Environment.Extensions.ExtensionManager - No suitable loader found for extension "Scicentr"
2013-02-22 14:05:30,262 [224] Orchard.Environment.Extensions.ExtensionManager - No suitable loader found for extension "Zumey.LinkRewrite"
2013-02-22 14:05:30,912 [171] Orchard.Environment.Extensions.ExtensionManager - No suitable loader found for extension "Onestop.Disqus"
2013-02-22 14:05:32,152 [156] Orchard.Environment.Extensions.ExtensionManager - No suitable loader found for extension "Onestop.Navigation"
2013-02-22 14:05:32,464 [224] Orchard.Environment.Extensions.ExtensionManager - No suitable loader found for extension "Scicentr"
2013-02-22 14:09:57,242 [185] Orchard.Environment.Extensions.ExtensionManager - No suitable loader found for extension "Scicentr"
2013-02-22 14:44:37,738 [5] Orchard.Environment.Extensions.ExtensionManager - No suitable loader found for extension "Scicentr"
2013-02-22 16:04:01,040 [5] Orchard.Environment.Extensions.ExtensionManager - No suitable loader found for extension "Scicentr"
2013-02-22 16:07:41,013 [55] Orchard.Environment.Extensions.ExtensionManager - No suitable loader found for extension "Scicentr"
2013-02-22 16:10:13,463 [17] Orchard.Environment.Extensions.ExtensionManager - No suitable loader found for extension "Scicentr"
2013-02-22 16:12:04,504 [57] Orchard.Environment.Extensions.ExtensionManager - No suitable loader found for extension "Onestop.Navigation"
2013-02-22 16:12:05,082 [54] Orchard.Environment.Extensions.ExtensionManager - No suitable loader found for extension "Zumey.LinkRewrite"
2013-02-22 16:12:05,727 [37] Orchard.Environment.Extensions.ExtensionManager - No suitable loader found for extension "Onestop.Disqus"
2013-02-22 16:20:57,504 [63] Orchard.Environment.Extensions.ExtensionManager - No suitable loader found for extension "Scicentr"
2013-02-22 16:30:35,541 [116] Orchard.Environment.Extensions.ExtensionManager - No suitable loader found for extension "Scicentr"
2013-02-22 16:34:54,584 [102] Orchard.Environment.Extensions.ExtensionManager - No suitable loader found for extension "Zumey.LinkRewrite"
2013-02-22 16:34:55,255 [58] Orchard.Environment.Extensions.ExtensionManager - No suitable loader found for extension "Onestop.Disqus"
2013-02-22 16:34:56,518 [113] Orchard.Environment.Extensions.ExtensionManager - No suitable loader found for extension "Onestop.Navigation"
2013-02-22 16:36:36,944 [109] Orchard.Environment.Extensions.ExtensionManager - No suitable loader found for extension "Scicentr"
2013-02-22 16:39:56,809 [121] Orchard.Environment.Extensions.ExtensionManager - No suitable loader found for extension "Scicentr"
2013-02-22 16:58:15,720 [95] Orchard.Environment.Extensions.ExtensionManager - No suitable loader found for extension "Zumey.LinkRewrite"
2013-02-22 16:58:16,972 [107] Orchard.Environment.Extensions.ExtensionManager - No suitable loader found for extension "Onestop.Navigation"
2013-02-22 16:58:17,654 [8] Orchard.Environment.Extensions.ExtensionManager - No suitable loader found for extension "Onestop.Disqus"
2013-02-22 16:58:51,640 [36] Orchard.Environment.Extensions.ExtensionManager - No suitable loader found for extension "Scicentr"
2013-02-22 17:00:19,320 [108] Orchard.Environment.Extensions.ExtensionManager - No suitable loader found for extension "Zumey.LinkRewrite"
2013-02-22 17:00:20,597 [121] Orchard.Environment.Extensions.ExtensionManager - No suitable loader found for extension "Onestop.Navigation"
2013-02-22 17:00:21,274 [70] Orchard.Environment.Extensions.ExtensionManager - No suitable loader found for extension "Onestop.Disqus"
2013-02-22 17:18:20,164 [185] Orchard.Exceptions.DefaultExceptionPolicy - An unexpected exception was caught
NHibernate.ObjectNotFoundException: No row with the given identifier exists[Orchard.Projections.Models.FilterRecord#15]
   at NHibernate.Impl.SessionFactoryImpl.DefaultEntityNotFoundDelegate.HandleEntityNotFound(String entityName, Object id)
   at NHibernate.Event.Default.DefaultLoadEventListener.Load(LoadEvent event, IEntityPersister persister, EntityKey keyToLoad, LoadType options)
   at Orchard.Data.Providers.AbstractDataServicesProvider.OrchardLoadEventListener.OnLoad(LoadEvent event, LoadType loadType)
   at NHibernate.Impl.SessionImpl.FireLoad(LoadEvent event, LoadType loadType)
   at NHibernate.Impl.SessionImpl.InternalLoad(String entityName, Object id, Boolean eager, Boolean isNullable)
   at NHibernate.Type.EntityType.ResolveIdentifier(Object id, ISessionImplementor session)
   at NHibernate.Collection.PersistentBag.InitializeFromCache(ICollectionPersister persister, Object disassembled, Object owner)
   at NHibernate.Cache.Entry.CollectionCacheEntry.Assemble(IPersistentCollection collection, ICollectionPersister persister, Object owner)
   at NHibernate.Event.Default.DefaultInitializeCollectionEventListener.InitializeCollectionFromCache(Object id, ICollectionPersister persister, IPersistentCollection collection, ISessionImplementor source)
   at NHibernate.Event.Default.DefaultInitializeCollectionEventListener.OnInitializeCollection(InitializeCollectionEvent event)
   at NHibernate.Impl.SessionImpl.InitializeCollection(IPersistentCollection collection, Boolean writing)
   at NHibernate.Collection.Generic.PersistentGenericBag`1.System.Collections.Generic.IEnumerable<T>.GetEnumerator()
   at Orchard.Projections.Controllers.AdminController.Edit(Int32 id)
   at lambda_method(Closure , ControllerBase , Object[] )
   at System.Web.Mvc.ReflectedActionDescriptor.Execute(ControllerContext controllerContext, IDictionary`2 parameters)
   at System.Web.Mvc.ControllerActionInvoker.InvokeActionMethod(ControllerContext controllerContext, ActionDescriptor actionDescriptor, IDictionary`2 parameters)
   at System.Web.Mvc.ControllerActionInvoker.<>c__DisplayClass13.<InvokeActionMethodWithFilters>b__10()
   at System.Web.Mvc.ControllerActionInvoker.InvokeActionMethodFilter(IActionFilter filter, ActionExecutingContext preContext, Func`1 continuation)
   at System.Web.Mvc.ControllerActionInvoker.InvokeActionMethodFilter(IActionFilter filter, ActionExecutingContext preContext, Func`1 continuation)
   at System.Web.Mvc.ControllerActionInvoker.InvokeActionMethodFilter(IActionFilter filter, ActionExecutingContext preContext, Func`1 continuation)
2013-02-22 17:24:07,988 [158] Orchard.Exceptions.DefaultExceptionPolicy - An unexpected exception was caught
System.InvalidCastException: Unable to cast object of type 'Newtonsoft.Json.Linq.JValue' to type 'System.IConvertible'.
   at CallSite.Target(Closure , CallSite , Type , Object )
   at System.Dynamic.UpdateDelegates.UpdateAndExecute2[T0,T1,TRet](CallSite site, T0 arg0, T1 arg1)
   at Contrib.Taxonomies.Projections.TermsFilter.DisplayFilter(Object context)
   at Orchard.Projections.Controllers.AdminController.Edit(Int32 id)
   at lambda_method(Closure , ControllerBase , Object[] )
   at System.Web.Mvc.ReflectedActionDescriptor.Execute(ControllerContext controllerContext, IDictionary`2 parameters)
   at System.Web.Mvc.ControllerActionInvoker.InvokeActionMethod(ControllerContext controllerContext, ActionDescriptor actionDescriptor, IDictionary`2 parameters)
   at System.Web.Mvc.ControllerActionInvoker.<>c__DisplayClass13.<InvokeActionMethodWithFilters>b__10()
   at System.Web.Mvc.ControllerActionInvoker.InvokeActionMethodFilter(IActionFilter filter, ActionExecutingContext preContext, Func`1 continuation)
   at System.Web.Mvc.ControllerActionInvoker.InvokeActionMethodFilter(IActionFilter filter, ActionExecutingContext preContext, Func`1 continuation)
   at System.Web.Mvc.ControllerActionInvoker.InvokeActionMethodFilter(IActionFilter filter, ActionExecutingContext preContext, Func`1 continuation)
2013-02-22 17:24:11,006 [159] Orchard.Exceptions.DefaultExceptionPolicy - An unexpected exception was caught
System.InvalidCastException: Unable to cast object of type 'Newtonsoft.Json.Linq.JValue' to type 'System.IConvertible'.
   at CallSite.Target(Closure , CallSite , Type , Object )
   at Contrib.Taxonomies.Projections.TermsFilter.DisplayFilter(Object context)
   at Orchard.Projections.Controllers.AdminController.Edit(Int32 id)
   at lambda_method(Closure , ControllerBase , Object[] )
   at System.Web.Mvc.ReflectedActionDescriptor.Execute(ControllerContext controllerContext, IDictionary`2 parameters)
   at System.Web.Mvc.ControllerActionInvoker.InvokeActionMethod(ControllerContext controllerContext, ActionDescriptor actionDescriptor, IDictionary`2 parameters)
   at System.Web.Mvc.ControllerActionInvoker.<>c__DisplayClass13.<InvokeActionMethodWithFilters>b__10()
   at System.Web.Mvc.ControllerActionInvoker.InvokeActionMethodFilter(IActionFilter filter, ActionExecutingContext preContext, Func`1 continuation)
   at System.Web.Mvc.ControllerActionInvoker.InvokeActionMethodFilter(IActionFilter filter, ActionExecutingContext preContext, Func`1 continuation)
   at System.Web.Mvc.ControllerActionInvoker.InvokeActionMethodFilter(IActionFilter filter, ActionExecutingContext preContext, Func`1 continuation)
2013-02-22 17:24:12,697 [160] Orchard.Exceptions.DefaultExceptionPolicy - An unexpected exception was caught
System.InvalidCastException: Unable to cast object of type 'Newtonsoft.Json.Linq.JValue' to type 'System.IConvertible'.
   at CallSite.Target(Closure , CallSite , Type , Object )
   at Contrib.Taxonomies.Projections.TermsFilter.DisplayFilter(Object context)
   at Orchard.Projections.Controllers.AdminController.Edit(Int32 id)
   at lambda_method(Closure , ControllerBase , Object[] )
   at System.Web.Mvc.ReflectedActionDescriptor.Execute(ControllerContext controllerContext, IDictionary`2 parameters)
   at System.Web.Mvc.ControllerActionInvoker.InvokeActionMethod(ControllerContext controllerContext, ActionDescriptor actionDescriptor, IDictionary`2 parameters)
   at System.Web.Mvc.ControllerActionInvoker.<>c__DisplayClass13.<InvokeActionMethodWithFilters>b__10()
   at System.Web.Mvc.ControllerActionInvoker.InvokeActionMethodFilter(IActionFilter filter, ActionExecutingContext preContext, Func`1 continuation)
   at System.Web.Mvc.ControllerActionInvoker.InvokeActionMethodFilter(IActionFilter filter, ActionExecutingContext preContext, Func`1 continuation)
   at System.Web.Mvc.ControllerActionInvoker.InvokeActionMethodFilter(IActionFilter filter, ActionExecutingContext preContext, Func`1 continuation)
2013-02-22 17:24:13,745 [165] Orchard.Exceptions.DefaultExceptionPolicy - An unexpected exception was caught
System.InvalidCastException: Unable to cast object of type 'Newtonsoft.Json.Linq.JValue' to type 'System.IConvertible'.
   at CallSite.Target(Closure , CallSite , Type , Object )
   at Contrib.Taxonomies.Projections.TermsFilter.DisplayFilter(Object context)
   at Orchard.Projections.Controllers.AdminController.Edit(Int32 id)
   at lambda_method(Closure , ControllerBase , Object[] )
   at System.Web.Mvc.ReflectedActionDescriptor.Execute(ControllerContext controllerContext, IDictionary`2 parameters)
   at System.Web.Mvc.ControllerActionInvoker.InvokeActionMethod(ControllerContext controllerContext, ActionDescriptor actionDescriptor, IDictionary`2 parameters)
   at System.Web.Mvc.ControllerActionInvoker.<>c__DisplayClass13.<InvokeActionMethodWithFilters>b__10()
   at System.Web.Mvc.ControllerActionInvoker.InvokeActionMethodFilter(IActionFilter filter, ActionExecutingContext preContext, Func`1 continuation)
   at System.Web.Mvc.ControllerActionInvoker.InvokeActionMethodFilter(IActionFilter filter, ActionExecutingContext preContext, Func`1 continuation)
   at System.Web.Mvc.ControllerActionInvoker.InvokeActionMethodFilter(IActionFilter filter, ActionExecutingContext preContext, Func`1 continuation)
2013-02-22 17:24:25,087 [79] Orchard.Exceptions.DefaultExceptionPolicy - An unexpected exception was caught
System.InvalidCastException: Unable to cast object of type 'Newtonsoft.Json.Linq.JValue' to type 'System.IConvertible'.
   at CallSite.Target(Closure , CallSite , Type , Object )
   at Contrib.Taxonomies.Projections.TermsFilter.DisplayFilter(Object context)
   at Orchard.Projections.Controllers.AdminController.Edit(Int32 id)
   at lambda_method(Closure , ControllerBase , Object[] )
   at System.Web.Mvc.ReflectedActionDescriptor.Execute(ControllerContext controllerContext, IDictionary`2 parameters)
   at System.Web.Mvc.ControllerActionInvoker.InvokeActionMethod(ControllerContext controllerContext, ActionDescriptor actionDescriptor, IDictionary`2 parameters)
   at System.Web.Mvc.ControllerActionInvoker.<>c__DisplayClass13.<InvokeActionMethodWithFilters>b__10()
   at System.Web.Mvc.ControllerActionInvoker.InvokeActionMethodFilter(IActionFilter filter, ActionExecutingContext preContext, Func`1 continuation)
   at System.Web.Mvc.ControllerActionInvoker.InvokeActionMethodFilter(IActionFilter filter, ActionExecutingContext preContext, Func`1 continuation)
   at System.Web.Mvc.ControllerActionInvoker.InvokeActionMethodFilter(IActionFilter filter, ActionExecutingContext preContext, Func`1 continuation)
2013-02-22 17:24:41,662 [183] Orchard.Exceptions.DefaultExceptionPolicy - An unexpected exception was caught
System.InvalidCastException: Unable to cast object of type 'Newtonsoft.Json.Linq.JValue' to type 'System.IConvertible'.
   at CallSite.Target(Closure , CallSite , Type , Object )
   at System.Dynamic.UpdateDelegates.UpdateAndExecute2[T0,T1,TRet](CallSite site, T0 arg0, T1 arg1)
   at Contrib.Taxonomies.Projections.TermsFilter.ApplyFilter(Object context)
   at Orchard.Projections.Services.ProjectionManager.<GetContentQueries>d__1b.MoveNext()
   at Orchard.Projections.Services.ProjectionManager.GetContentItems(Int32 queryId, Int32 skip, Int32 count)
   at Orchard.Projections.Controllers.AdminController.Preview(Int32 id)
   at lambda_method(Closure , ControllerBase , Object[] )
   at System.Web.Mvc.ReflectedActionDescriptor.Execute(ControllerContext controllerContext, IDictionary`2 parameters)
   at System.Web.Mvc.ControllerActionInvoker.InvokeActionMethod(ControllerContext controllerContext, ActionDescriptor actionDescriptor, IDictionary`2 parameters)
   at System.Web.Mvc.ControllerActionInvoker.<>c__DisplayClass13.<InvokeActionMethodWithFilters>b__10()
   at System.Web.Mvc.ControllerActionInvoker.InvokeActionMethodFilter(IActionFilter filter, ActionExecutingContext preContext, Func`1 continuation)
   at System.Web.Mvc.ControllerActionInvoker.InvokeActionMethodFilter(IActionFilter filter, ActionExecutingContext preContext, Func`1 continuation)
   at System.Web.Mvc.ControllerActionInvoker.InvokeActionMethodFilter(IActionFilter filter, ActionExecutingContext preContext, Func`1 continuation)
2013-02-22 18:41:44,643 [5] Orchard.Environment.Extensions.ExtensionManager - No suitable loader found for extension "Scicentr"
2013-02-22 19:14:53,148 [29] NHibernate.AdoNet.AbstractBatcher - Could not execute command: INSERT INTO Orchard_Framework_ContentItemVersionRecord (Number, Published, Latest, Data, ContentItemRecord_id) VALUES (@p0, @p1, @p2, @p3, @p4)
System.Data.SqlServerCe.SqlCeLockTimeoutException (0x80004005): SQL Server Compact timed out waiting for a lock. The default lock time is 2000ms for devices and 5000ms for desktops. The default lock timeout can be increased in the connection string using the ssce: default lock timeout property. [ Session id = 2,Thread id = 6464,Process id = 6608,Table name = Orchard_Framework_ContentItemVersionRecord,Conflict type = ix lock (s blocks),Resource = TAB ]
   at System.Data.SqlServerCe.SqlCeCommand.ProcessResults(Int32 hr)
   at System.Data.SqlServerCe.SqlCeCommand.ExecuteCommandText(IntPtr& pCursor, Boolean& isBaseTableCursor)
   at System.Data.SqlServerCe.SqlCeCommand.ExecuteCommand(CommandBehavior behavior, String method, ResultSetOptions options)
   at System.Data.SqlServerCe.SqlCeCommand.ExecuteNonQuery()
   at NHibernate.AdoNet.AbstractBatcher.ExecuteNonQuery(IDbCommand cmd)
2013-02-22 19:14:53,156 [29] NHibernate.Util.ADOExceptionReporter - System.Data.SqlServerCe.SqlCeLockTimeoutException (0x80004005): SQL Server Compact timed out waiting for a lock. The default lock time is 2000ms for devices and 5000ms for desktops. The default lock timeout can be increased in the connection string using the ssce: default lock timeout property. [ Session id = 2,Thread id = 6464,Process id = 6608,Table name = Orchard_Framework_ContentItemVersionRecord,Conflict type = ix lock (s blocks),Resource = TAB ]
   at System.Data.SqlServerCe.SqlCeCommand.ProcessResults(Int32 hr)
   at System.Data.SqlServerCe.SqlCeCommand.ExecuteCommandText(IntPtr& pCursor, Boolean& isBaseTableCursor)
   at System.Data.SqlServerCe.SqlCeCommand.ExecuteCommand(CommandBehavior behavior, String method, ResultSetOptions options)
   at System.Data.SqlServerCe.SqlCeCommand.ExecuteNonQuery()
   at NHibernate.AdoNet.AbstractBatcher.ExecuteNonQuery(IDbCommand cmd)
   at NHibernate.Id.Insert.AbstractSelectingDelegate.PerformInsert(SqlCommandInfo insertSQL, ISessionImplementor session, IBinder binder)
2013-02-22 19:14:53,157 [29] NHibernate.Util.ADOExceptionReporter - SQL Server Compact timed out waiting for a lock. The default lock time is 2000ms for devices and 5000ms for desktops. The default lock timeout can be increased in the connection string using the ssce: default lock timeout property. [ Session id = 2,Thread id = 6464,Process id = 6608,Table name = Orchard_Framework_ContentItemVersionRecord,Conflict type = ix lock (s blocks),Resource = TAB ]
2013-02-22 19:14:53,160 [29] Orchard.Exceptions.DefaultExceptionPolicy - An unexpected exception was caught
NHibernate.Exceptions.GenericADOException: could not insert: [Orchard.ContentManagement.Records.ContentItemVersionRecord][SQL: INSERT INTO Orchard_Framework_ContentItemVersionRecord (Number, Published, Latest, Data, ContentItemRecord_id) VALUES (?, ?, ?, ?, ?)] ---> System.Data.SqlServerCe.SqlCeLockTimeoutException: SQL Server Compact timed out waiting for a lock. The default lock time is 2000ms for devices and 5000ms for desktops. The default lock timeout can be increased in the connection string using the ssce: default lock timeout property. [ Session id = 2,Thread id = 6464,Process id = 6608,Table name = Orchard_Framework_ContentItemVersionRecord,Conflict type = ix lock (s blocks),Resource = TAB ]
   at System.Data.SqlServerCe.SqlCeCommand.ProcessResults(Int32 hr)
   at System.Data.SqlServerCe.SqlCeCommand.ExecuteCommandText(IntPtr& pCursor, Boolean& isBaseTableCursor)
   at System.Data.SqlServerCe.SqlCeCommand.ExecuteCommand(CommandBehavior behavior, String method, ResultSetOptions options)
   at System.Data.SqlServerCe.SqlCeCommand.ExecuteNonQuery()
   at NHibernate.AdoNet.AbstractBatcher.ExecuteNonQuery(IDbCommand cmd)
   at NHibernate.Id.Insert.AbstractSelectingDelegate.PerformInsert(SqlCommandInfo insertSQL, ISessionImplementor session, IBinder binder)
   --- End of inner exception stack trace ---
   at NHibernate.Id.Insert.AbstractSelectingDelegate.PerformInsert(SqlCommandInfo insertSQL, ISessionImplementor session, IBinder binder)
   at NHibernate.Persister.Entity.AbstractEntityPersister.Insert(Object[] fields, Object obj, ISessionImplementor session)
   at NHibernate.Action.EntityIdentityInsertAction.Execute()
   at NHibernate.Engine.ActionQueue.Execute(IExecutable executable)
   at NHibernate.Event.Default.AbstractSaveEventListener.PerformSaveOrReplicate(Object entity, EntityKey key, IEntityPersister persister, Boolean useIdentityColumn, Object anything, IEventSource source, Boolean requiresImmediateIdAccess)
   at NHibernate.Event.Default.AbstractSaveEventListener.SaveWithGeneratedId(Object entity, String entityName, Object anything, IEventSource source, Boolean requiresImmediateIdAccess)
   at NHibernate.Event.Default.DefaultSaveOrUpdateEventListener.SaveWithGeneratedOrRequestedId(SaveOrUpdateEvent event)
   at NHibernate.Event.Default.DefaultSaveOrUpdateEventListener.EntityIsTransient(SaveOrUpdateEvent event)
   at NHibernate.Event.Default.DefaultSaveOrUpdateEventListener.OnSaveOrUpdate(SaveOrUpdateEvent event)
   at NHibernate.Impl.SessionImpl.FireSave(SaveOrUpdateEvent event)
   at NHibernate.Impl.SessionImpl.Save(Object obj)
   at Orchard.Data.Repository`1.Create(T entity)
   at Orchard.Data.Repository`1.Orchard.Data.IRepository<T>.Create(T entity)
   at Orchard.ContentManagement.DefaultContentManager.BuildNewVersion(ContentItem existingContentItem)
   at Orchard.ContentManagement.DefaultContentManager.Get(Int32 id, VersionOptions options, QueryHints hints)
   at Orchard.ContentManagement.DefaultContentManager.Get(Int32 id, VersionOptions options)
   at Orchard.Core.Contents.Controllers.AdminController.EditPOST(Int32 id, String returnUrl, Action`1 conditionallyPublish)
   at Orchard.Core.Contents.Controllers.AdminController.EditAndPublishPOST(Int32 id, String returnUrl)
   at lambda_method(Closure , ControllerBase , Object[] )
   at System.Web.Mvc.ReflectedActionDescriptor.Execute(ControllerContext controllerContext, IDictionary`2 parameters)
   at System.Web.Mvc.ControllerActionInvoker.InvokeActionMethod(ControllerContext controllerContext, ActionDescriptor actionDescriptor, IDictionary`2 parameters)
   at System.Web.Mvc.ControllerActionInvoker.<>c__DisplayClass13.<InvokeActionMethodWithFilters>b__10()
   at System.Web.Mvc.ControllerActionInvoker.InvokeActionMethodFilter(IActionFilter filter, ActionExecutingContext preContext, Func`1 continuation)
   at System.Web.Mvc.ControllerActionInvoker.InvokeActionMethodFilter(IActionFilter filter, ActionExecutingContext preContext, Func`1 continuation)
   at System.Web.Mvc.ControllerActionInvoker.InvokeActionMethodFilter(IActionFilter filter, ActionExecutingContext preContext, Func`1 continuation)
2013-02-22 20:22:09,033 [5] Orchard.Environment.Extensions.ExtensionManager - No suitable loader found for extension "Scicentr"
2013-02-22 21:27:35,183 [42] Orchard.Environment.Extensions.ExtensionManager - No suitable loader found for extension "Scicentr"
2013-02-22 22:11:53,502 [5] Orchard.Environment.Extensions.ExtensionManager - No suitable loader found for extension "Scicentr"
