2013-02-03 11:33:02,704 [19] NHibernate.Util.ADOExceptionReporter - System.Data.SqlServerCe.SqlCeException (0x80004005): A parameter is missing. [ Parameter ordinal = 1 ]
   в System.Data.SqlServerCe.SqlCeDataReader.ProcessResults(Int32 hr)
   в System.Data.SqlServerCe.SqlCeDataReader.IsEndOfRowset(Int32 hr)
   в System.Data.SqlServerCe.SqlCeDataReader.Move(DIRECTION direction)
   в System.Data.SqlServerCe.SqlCeDataReader.Read()
   в NHibernate.Driver.NHybridDataReader.Read()
   в NHibernate.Loader.Loader.DoQuery(ISessionImplementor session, QueryParameters queryParameters, Boolean returnProxies)
   в NHibernate.Loader.Loader.DoQueryAndInitializeNonLazyCollections(ISessionImplementor session, QueryParameters queryParameters, Boolean returnProxies)
   в NHibernate.Loader.Loader.DoList(ISessionImplementor session, QueryParameters queryParameters)
2013-02-03 11:33:02,715 [19] NHibernate.Util.ADOExceptionReporter - A parameter is missing. [ Parameter ordinal = 1 ]
2013-02-03 11:33:02,716 [19] NHibernate.Util.ADOExceptionReporter - System.Data.SqlServerCe.SqlCeException (0x80004005): A parameter is missing. [ Parameter ordinal = 1 ]
   в System.Data.SqlServerCe.SqlCeDataReader.ProcessResults(Int32 hr)
   в System.Data.SqlServerCe.SqlCeDataReader.IsEndOfRowset(Int32 hr)
   в System.Data.SqlServerCe.SqlCeDataReader.Move(DIRECTION direction)
   в System.Data.SqlServerCe.SqlCeDataReader.Read()
   в NHibernate.Driver.NHybridDataReader.Read()
   в NHibernate.Loader.Loader.DoQuery(ISessionImplementor session, QueryParameters queryParameters, Boolean returnProxies)
   в NHibernate.Loader.Loader.DoQueryAndInitializeNonLazyCollections(ISessionImplementor session, QueryParameters queryParameters, Boolean returnProxies)
   в NHibernate.Loader.Loader.DoList(ISessionImplementor session, QueryParameters queryParameters)
2013-02-03 11:33:02,717 [19] NHibernate.Util.ADOExceptionReporter - A parameter is missing. [ Parameter ordinal = 1 ]
2013-02-03 11:33:02,718 [19] Orchard.ContentManagement.DefaultContentManager - GenericADOException thrown from IContentHandler by Contrib.Taxonomies.Handlers.TermPartHandler
NHibernate.Exceptions.GenericADOException: could not execute query
[ select termconten0_.Id as Id2_, termconten0_.Field as Field2_, termconten0_.TermRecord_id as TermRecord3_2_, termconten0_.TermsPartRecord_id as TermsPar4_2_ from Contrib_Taxonomies_TermContentItem termconten0_ inner join Contrib_Taxonomies_TermsPartRecord termspartr1_ on termconten0_.TermsPartRecord_id=termspartr1_.Id where termspartr1_.Id=@p0 ]
  Name:p1 - Value:Orchard.ContentManagement.Records.ContentItemRecord
[SQL: select termconten0_.Id as Id2_, termconten0_.Field as Field2_, termconten0_.TermRecord_id as TermRecord3_2_, termconten0_.TermsPartRecord_id as TermsPar4_2_ from Contrib_Taxonomies_TermContentItem termconten0_ inner join Contrib_Taxonomies_TermsPartRecord termspartr1_ on termconten0_.TermsPartRecord_id=termspartr1_.Id where termspartr1_.Id=@p0] ---> System.Data.SqlServerCe.SqlCeException: A parameter is missing. [ Parameter ordinal = 1 ]
   в System.Data.SqlServerCe.SqlCeDataReader.ProcessResults(Int32 hr)
   в System.Data.SqlServerCe.SqlCeDataReader.IsEndOfRowset(Int32 hr)
   в System.Data.SqlServerCe.SqlCeDataReader.Move(DIRECTION direction)
   в System.Data.SqlServerCe.SqlCeDataReader.Read()
   в NHibernate.Driver.NHybridDataReader.Read()
   в NHibernate.Loader.Loader.DoQuery(ISessionImplementor session, QueryParameters queryParameters, Boolean returnProxies)
   в NHibernate.Loader.Loader.DoQueryAndInitializeNonLazyCollections(ISessionImplementor session, QueryParameters queryParameters, Boolean returnProxies)
   в NHibernate.Loader.Loader.DoList(ISessionImplementor session, QueryParameters queryParameters)
   --- Конец трассировки внутреннего стека исключений ---
   в NHibernate.Loader.Loader.DoList(ISessionImplementor session, QueryParameters queryParameters)
   в NHibernate.Loader.Loader.ListIgnoreQueryCache(ISessionImplementor session, QueryParameters queryParameters)
   в NHibernate.Loader.Loader.List(ISessionImplementor session, QueryParameters queryParameters, ISet`1 querySpaces, IType[] resultTypes)
   в NHibernate.Hql.Ast.ANTLR.Loader.QueryLoader.List(ISessionImplementor session, QueryParameters queryParameters)
   в NHibernate.Hql.Ast.ANTLR.QueryTranslatorImpl.List(ISessionImplementor session, QueryParameters queryParameters)
   в NHibernate.Engine.Query.HQLQueryPlan.PerformList(QueryParameters queryParameters, ISessionImplementor session, IList results)
   в NHibernate.Impl.SessionImpl.List(IQueryExpression queryExpression, QueryParameters queryParameters, IList results)
   в NHibernate.Impl.AbstractSessionImpl.List(IQueryExpression queryExpression, QueryParameters parameters)
   в NHibernate.Impl.ExpressionQueryImpl.List()
   в NHibernate.Linq.DefaultQueryProvider.ExecuteQuery(NhLinqExpression nhLinqExpression, IQuery query, NhLinqExpression nhQuery)
   в NHibernate.Linq.DefaultQueryProvider.Execute(Expression expression)
   в NHibernate.Linq.DefaultQueryProvider.Execute[TResult](Expression expression)
   в Remotion.Linq.QueryableBase`1.GetEnumerator()
   в System.Collections.Generic.List`1..ctor(IEnumerable`1 collection)
   в System.Linq.Enumerable.ToList[TSource](IEnumerable`1 source)
   в Orchard.Utility.Extensions.ReadOnlyCollectionExtensions.ToReadOnlyCollection[T](IEnumerable`1 enumerable) в f:\AzureWeb\SciCenter-DevSource(3b2d1e68942d)\src\Orchard\Utility\Extensions\ReadOnlyCollectionExtensions.cs:строка 8
   в Orchard.Data.Repository`1.Orchard.Data.IRepository<T>.Fetch(Expression`1 predicate) в f:\AzureWeb\SciCenter-DevSource(3b2d1e68942d)\src\Orchard\Data\Repository.cs:строка 72
   в Contrib.Taxonomies.Services.TaxonomyService.DeleteAssociatedTerms(ContentItem contentItem) в f:\AzureWeb\SciCenter-DevSource(3b2d1e68942d)\src\Orchard.Web\Modules\Contrib.Taxonomies\Services\TaxonomyService.cs:строка 207
   в Contrib.Taxonomies.Handlers.TermPartHandler.<>c__DisplayClass8.<.ctor>b__0(RemoveContentContext context, IContent tags) в f:\AzureWeb\SciCenter-DevSource(3b2d1e68942d)\src\Orchard.Web\Modules\Contrib.Taxonomies\Handlers\TermPartHandler.cs:строка 18
   в Orchard.ContentManagement.Handlers.ContentHandler.InlineStorageFilter`1.Removed(RemoveContentContext context, TPart instance) в f:\AzureWeb\SciCenter-DevSource(3b2d1e68942d)\src\Orchard\ContentManagement\Handlers\ContentHandler.cs:строка 168
   в Orchard.ContentManagement.Handlers.StorageFilterBase`1.Orchard.ContentManagement.Handlers.IContentStorageFilter.Removed(RemoveContentContext context) в f:\AzureWeb\SciCenter-DevSource(3b2d1e68942d)\src\Orchard\ContentManagement\Handlers\StorageFilterBase.cs:строка 101
   в Orchard.ContentManagement.Handlers.ContentHandler.Orchard.ContentManagement.Handlers.IContentHandler.Removed(RemoveContentContext context) в f:\AzureWeb\SciCenter-DevSource(3b2d1e68942d)\src\Orchard\ContentManagement\Handlers\ContentHandler.cs:строка 298
   в Orchard.ContentManagement.DefaultContentManager.<>c__DisplayClass48.<Remove>b__47(IContentHandler handler) в f:\AzureWeb\SciCenter-DevSource(3b2d1e68942d)\src\Orchard\ContentManagement\DefaultContentManager.cs:строка 409
   в Orchard.InvokeExtensions.Invoke[TEvents](IEnumerable`1 events, Action`1 dispatch, ILogger logger) в f:\AzureWeb\SciCenter-DevSource(3b2d1e68942d)\src\Orchard\InvokeExtensions.cs:строка 17
2013-02-03 14:48:37,968 [7] Orchard.Environment.Extensions.ExtensionManager - No suitable loader found for extension "Scicentr"
2013-02-03 14:51:50,763 [8] Orchard.Environment.Extensions.ExtensionManager - No suitable loader found for extension "Scicentr"
2013-02-03 14:54:15,060 [22] Orchard.Environment.Extensions.ExtensionManager - No suitable loader found for extension "Scicentr"
2013-02-03 17:26:43,443 [7] Orchard.Environment.Extensions.ExtensionManager - No suitable loader found for extension "Scicentr"
2013-02-03 17:32:00,833 [7] Orchard.Environment.Extensions.ExtensionManager - No suitable loader found for extension "Scicentr"
2013-02-03 18:27:46,874 [8] Orchard.Environment.Extensions.ExtensionManager - No suitable loader found for extension "Scicentr"
2013-02-03 20:45:56,736 [7] Orchard.Environment.Extensions.ExtensionManager - No suitable loader found for extension "Scicentr"
2013-02-03 22:05:01,862 [7] Orchard.Environment.Extensions.ExtensionManager - No suitable loader found for extension "Scicentr"
