2013-02-13 19:08:54,863 [10] Orchard.Environment.Extensions.ExtensionManager - No suitable loader found for extension "Scicentr"
2013-02-13 19:16:01,520 [11] Orchard.Environment.Extensions.ExtensionManager - No suitable loader found for extension "Scicentr"
2013-02-13 19:21:22,629 [56] Orchard.Environment.Extensions.ExtensionManager - No suitable loader found for extension "Scicentr"
2013-02-13 19:48:48,111 [5] Orchard.Environment.Extensions.ExtensionManager - No suitable loader found for extension "Scicentr"
2013-02-13 19:51:23,490 [46] Orchard.Environment.Extensions.ExtensionManager - No suitable loader found for extension "Scicentr"
2013-02-13 19:52:28,607 [47] NHibernate.Util.ADOExceptionReporter - System.Data.SqlServerCe.SqlCeException (0x80004005): A parameter is missing. [ Parameter ordinal = 1 ]
   at System.Data.SqlServerCe.SqlCeDataReader.ProcessResults(Int32 hr)
   at System.Data.SqlServerCe.SqlCeDataReader.IsEndOfRowset(Int32 hr)
   at System.Data.SqlServerCe.SqlCeDataReader.Move(DIRECTION direction)
   at System.Data.SqlServerCe.SqlCeDataReader.Read()
   at NHibernate.Driver.NHybridDataReader.Read()
   at NHibernate.Loader.Loader.DoQuery(ISessionImplementor session, QueryParameters queryParameters, Boolean returnProxies)
   at NHibernate.Loader.Loader.DoQueryAndInitializeNonLazyCollections(ISessionImplementor session, QueryParameters queryParameters, Boolean returnProxies)
   at NHibernate.Loader.Loader.DoList(ISessionImplementor session, QueryParameters queryParameters)
2013-02-13 19:52:28,610 [47] NHibernate.Util.ADOExceptionReporter - A parameter is missing. [ Parameter ordinal = 1 ]
2013-02-13 19:52:28,611 [47] NHibernate.Util.ADOExceptionReporter - System.Data.SqlServerCe.SqlCeException (0x80004005): A parameter is missing. [ Parameter ordinal = 1 ]
   at System.Data.SqlServerCe.SqlCeDataReader.ProcessResults(Int32 hr)
   at System.Data.SqlServerCe.SqlCeDataReader.IsEndOfRowset(Int32 hr)
   at System.Data.SqlServerCe.SqlCeDataReader.Move(DIRECTION direction)
   at System.Data.SqlServerCe.SqlCeDataReader.Read()
   at NHibernate.Driver.NHybridDataReader.Read()
   at NHibernate.Loader.Loader.DoQuery(ISessionImplementor session, QueryParameters queryParameters, Boolean returnProxies)
   at NHibernate.Loader.Loader.DoQueryAndInitializeNonLazyCollections(ISessionImplementor session, QueryParameters queryParameters, Boolean returnProxies)
   at NHibernate.Loader.Loader.DoList(ISessionImplementor session, QueryParameters queryParameters)
2013-02-13 19:52:28,611 [47] NHibernate.Util.ADOExceptionReporter - A parameter is missing. [ Parameter ordinal = 1 ]
2013-02-13 19:52:28,612 [47] Orchard.ContentManagement.DefaultContentManager - GenericADOException thrown from IContentHandler by Contrib.Taxonomies.Handlers.TermPartHandler
NHibernate.Exceptions.GenericADOException: could not execute query
[ select termconten0_.Id as Id4_, termconten0_.Field as Field4_, termconten0_.TermRecord_id as TermRecord3_4_, termconten0_.TermsPartRecord_id as TermsPar4_4_ from Contrib_Taxonomies_TermContentItem termconten0_ inner join Contrib_Taxonomies_TermsPartRecord termspartr1_ on termconten0_.TermsPartRecord_id=termspartr1_.Id where termspartr1_.Id=@p0 ]
  Name:p1 - Value:Orchard.ContentManagement.Records.ContentItemRecord
[SQL: select termconten0_.Id as Id4_, termconten0_.Field as Field4_, termconten0_.TermRecord_id as TermRecord3_4_, termconten0_.TermsPartRecord_id as TermsPar4_4_ from Contrib_Taxonomies_TermContentItem termconten0_ inner join Contrib_Taxonomies_TermsPartRecord termspartr1_ on termconten0_.TermsPartRecord_id=termspartr1_.Id where termspartr1_.Id=@p0] ---> System.Data.SqlServerCe.SqlCeException: A parameter is missing. [ Parameter ordinal = 1 ]
   at System.Data.SqlServerCe.SqlCeDataReader.ProcessResults(Int32 hr)
   at System.Data.SqlServerCe.SqlCeDataReader.IsEndOfRowset(Int32 hr)
   at System.Data.SqlServerCe.SqlCeDataReader.Move(DIRECTION direction)
   at System.Data.SqlServerCe.SqlCeDataReader.Read()
   at NHibernate.Driver.NHybridDataReader.Read()
   at NHibernate.Loader.Loader.DoQuery(ISessionImplementor session, QueryParameters queryParameters, Boolean returnProxies)
   at NHibernate.Loader.Loader.DoQueryAndInitializeNonLazyCollections(ISessionImplementor session, QueryParameters queryParameters, Boolean returnProxies)
   at NHibernate.Loader.Loader.DoList(ISessionImplementor session, QueryParameters queryParameters)
   --- End of inner exception stack trace ---
   at NHibernate.Loader.Loader.DoList(ISessionImplementor session, QueryParameters queryParameters)
   at NHibernate.Loader.Loader.ListIgnoreQueryCache(ISessionImplementor session, QueryParameters queryParameters)
   at NHibernate.Loader.Loader.List(ISessionImplementor session, QueryParameters queryParameters, ISet`1 querySpaces, IType[] resultTypes)
   at NHibernate.Hql.Ast.ANTLR.Loader.QueryLoader.List(ISessionImplementor session, QueryParameters queryParameters)
   at NHibernate.Hql.Ast.ANTLR.QueryTranslatorImpl.List(ISessionImplementor session, QueryParameters queryParameters)
   at NHibernate.Engine.Query.HQLQueryPlan.PerformList(QueryParameters queryParameters, ISessionImplementor session, IList results)
   at NHibernate.Impl.SessionImpl.List(IQueryExpression queryExpression, QueryParameters queryParameters, IList results)
   at NHibernate.Impl.AbstractSessionImpl.List(IQueryExpression queryExpression, QueryParameters parameters)
   at NHibernate.Impl.ExpressionQueryImpl.List()
   at NHibernate.Linq.DefaultQueryProvider.ExecuteQuery(NhLinqExpression nhLinqExpression, IQuery query, NhLinqExpression nhQuery)
   at NHibernate.Linq.DefaultQueryProvider.Execute(Expression expression)
   at NHibernate.Linq.DefaultQueryProvider.Execute[TResult](Expression expression)
   at Remotion.Linq.QueryableBase`1.GetEnumerator()
   at System.Collections.Generic.List`1..ctor(IEnumerable`1 collection)
   at System.Linq.Enumerable.ToList[TSource](IEnumerable`1 source)
   at Orchard.Utility.Extensions.ReadOnlyCollectionExtensions.ToReadOnlyCollection[T](IEnumerable`1 enumerable) in f:\AzureWeb\BackUp 06.02.19.25\src\Orchard\Utility\Extensions\ReadOnlyCollectionExtensions.cs:line 8
   at Orchard.Data.Repository`1.Orchard.Data.IRepository<T>.Fetch(Expression`1 predicate) in f:\AzureWeb\BackUp 06.02.19.25\src\Orchard\Data\Repository.cs:line 72
   at Contrib.Taxonomies.Services.TaxonomyService.DeleteAssociatedTerms(ContentItem contentItem) in f:\AzureWeb\NewSciCentr\src\Orchard.Web\Modules\Contrib.Taxonomies\Services\TaxonomyService.cs:line 218
   at Contrib.Taxonomies.Handlers.TermPartHandler.<>c__DisplayClass8.<.ctor>b__0(RemoveContentContext context, IContent tags) in f:\AzureWeb\NewSciCentr\src\Orchard.Web\Modules\Contrib.Taxonomies\Handlers\TermPartHandler.cs:line 18
   at Orchard.ContentManagement.Handlers.ContentHandler.InlineStorageFilter`1.Removed(RemoveContentContext context, TPart instance) in f:\AzureWeb\BackUp 06.02.19.25\src\Orchard\ContentManagement\Handlers\ContentHandler.cs:line 168
   at Orchard.ContentManagement.Handlers.StorageFilterBase`1.Orchard.ContentManagement.Handlers.IContentStorageFilter.Removed(RemoveContentContext context) in f:\AzureWeb\BackUp 06.02.19.25\src\Orchard\ContentManagement\Handlers\StorageFilterBase.cs:line 101
   at Orchard.ContentManagement.Handlers.ContentHandler.Orchard.ContentManagement.Handlers.IContentHandler.Removed(RemoveContentContext context) in f:\AzureWeb\BackUp 06.02.19.25\src\Orchard\ContentManagement\Handlers\ContentHandler.cs:line 298
   at Orchard.ContentManagement.DefaultContentManager.<>c__DisplayClass48.<Remove>b__47(IContentHandler handler) in f:\AzureWeb\BackUp 06.02.19.25\src\Orchard\ContentManagement\DefaultContentManager.cs:line 409
   at Orchard.InvokeExtensions.Invoke[TEvents](IEnumerable`1 events, Action`1 dispatch, ILogger logger) in f:\AzureWeb\BackUp 06.02.19.25\src\Orchard\InvokeExtensions.cs:line 17
2013-02-13 19:52:32,845 [5] NHibernate.Util.ADOExceptionReporter - System.Data.SqlServerCe.SqlCeException (0x80004005): A parameter is missing. [ Parameter ordinal = 1 ]
   at System.Data.SqlServerCe.SqlCeDataReader.ProcessResults(Int32 hr)
   at System.Data.SqlServerCe.SqlCeDataReader.IsEndOfRowset(Int32 hr)
   at System.Data.SqlServerCe.SqlCeDataReader.Move(DIRECTION direction)
   at System.Data.SqlServerCe.SqlCeDataReader.Read()
   at NHibernate.Driver.NHybridDataReader.Read()
   at NHibernate.Loader.Loader.DoQuery(ISessionImplementor session, QueryParameters queryParameters, Boolean returnProxies)
   at NHibernate.Loader.Loader.DoQueryAndInitializeNonLazyCollections(ISessionImplementor session, QueryParameters queryParameters, Boolean returnProxies)
   at NHibernate.Loader.Loader.DoList(ISessionImplementor session, QueryParameters queryParameters)
2013-02-13 19:52:32,846 [5] NHibernate.Util.ADOExceptionReporter - A parameter is missing. [ Parameter ordinal = 1 ]
2013-02-13 19:52:32,847 [5] NHibernate.Util.ADOExceptionReporter - System.Data.SqlServerCe.SqlCeException (0x80004005): A parameter is missing. [ Parameter ordinal = 1 ]
   at System.Data.SqlServerCe.SqlCeDataReader.ProcessResults(Int32 hr)
   at System.Data.SqlServerCe.SqlCeDataReader.IsEndOfRowset(Int32 hr)
   at System.Data.SqlServerCe.SqlCeDataReader.Move(DIRECTION direction)
   at System.Data.SqlServerCe.SqlCeDataReader.Read()
   at NHibernate.Driver.NHybridDataReader.Read()
   at NHibernate.Loader.Loader.DoQuery(ISessionImplementor session, QueryParameters queryParameters, Boolean returnProxies)
   at NHibernate.Loader.Loader.DoQueryAndInitializeNonLazyCollections(ISessionImplementor session, QueryParameters queryParameters, Boolean returnProxies)
   at NHibernate.Loader.Loader.DoList(ISessionImplementor session, QueryParameters queryParameters)
2013-02-13 19:52:32,847 [5] NHibernate.Util.ADOExceptionReporter - A parameter is missing. [ Parameter ordinal = 1 ]
2013-02-13 19:52:32,848 [5] Orchard.ContentManagement.DefaultContentManager - GenericADOException thrown from IContentHandler by Contrib.Taxonomies.Handlers.TermPartHandler
NHibernate.Exceptions.GenericADOException: could not execute query
[ select termconten0_.Id as Id4_, termconten0_.Field as Field4_, termconten0_.TermRecord_id as TermRecord3_4_, termconten0_.TermsPartRecord_id as TermsPar4_4_ from Contrib_Taxonomies_TermContentItem termconten0_ inner join Contrib_Taxonomies_TermsPartRecord termspartr1_ on termconten0_.TermsPartRecord_id=termspartr1_.Id where termspartr1_.Id=@p0 ]
  Name:p1 - Value:Orchard.ContentManagement.Records.ContentItemRecord
[SQL: select termconten0_.Id as Id4_, termconten0_.Field as Field4_, termconten0_.TermRecord_id as TermRecord3_4_, termconten0_.TermsPartRecord_id as TermsPar4_4_ from Contrib_Taxonomies_TermContentItem termconten0_ inner join Contrib_Taxonomies_TermsPartRecord termspartr1_ on termconten0_.TermsPartRecord_id=termspartr1_.Id where termspartr1_.Id=@p0] ---> System.Data.SqlServerCe.SqlCeException: A parameter is missing. [ Parameter ordinal = 1 ]
   at System.Data.SqlServerCe.SqlCeDataReader.ProcessResults(Int32 hr)
   at System.Data.SqlServerCe.SqlCeDataReader.IsEndOfRowset(Int32 hr)
   at System.Data.SqlServerCe.SqlCeDataReader.Move(DIRECTION direction)
   at System.Data.SqlServerCe.SqlCeDataReader.Read()
   at NHibernate.Driver.NHybridDataReader.Read()
   at NHibernate.Loader.Loader.DoQuery(ISessionImplementor session, QueryParameters queryParameters, Boolean returnProxies)
   at NHibernate.Loader.Loader.DoQueryAndInitializeNonLazyCollections(ISessionImplementor session, QueryParameters queryParameters, Boolean returnProxies)
   at NHibernate.Loader.Loader.DoList(ISessionImplementor session, QueryParameters queryParameters)
   --- End of inner exception stack trace ---
   at NHibernate.Loader.Loader.DoList(ISessionImplementor session, QueryParameters queryParameters)
   at NHibernate.Loader.Loader.ListIgnoreQueryCache(ISessionImplementor session, QueryParameters queryParameters)
   at NHibernate.Loader.Loader.List(ISessionImplementor session, QueryParameters queryParameters, ISet`1 querySpaces, IType[] resultTypes)
   at NHibernate.Hql.Ast.ANTLR.Loader.QueryLoader.List(ISessionImplementor session, QueryParameters queryParameters)
   at NHibernate.Hql.Ast.ANTLR.QueryTranslatorImpl.List(ISessionImplementor session, QueryParameters queryParameters)
   at NHibernate.Engine.Query.HQLQueryPlan.PerformList(QueryParameters queryParameters, ISessionImplementor session, IList results)
   at NHibernate.Impl.SessionImpl.List(IQueryExpression queryExpression, QueryParameters queryParameters, IList results)
   at NHibernate.Impl.AbstractSessionImpl.List(IQueryExpression queryExpression, QueryParameters parameters)
   at NHibernate.Impl.ExpressionQueryImpl.List()
   at NHibernate.Linq.DefaultQueryProvider.ExecuteQuery(NhLinqExpression nhLinqExpression, IQuery query, NhLinqExpression nhQuery)
   at NHibernate.Linq.DefaultQueryProvider.Execute(Expression expression)
   at NHibernate.Linq.DefaultQueryProvider.Execute[TResult](Expression expression)
   at Remotion.Linq.QueryableBase`1.GetEnumerator()
   at System.Collections.Generic.List`1..ctor(IEnumerable`1 collection)
   at System.Linq.Enumerable.ToList[TSource](IEnumerable`1 source)
   at Orchard.Utility.Extensions.ReadOnlyCollectionExtensions.ToReadOnlyCollection[T](IEnumerable`1 enumerable) in f:\AzureWeb\BackUp 06.02.19.25\src\Orchard\Utility\Extensions\ReadOnlyCollectionExtensions.cs:line 8
   at Orchard.Data.Repository`1.Orchard.Data.IRepository<T>.Fetch(Expression`1 predicate) in f:\AzureWeb\BackUp 06.02.19.25\src\Orchard\Data\Repository.cs:line 72
   at Contrib.Taxonomies.Services.TaxonomyService.DeleteAssociatedTerms(ContentItem contentItem) in f:\AzureWeb\NewSciCentr\src\Orchard.Web\Modules\Contrib.Taxonomies\Services\TaxonomyService.cs:line 218
   at Contrib.Taxonomies.Handlers.TermPartHandler.<>c__DisplayClass8.<.ctor>b__0(RemoveContentContext context, IContent tags) in f:\AzureWeb\NewSciCentr\src\Orchard.Web\Modules\Contrib.Taxonomies\Handlers\TermPartHandler.cs:line 18
   at Orchard.ContentManagement.Handlers.ContentHandler.InlineStorageFilter`1.Removed(RemoveContentContext context, TPart instance) in f:\AzureWeb\BackUp 06.02.19.25\src\Orchard\ContentManagement\Handlers\ContentHandler.cs:line 168
   at Orchard.ContentManagement.Handlers.StorageFilterBase`1.Orchard.ContentManagement.Handlers.IContentStorageFilter.Removed(RemoveContentContext context) in f:\AzureWeb\BackUp 06.02.19.25\src\Orchard\ContentManagement\Handlers\StorageFilterBase.cs:line 101
   at Orchard.ContentManagement.Handlers.ContentHandler.Orchard.ContentManagement.Handlers.IContentHandler.Removed(RemoveContentContext context) in f:\AzureWeb\BackUp 06.02.19.25\src\Orchard\ContentManagement\Handlers\ContentHandler.cs:line 298
   at Orchard.ContentManagement.DefaultContentManager.<>c__DisplayClass48.<Remove>b__47(IContentHandler handler) in f:\AzureWeb\BackUp 06.02.19.25\src\Orchard\ContentManagement\DefaultContentManager.cs:line 409
   at Orchard.InvokeExtensions.Invoke[TEvents](IEnumerable`1 events, Action`1 dispatch, ILogger logger) in f:\AzureWeb\BackUp 06.02.19.25\src\Orchard\InvokeExtensions.cs:line 17
2013-02-13 20:08:09,309 [85] Orchard.Environment.Extensions.ExtensionManager - No suitable loader found for extension "Scicentr"
2013-02-13 21:13:10,082 [5] Orchard.Environment.Extensions.ExtensionManager - No suitable loader found for extension "Scicentr"
2013-02-13 21:42:11,765 [5] Orchard.Environment.Extensions.ExtensionManager - No suitable loader found for extension "Scicentr"
2013-02-13 21:57:09,683 [95] Orchard.Environment.Extensions.ExtensionManager - No suitable loader found for extension "Scicentr"
2013-02-13 22:38:47,255 [88] Orchard.Environment.Extensions.ExtensionManager - No suitable loader found for extension "Scicentr"
2013-02-13 22:38:50,407 [84] Orchard.Environment.Extensions.ExtensionManager - No suitable loader found for extension "Disqus.Comments"
2013-02-13 22:39:29,537 [41] Orchard.Environment.Extensions.ExtensionLoaderCoordinator - No loader found for extension "Disqus.Comments"!
2013-02-13 22:39:29,743 [41] Orchard.Environment.Extensions.ExtensionManager - No suitable loader found for extension "Scicentr"
2013-02-13 22:39:29,750 [16] Orchard.Environment.Extensions.ExtensionManager - No suitable loader found for extension "Disqus.Comments"
2013-02-13 22:39:53,668 [60] Orchard.Environment.Extensions.ExtensionLoaderCoordinator - No loader found for extension "Disqus.Comments"!
2013-02-13 22:39:57,549 [82] Orchard.Environment.Extensions.ExtensionLoaderCoordinator - No loader found for extension "Disqus.Comments"!
2013-02-13 22:52:51,106 [6] Orchard.Environment.Extensions.ExtensionLoaderCoordinator - No loader found for extension "Disqus.Comments"!
2013-02-13 22:52:53,268 [7] Orchard.Environment.Extensions.ExtensionManager - No suitable loader found for extension "Disqus.Comments"
2013-02-13 22:52:53,964 [6] Orchard.Environment.Extensions.ExtensionManager - No suitable loader found for extension "Scicentr"
2013-02-13 22:54:19,277 [58] Orchard.Environment.Extensions.ExtensionLoaderCoordinator - No loader found for extension "Disqus.Comments"!
2013-02-13 22:54:20,961 [128] Orchard.Environment.Extensions.ExtensionManager - No suitable loader found for extension "Disqus.Comments"
2013-02-13 22:54:21,026 [58] Orchard.Environment.Extensions.ExtensionManager - No suitable loader found for extension "Scicentr"
2013-02-13 22:59:58,694 [69] Orchard.Environment.Extensions.ExtensionLoaderCoordinator - No loader found for extension "Disqus.Comments"!
2013-02-13 22:59:58,754 [116] Orchard.Environment.Extensions.ExtensionManager - No suitable loader found for extension "Disqus.Comments"
2013-02-13 22:59:58,759 [69] Orchard.Environment.Extensions.ExtensionManager - No suitable loader found for extension "Scicentr"
2013-02-13 23:00:05,646 [112] Orchard.Environment.Extensions.ExtensionLoaderCoordinator - No loader found for extension "Disqus.Comments"!
2013-02-13 23:00:13,781 [64] Orchard.Environment.Extensions.ExtensionManager - No suitable loader found for extension "Onestop.Disqus"
2013-02-13 23:00:14,140 [40] Orchard.Environment.Extensions.ExtensionLoaderCoordinator - No loader found for extension "Disqus.Comments"!
2013-02-13 23:01:11,844 [111] Orchard.Environment.Extensions.ExtensionLoaderCoordinator - No loader found for extension "Disqus.Comments"!
2013-02-13 23:07:30,782 [130] Orchard.Environment.Extensions.ExtensionManager - No suitable loader found for extension "Orchard.Disqus"
2013-02-13 23:07:30,817 [102] Orchard.Environment.Extensions.ExtensionManager - No suitable loader found for extension "Scicentr"
2013-02-13 23:07:31,600 [35] Orchard.Environment.Extensions.ExtensionManager - No suitable loader found for extension "Onestop.Disqus"
