2013-02-25 11:01:19,960 [42] Orchard.DisplayManagement.Implementation.DefaultDisplayManager - RuntimeBinderException thrown from Action`1 by System.Action`1[[Orchard.DisplayManagement.Implementation.ShapeDisplayingContext, Orchard.Framework, Version=1.6.0.0, Culture=neutral, PublicKeyToken=null]]
Microsoft.CSharp.RuntimeBinder.RuntimeBinderException: Cannot implicitly convert type 'Orchard.Modules.Models.ModuleEntry' to 'Orchard.ContentManagement.ContentPart'
   at CallSite.Target(Closure , CallSite , Object )
   at System.Dynamic.UpdateDelegates.UpdateAndExecute1[T0,TRet](CallSite site, T0 arg0)
   at CallSite.Target(Closure , CallSite , Object )
   at Orchard.DesignerTools.Services.WidgetAlternatesFactory.<Displaying>b__5(ShapeDisplayingContext displayedContext)
   at Orchard.DisplayManagement.Implementation.DefaultDisplayManager.<>c__DisplayClassc.<Execute>b__5(Action`1 action)
   at Orchard.InvokeExtensions.Invoke[TEvents](IEnumerable`1 events, Action`1 dispatch, ILogger logger)
2013-02-25 11:01:20,322 [42] Orchard.DisplayManagement.Implementation.DefaultDisplayManager - RuntimeBinderException thrown from Action`1 by System.Action`1[[Orchard.DisplayManagement.Implementation.ShapeDisplayingContext, Orchard.Framework, Version=1.6.0.0, Culture=neutral, PublicKeyToken=null]]
Microsoft.CSharp.RuntimeBinder.RuntimeBinderException: Cannot implicitly convert type 'Orchard.Modules.Models.ModuleEntry' to 'Orchard.ContentManagement.ContentPart'
   at CallSite.Target(Closure , CallSite , Object )
   at Orchard.DesignerTools.Services.WidgetAlternatesFactory.<Displaying>b__5(ShapeDisplayingContext displayedContext)
   at Orchard.DisplayManagement.Implementation.DefaultDisplayManager.<>c__DisplayClassc.<Execute>b__5(Action`1 action)
   at Orchard.InvokeExtensions.Invoke[TEvents](IEnumerable`1 events, Action`1 dispatch, ILogger logger)
2013-02-25 11:01:20,324 [42] Orchard.DisplayManagement.Implementation.DefaultDisplayManager - RuntimeBinderException thrown from Action`1 by System.Action`1[[Orchard.DisplayManagement.Implementation.ShapeDisplayingContext, Orchard.Framework, Version=1.6.0.0, Culture=neutral, PublicKeyToken=null]]
Microsoft.CSharp.RuntimeBinder.RuntimeBinderException: Cannot implicitly convert type 'Orchard.Modules.Models.ModuleEntry' to 'Orchard.ContentManagement.ContentPart'
   at CallSite.Target(Closure , CallSite , Object )
   at Orchard.DesignerTools.Services.WidgetAlternatesFactory.<Displaying>b__5(ShapeDisplayingContext displayedContext)
   at Orchard.DisplayManagement.Implementation.DefaultDisplayManager.<>c__DisplayClassc.<Execute>b__5(Action`1 action)
   at Orchard.InvokeExtensions.Invoke[TEvents](IEnumerable`1 events, Action`1 dispatch, ILogger logger)
2013-02-25 11:01:20,325 [42] Orchard.DisplayManagement.Implementation.DefaultDisplayManager - RuntimeBinderException thrown from Action`1 by System.Action`1[[Orchard.DisplayManagement.Implementation.ShapeDisplayingContext, Orchard.Framework, Version=1.6.0.0, Culture=neutral, PublicKeyToken=null]]
Microsoft.CSharp.RuntimeBinder.RuntimeBinderException: Cannot implicitly convert type 'Orchard.Modules.Models.ModuleEntry' to 'Orchard.ContentManagement.ContentPart'
   at CallSite.Target(Closure , CallSite , Object )
   at Orchard.DesignerTools.Services.WidgetAlternatesFactory.<Displaying>b__5(ShapeDisplayingContext displayedContext)
   at Orchard.DisplayManagement.Implementation.DefaultDisplayManager.<>c__DisplayClassc.<Execute>b__5(Action`1 action)
   at Orchard.InvokeExtensions.Invoke[TEvents](IEnumerable`1 events, Action`1 dispatch, ILogger logger)
2013-02-25 11:01:20,326 [42] Orchard.DisplayManagement.Implementation.DefaultDisplayManager - RuntimeBinderException thrown from Action`1 by System.Action`1[[Orchard.DisplayManagement.Implementation.ShapeDisplayingContext, Orchard.Framework, Version=1.6.0.0, Culture=neutral, PublicKeyToken=null]]
Microsoft.CSharp.RuntimeBinder.RuntimeBinderException: Cannot implicitly convert type 'Orchard.Modules.Models.ModuleEntry' to 'Orchard.ContentManagement.ContentPart'
   at CallSite.Target(Closure , CallSite , Object )
   at Orchard.DesignerTools.Services.WidgetAlternatesFactory.<Displaying>b__5(ShapeDisplayingContext displayedContext)
   at Orchard.DisplayManagement.Implementation.DefaultDisplayManager.<>c__DisplayClassc.<Execute>b__5(Action`1 action)
   at Orchard.InvokeExtensions.Invoke[TEvents](IEnumerable`1 events, Action`1 dispatch, ILogger logger)
2013-02-25 11:01:20,327 [42] Orchard.DisplayManagement.Implementation.DefaultDisplayManager - RuntimeBinderException thrown from Action`1 by System.Action`1[[Orchard.DisplayManagement.Implementation.ShapeDisplayingContext, Orchard.Framework, Version=1.6.0.0, Culture=neutral, PublicKeyToken=null]]
Microsoft.CSharp.RuntimeBinder.RuntimeBinderException: Cannot implicitly convert type 'Orchard.Modules.Models.ModuleEntry' to 'Orchard.ContentManagement.ContentPart'
   at CallSite.Target(Closure , CallSite , Object )
   at Orchard.DesignerTools.Services.WidgetAlternatesFactory.<Displaying>b__5(ShapeDisplayingContext displayedContext)
   at Orchard.DisplayManagement.Implementation.DefaultDisplayManager.<>c__DisplayClassc.<Execute>b__5(Action`1 action)
   at Orchard.InvokeExtensions.Invoke[TEvents](IEnumerable`1 events, Action`1 dispatch, ILogger logger)
2013-02-25 11:01:20,328 [42] Orchard.DisplayManagement.Implementation.DefaultDisplayManager - RuntimeBinderException thrown from Action`1 by System.Action`1[[Orchard.DisplayManagement.Implementation.ShapeDisplayingContext, Orchard.Framework, Version=1.6.0.0, Culture=neutral, PublicKeyToken=null]]
Microsoft.CSharp.RuntimeBinder.RuntimeBinderException: Cannot implicitly convert type 'Orchard.Modules.Models.ModuleEntry' to 'Orchard.ContentManagement.ContentPart'
   at CallSite.Target(Closure , CallSite , Object )
   at Orchard.DesignerTools.Services.WidgetAlternatesFactory.<Displaying>b__5(ShapeDisplayingContext displayedContext)
   at Orchard.DisplayManagement.Implementation.DefaultDisplayManager.<>c__DisplayClassc.<Execute>b__5(Action`1 action)
   at Orchard.InvokeExtensions.Invoke[TEvents](IEnumerable`1 events, Action`1 dispatch, ILogger logger)
2013-02-25 11:01:20,329 [42] Orchard.DisplayManagement.Implementation.DefaultDisplayManager - RuntimeBinderException thrown from Action`1 by System.Action`1[[Orchard.DisplayManagement.Implementation.ShapeDisplayingContext, Orchard.Framework, Version=1.6.0.0, Culture=neutral, PublicKeyToken=null]]
Microsoft.CSharp.RuntimeBinder.RuntimeBinderException: Cannot implicitly convert type 'Orchard.Modules.Models.ModuleEntry' to 'Orchard.ContentManagement.ContentPart'
   at CallSite.Target(Closure , CallSite , Object )
   at Orchard.DesignerTools.Services.WidgetAlternatesFactory.<Displaying>b__5(ShapeDisplayingContext displayedContext)
   at Orchard.DisplayManagement.Implementation.DefaultDisplayManager.<>c__DisplayClassc.<Execute>b__5(Action`1 action)
   at Orchard.InvokeExtensions.Invoke[TEvents](IEnumerable`1 events, Action`1 dispatch, ILogger logger)
2013-02-25 11:01:20,330 [42] Orchard.DisplayManagement.Implementation.DefaultDisplayManager - RuntimeBinderException thrown from Action`1 by System.Action`1[[Orchard.DisplayManagement.Implementation.ShapeDisplayingContext, Orchard.Framework, Version=1.6.0.0, Culture=neutral, PublicKeyToken=null]]
Microsoft.CSharp.RuntimeBinder.RuntimeBinderException: Cannot implicitly convert type 'Orchard.Modules.Models.ModuleEntry' to 'Orchard.ContentManagement.ContentPart'
   at CallSite.Target(Closure , CallSite , Object )
   at Orchard.DesignerTools.Services.WidgetAlternatesFactory.<Displaying>b__5(ShapeDisplayingContext displayedContext)
   at Orchard.DisplayManagement.Implementation.DefaultDisplayManager.<>c__DisplayClassc.<Execute>b__5(Action`1 action)
   at Orchard.InvokeExtensions.Invoke[TEvents](IEnumerable`1 events, Action`1 dispatch, ILogger logger)
2013-02-25 11:01:20,331 [42] Orchard.DisplayManagement.Implementation.DefaultDisplayManager - RuntimeBinderException thrown from Action`1 by System.Action`1[[Orchard.DisplayManagement.Implementation.ShapeDisplayingContext, Orchard.Framework, Version=1.6.0.0, Culture=neutral, PublicKeyToken=null]]
Microsoft.CSharp.RuntimeBinder.RuntimeBinderException: Cannot implicitly convert type 'Orchard.Modules.Models.ModuleEntry' to 'Orchard.ContentManagement.ContentPart'
   at CallSite.Target(Closure , CallSite , Object )
   at Orchard.DesignerTools.Services.WidgetAlternatesFactory.<Displaying>b__5(ShapeDisplayingContext displayedContext)
   at Orchard.DisplayManagement.Implementation.DefaultDisplayManager.<>c__DisplayClassc.<Execute>b__5(Action`1 action)
   at Orchard.InvokeExtensions.Invoke[TEvents](IEnumerable`1 events, Action`1 dispatch, ILogger logger)
2013-02-25 11:01:24,036 [43] Orchard.DisplayManagement.Implementation.DefaultDisplayManager - RuntimeBinderException thrown from Action`1 by System.Action`1[[Orchard.DisplayManagement.Implementation.ShapeDisplayingContext, Orchard.Framework, Version=1.6.0.0, Culture=neutral, PublicKeyToken=null]]
Microsoft.CSharp.RuntimeBinder.RuntimeBinderException: Cannot implicitly convert type 'Orchard.Modules.Models.ModuleEntry' to 'Orchard.ContentManagement.ContentPart'
   at CallSite.Target(Closure , CallSite , Object )
   at System.Dynamic.UpdateDelegates.UpdateAndExecute1[T0,TRet](CallSite site, T0 arg0)
   at CallSite.Target(Closure , CallSite , Object )
   at Orchard.DesignerTools.Services.WidgetAlternatesFactory.<Displaying>b__5(ShapeDisplayingContext displayedContext)
   at Orchard.DisplayManagement.Implementation.DefaultDisplayManager.<>c__DisplayClassc.<Execute>b__5(Action`1 action)
   at Orchard.InvokeExtensions.Invoke[TEvents](IEnumerable`1 events, Action`1 dispatch, ILogger logger)
2013-02-25 11:01:24,038 [43] Orchard.DisplayManagement.Implementation.DefaultDisplayManager - RuntimeBinderException thrown from Action`1 by System.Action`1[[Orchard.DisplayManagement.Implementation.ShapeDisplayingContext, Orchard.Framework, Version=1.6.0.0, Culture=neutral, PublicKeyToken=null]]
Microsoft.CSharp.RuntimeBinder.RuntimeBinderException: Cannot implicitly convert type 'Orchard.Modules.Models.ModuleEntry' to 'Orchard.ContentManagement.ContentPart'
   at CallSite.Target(Closure , CallSite , Object )
   at Orchard.DesignerTools.Services.WidgetAlternatesFactory.<Displaying>b__5(ShapeDisplayingContext displayedContext)
   at Orchard.DisplayManagement.Implementation.DefaultDisplayManager.<>c__DisplayClassc.<Execute>b__5(Action`1 action)
   at Orchard.InvokeExtensions.Invoke[TEvents](IEnumerable`1 events, Action`1 dispatch, ILogger logger)
2013-02-25 11:01:24,039 [43] Orchard.DisplayManagement.Implementation.DefaultDisplayManager - RuntimeBinderException thrown from Action`1 by System.Action`1[[Orchard.DisplayManagement.Implementation.ShapeDisplayingContext, Orchard.Framework, Version=1.6.0.0, Culture=neutral, PublicKeyToken=null]]
Microsoft.CSharp.RuntimeBinder.RuntimeBinderException: Cannot implicitly convert type 'Orchard.Modules.Models.ModuleEntry' to 'Orchard.ContentManagement.ContentPart'
   at CallSite.Target(Closure , CallSite , Object )
   at Orchard.DesignerTools.Services.WidgetAlternatesFactory.<Displaying>b__5(ShapeDisplayingContext displayedContext)
   at Orchard.DisplayManagement.Implementation.DefaultDisplayManager.<>c__DisplayClassc.<Execute>b__5(Action`1 action)
   at Orchard.InvokeExtensions.Invoke[TEvents](IEnumerable`1 events, Action`1 dispatch, ILogger logger)
2013-02-25 11:01:24,040 [43] Orchard.DisplayManagement.Implementation.DefaultDisplayManager - RuntimeBinderException thrown from Action`1 by System.Action`1[[Orchard.DisplayManagement.Implementation.ShapeDisplayingContext, Orchard.Framework, Version=1.6.0.0, Culture=neutral, PublicKeyToken=null]]
Microsoft.CSharp.RuntimeBinder.RuntimeBinderException: Cannot implicitly convert type 'Orchard.Modules.Models.ModuleEntry' to 'Orchard.ContentManagement.ContentPart'
   at CallSite.Target(Closure , CallSite , Object )
   at Orchard.DesignerTools.Services.WidgetAlternatesFactory.<Displaying>b__5(ShapeDisplayingContext displayedContext)
   at Orchard.DisplayManagement.Implementation.DefaultDisplayManager.<>c__DisplayClassc.<Execute>b__5(Action`1 action)
   at Orchard.InvokeExtensions.Invoke[TEvents](IEnumerable`1 events, Action`1 dispatch, ILogger logger)
2013-02-25 11:01:24,041 [43] Orchard.DisplayManagement.Implementation.DefaultDisplayManager - RuntimeBinderException thrown from Action`1 by System.Action`1[[Orchard.DisplayManagement.Implementation.ShapeDisplayingContext, Orchard.Framework, Version=1.6.0.0, Culture=neutral, PublicKeyToken=null]]
Microsoft.CSharp.RuntimeBinder.RuntimeBinderException: Cannot implicitly convert type 'Orchard.Modules.Models.ModuleEntry' to 'Orchard.ContentManagement.ContentPart'
   at CallSite.Target(Closure , CallSite , Object )
   at Orchard.DesignerTools.Services.WidgetAlternatesFactory.<Displaying>b__5(ShapeDisplayingContext displayedContext)
   at Orchard.DisplayManagement.Implementation.DefaultDisplayManager.<>c__DisplayClassc.<Execute>b__5(Action`1 action)
   at Orchard.InvokeExtensions.Invoke[TEvents](IEnumerable`1 events, Action`1 dispatch, ILogger logger)
2013-02-25 11:01:24,042 [43] Orchard.DisplayManagement.Implementation.DefaultDisplayManager - RuntimeBinderException thrown from Action`1 by System.Action`1[[Orchard.DisplayManagement.Implementation.ShapeDisplayingContext, Orchard.Framework, Version=1.6.0.0, Culture=neutral, PublicKeyToken=null]]
Microsoft.CSharp.RuntimeBinder.RuntimeBinderException: Cannot implicitly convert type 'Orchard.Modules.Models.ModuleEntry' to 'Orchard.ContentManagement.ContentPart'
   at CallSite.Target(Closure , CallSite , Object )
   at Orchard.DesignerTools.Services.WidgetAlternatesFactory.<Displaying>b__5(ShapeDisplayingContext displayedContext)
   at Orchard.DisplayManagement.Implementation.DefaultDisplayManager.<>c__DisplayClassc.<Execute>b__5(Action`1 action)
   at Orchard.InvokeExtensions.Invoke[TEvents](IEnumerable`1 events, Action`1 dispatch, ILogger logger)
2013-02-25 11:01:24,043 [43] Orchard.DisplayManagement.Implementation.DefaultDisplayManager - RuntimeBinderException thrown from Action`1 by System.Action`1[[Orchard.DisplayManagement.Implementation.ShapeDisplayingContext, Orchard.Framework, Version=1.6.0.0, Culture=neutral, PublicKeyToken=null]]
Microsoft.CSharp.RuntimeBinder.RuntimeBinderException: Cannot implicitly convert type 'Orchard.Modules.Models.ModuleEntry' to 'Orchard.ContentManagement.ContentPart'
   at CallSite.Target(Closure , CallSite , Object )
   at Orchard.DesignerTools.Services.WidgetAlternatesFactory.<Displaying>b__5(ShapeDisplayingContext displayedContext)
   at Orchard.DisplayManagement.Implementation.DefaultDisplayManager.<>c__DisplayClassc.<Execute>b__5(Action`1 action)
   at Orchard.InvokeExtensions.Invoke[TEvents](IEnumerable`1 events, Action`1 dispatch, ILogger logger)
2013-02-25 11:01:24,045 [43] Orchard.DisplayManagement.Implementation.DefaultDisplayManager - RuntimeBinderException thrown from Action`1 by System.Action`1[[Orchard.DisplayManagement.Implementation.ShapeDisplayingContext, Orchard.Framework, Version=1.6.0.0, Culture=neutral, PublicKeyToken=null]]
Microsoft.CSharp.RuntimeBinder.RuntimeBinderException: Cannot implicitly convert type 'Orchard.Modules.Models.ModuleEntry' to 'Orchard.ContentManagement.ContentPart'
   at CallSite.Target(Closure , CallSite , Object )
   at Orchard.DesignerTools.Services.WidgetAlternatesFactory.<Displaying>b__5(ShapeDisplayingContext displayedContext)
   at Orchard.DisplayManagement.Implementation.DefaultDisplayManager.<>c__DisplayClassc.<Execute>b__5(Action`1 action)
   at Orchard.InvokeExtensions.Invoke[TEvents](IEnumerable`1 events, Action`1 dispatch, ILogger logger)
2013-02-25 11:01:24,046 [43] Orchard.DisplayManagement.Implementation.DefaultDisplayManager - RuntimeBinderException thrown from Action`1 by System.Action`1[[Orchard.DisplayManagement.Implementation.ShapeDisplayingContext, Orchard.Framework, Version=1.6.0.0, Culture=neutral, PublicKeyToken=null]]
Microsoft.CSharp.RuntimeBinder.RuntimeBinderException: Cannot implicitly convert type 'Orchard.Modules.Models.ModuleEntry' to 'Orchard.ContentManagement.ContentPart'
   at CallSite.Target(Closure , CallSite , Object )
   at Orchard.DesignerTools.Services.WidgetAlternatesFactory.<Displaying>b__5(ShapeDisplayingContext displayedContext)
   at Orchard.DisplayManagement.Implementation.DefaultDisplayManager.<>c__DisplayClassc.<Execute>b__5(Action`1 action)
   at Orchard.InvokeExtensions.Invoke[TEvents](IEnumerable`1 events, Action`1 dispatch, ILogger logger)
2013-02-25 11:01:24,047 [43] Orchard.DisplayManagement.Implementation.DefaultDisplayManager - RuntimeBinderException thrown from Action`1 by System.Action`1[[Orchard.DisplayManagement.Implementation.ShapeDisplayingContext, Orchard.Framework, Version=1.6.0.0, Culture=neutral, PublicKeyToken=null]]
Microsoft.CSharp.RuntimeBinder.RuntimeBinderException: Cannot implicitly convert type 'Orchard.Modules.Models.ModuleEntry' to 'Orchard.ContentManagement.ContentPart'
   at CallSite.Target(Closure , CallSite , Object )
   at Orchard.DesignerTools.Services.WidgetAlternatesFactory.<Displaying>b__5(ShapeDisplayingContext displayedContext)
   at Orchard.DisplayManagement.Implementation.DefaultDisplayManager.<>c__DisplayClassc.<Execute>b__5(Action`1 action)
   at Orchard.InvokeExtensions.Invoke[TEvents](IEnumerable`1 events, Action`1 dispatch, ILogger logger)
2013-02-25 11:01:24,048 [43] Orchard.DisplayManagement.Implementation.DefaultDisplayManager - RuntimeBinderException thrown from Action`1 by System.Action`1[[Orchard.DisplayManagement.Implementation.ShapeDisplayingContext, Orchard.Framework, Version=1.6.0.0, Culture=neutral, PublicKeyToken=null]]
Microsoft.CSharp.RuntimeBinder.RuntimeBinderException: Cannot implicitly convert type 'Orchard.Modules.Models.ModuleEntry' to 'Orchard.ContentManagement.ContentPart'
   at CallSite.Target(Closure , CallSite , Object )
   at Orchard.DesignerTools.Services.WidgetAlternatesFactory.<Displaying>b__5(ShapeDisplayingContext displayedContext)
   at Orchard.DisplayManagement.Implementation.DefaultDisplayManager.<>c__DisplayClassc.<Execute>b__5(Action`1 action)
   at Orchard.InvokeExtensions.Invoke[TEvents](IEnumerable`1 events, Action`1 dispatch, ILogger logger)
2013-02-25 11:01:24,049 [43] Orchard.DisplayManagement.Implementation.DefaultDisplayManager - RuntimeBinderException thrown from Action`1 by System.Action`1[[Orchard.DisplayManagement.Implementation.ShapeDisplayingContext, Orchard.Framework, Version=1.6.0.0, Culture=neutral, PublicKeyToken=null]]
Microsoft.CSharp.RuntimeBinder.RuntimeBinderException: Cannot implicitly convert type 'Orchard.Modules.Models.ModuleEntry' to 'Orchard.ContentManagement.ContentPart'
   at CallSite.Target(Closure , CallSite , Object )
   at Orchard.DesignerTools.Services.WidgetAlternatesFactory.<Displaying>b__5(ShapeDisplayingContext displayedContext)
   at Orchard.DisplayManagement.Implementation.DefaultDisplayManager.<>c__DisplayClassc.<Execute>b__5(Action`1 action)
   at Orchard.InvokeExtensions.Invoke[TEvents](IEnumerable`1 events, Action`1 dispatch, ILogger logger)
2013-02-25 11:01:24,050 [43] Orchard.DisplayManagement.Implementation.DefaultDisplayManager - RuntimeBinderException thrown from Action`1 by System.Action`1[[Orchard.DisplayManagement.Implementation.ShapeDisplayingContext, Orchard.Framework, Version=1.6.0.0, Culture=neutral, PublicKeyToken=null]]
Microsoft.CSharp.RuntimeBinder.RuntimeBinderException: Cannot implicitly convert type 'Orchard.Modules.Models.ModuleEntry' to 'Orchard.ContentManagement.ContentPart'
   at CallSite.Target(Closure , CallSite , Object )
   at Orchard.DesignerTools.Services.WidgetAlternatesFactory.<Displaying>b__5(ShapeDisplayingContext displayedContext)
   at Orchard.DisplayManagement.Implementation.DefaultDisplayManager.<>c__DisplayClassc.<Execute>b__5(Action`1 action)
   at Orchard.InvokeExtensions.Invoke[TEvents](IEnumerable`1 events, Action`1 dispatch, ILogger logger)
2013-02-25 11:01:24,051 [43] Orchard.DisplayManagement.Implementation.DefaultDisplayManager - RuntimeBinderException thrown from Action`1 by System.Action`1[[Orchard.DisplayManagement.Implementation.ShapeDisplayingContext, Orchard.Framework, Version=1.6.0.0, Culture=neutral, PublicKeyToken=null]]
Microsoft.CSharp.RuntimeBinder.RuntimeBinderException: Cannot implicitly convert type 'Orchard.Modules.Models.ModuleEntry' to 'Orchard.ContentManagement.ContentPart'
   at CallSite.Target(Closure , CallSite , Object )
   at Orchard.DesignerTools.Services.WidgetAlternatesFactory.<Displaying>b__5(ShapeDisplayingContext displayedContext)
   at Orchard.DisplayManagement.Implementation.DefaultDisplayManager.<>c__DisplayClassc.<Execute>b__5(Action`1 action)
   at Orchard.InvokeExtensions.Invoke[TEvents](IEnumerable`1 events, Action`1 dispatch, ILogger logger)
2013-02-25 11:01:24,052 [43] Orchard.DisplayManagement.Implementation.DefaultDisplayManager - RuntimeBinderException thrown from Action`1 by System.Action`1[[Orchard.DisplayManagement.Implementation.ShapeDisplayingContext, Orchard.Framework, Version=1.6.0.0, Culture=neutral, PublicKeyToken=null]]
Microsoft.CSharp.RuntimeBinder.RuntimeBinderException: Cannot implicitly convert type 'Orchard.Modules.Models.ModuleEntry' to 'Orchard.ContentManagement.ContentPart'
   at CallSite.Target(Closure , CallSite , Object )
   at Orchard.DesignerTools.Services.WidgetAlternatesFactory.<Displaying>b__5(ShapeDisplayingContext displayedContext)
   at Orchard.DisplayManagement.Implementation.DefaultDisplayManager.<>c__DisplayClassc.<Execute>b__5(Action`1 action)
   at Orchard.InvokeExtensions.Invoke[TEvents](IEnumerable`1 events, Action`1 dispatch, ILogger logger)
2013-02-25 11:01:24,053 [43] Orchard.DisplayManagement.Implementation.DefaultDisplayManager - RuntimeBinderException thrown from Action`1 by System.Action`1[[Orchard.DisplayManagement.Implementation.ShapeDisplayingContext, Orchard.Framework, Version=1.6.0.0, Culture=neutral, PublicKeyToken=null]]
Microsoft.CSharp.RuntimeBinder.RuntimeBinderException: Cannot implicitly convert type 'Orchard.Modules.Models.ModuleEntry' to 'Orchard.ContentManagement.ContentPart'
   at CallSite.Target(Closure , CallSite , Object )
   at Orchard.DesignerTools.Services.WidgetAlternatesFactory.<Displaying>b__5(ShapeDisplayingContext displayedContext)
   at Orchard.DisplayManagement.Implementation.DefaultDisplayManager.<>c__DisplayClassc.<Execute>b__5(Action`1 action)
   at Orchard.InvokeExtensions.Invoke[TEvents](IEnumerable`1 events, Action`1 dispatch, ILogger logger)
2013-02-25 11:01:24,054 [43] Orchard.DisplayManagement.Implementation.DefaultDisplayManager - RuntimeBinderException thrown from Action`1 by System.Action`1[[Orchard.DisplayManagement.Implementation.ShapeDisplayingContext, Orchard.Framework, Version=1.6.0.0, Culture=neutral, PublicKeyToken=null]]
Microsoft.CSharp.RuntimeBinder.RuntimeBinderException: Cannot implicitly convert type 'Orchard.Modules.Models.ModuleEntry' to 'Orchard.ContentManagement.ContentPart'
   at CallSite.Target(Closure , CallSite , Object )
   at Orchard.DesignerTools.Services.WidgetAlternatesFactory.<Displaying>b__5(ShapeDisplayingContext displayedContext)
   at Orchard.DisplayManagement.Implementation.DefaultDisplayManager.<>c__DisplayClassc.<Execute>b__5(Action`1 action)
   at Orchard.InvokeExtensions.Invoke[TEvents](IEnumerable`1 events, Action`1 dispatch, ILogger logger)
2013-02-25 11:01:24,055 [43] Orchard.DisplayManagement.Implementation.DefaultDisplayManager - RuntimeBinderException thrown from Action`1 by System.Action`1[[Orchard.DisplayManagement.Implementation.ShapeDisplayingContext, Orchard.Framework, Version=1.6.0.0, Culture=neutral, PublicKeyToken=null]]
Microsoft.CSharp.RuntimeBinder.RuntimeBinderException: Cannot implicitly convert type 'Orchard.Modules.Models.ModuleEntry' to 'Orchard.ContentManagement.ContentPart'
   at CallSite.Target(Closure , CallSite , Object )
   at Orchard.DesignerTools.Services.WidgetAlternatesFactory.<Displaying>b__5(ShapeDisplayingContext displayedContext)
   at Orchard.DisplayManagement.Implementation.DefaultDisplayManager.<>c__DisplayClassc.<Execute>b__5(Action`1 action)
   at Orchard.InvokeExtensions.Invoke[TEvents](IEnumerable`1 events, Action`1 dispatch, ILogger logger)
2013-02-25 11:01:24,056 [43] Orchard.DisplayManagement.Implementation.DefaultDisplayManager - RuntimeBinderException thrown from Action`1 by System.Action`1[[Orchard.DisplayManagement.Implementation.ShapeDisplayingContext, Orchard.Framework, Version=1.6.0.0, Culture=neutral, PublicKeyToken=null]]
Microsoft.CSharp.RuntimeBinder.RuntimeBinderException: Cannot implicitly convert type 'Orchard.Modules.Models.ModuleEntry' to 'Orchard.ContentManagement.ContentPart'
   at CallSite.Target(Closure , CallSite , Object )
   at Orchard.DesignerTools.Services.WidgetAlternatesFactory.<Displaying>b__5(ShapeDisplayingContext displayedContext)
   at Orchard.DisplayManagement.Implementation.DefaultDisplayManager.<>c__DisplayClassc.<Execute>b__5(Action`1 action)
   at Orchard.InvokeExtensions.Invoke[TEvents](IEnumerable`1 events, Action`1 dispatch, ILogger logger)
2013-02-25 11:01:24,057 [43] Orchard.DisplayManagement.Implementation.DefaultDisplayManager - RuntimeBinderException thrown from Action`1 by System.Action`1[[Orchard.DisplayManagement.Implementation.ShapeDisplayingContext, Orchard.Framework, Version=1.6.0.0, Culture=neutral, PublicKeyToken=null]]
Microsoft.CSharp.RuntimeBinder.RuntimeBinderException: Cannot implicitly convert type 'Orchard.Modules.Models.ModuleEntry' to 'Orchard.ContentManagement.ContentPart'
   at CallSite.Target(Closure , CallSite , Object )
   at Orchard.DesignerTools.Services.WidgetAlternatesFactory.<Displaying>b__5(ShapeDisplayingContext displayedContext)
   at Orchard.DisplayManagement.Implementation.DefaultDisplayManager.<>c__DisplayClassc.<Execute>b__5(Action`1 action)
   at Orchard.InvokeExtensions.Invoke[TEvents](IEnumerable`1 events, Action`1 dispatch, ILogger logger)
2013-02-25 11:01:24,058 [43] Orchard.DisplayManagement.Implementation.DefaultDisplayManager - RuntimeBinderException thrown from Action`1 by System.Action`1[[Orchard.DisplayManagement.Implementation.ShapeDisplayingContext, Orchard.Framework, Version=1.6.0.0, Culture=neutral, PublicKeyToken=null]]
Microsoft.CSharp.RuntimeBinder.RuntimeBinderException: Cannot implicitly convert type 'Orchard.Modules.Models.ModuleEntry' to 'Orchard.ContentManagement.ContentPart'
   at CallSite.Target(Closure , CallSite , Object )
   at Orchard.DesignerTools.Services.WidgetAlternatesFactory.<Displaying>b__5(ShapeDisplayingContext displayedContext)
   at Orchard.DisplayManagement.Implementation.DefaultDisplayManager.<>c__DisplayClassc.<Execute>b__5(Action`1 action)
   at Orchard.InvokeExtensions.Invoke[TEvents](IEnumerable`1 events, Action`1 dispatch, ILogger logger)
2013-02-25 11:01:24,060 [43] Orchard.DisplayManagement.Implementation.DefaultDisplayManager - RuntimeBinderException thrown from Action`1 by System.Action`1[[Orchard.DisplayManagement.Implementation.ShapeDisplayingContext, Orchard.Framework, Version=1.6.0.0, Culture=neutral, PublicKeyToken=null]]
Microsoft.CSharp.RuntimeBinder.RuntimeBinderException: Cannot implicitly convert type 'Orchard.Modules.Models.ModuleEntry' to 'Orchard.ContentManagement.ContentPart'
   at CallSite.Target(Closure , CallSite , Object )
   at Orchard.DesignerTools.Services.WidgetAlternatesFactory.<Displaying>b__5(ShapeDisplayingContext displayedContext)
   at Orchard.DisplayManagement.Implementation.DefaultDisplayManager.<>c__DisplayClassc.<Execute>b__5(Action`1 action)
   at Orchard.InvokeExtensions.Invoke[TEvents](IEnumerable`1 events, Action`1 dispatch, ILogger logger)
2013-02-25 11:01:24,061 [43] Orchard.DisplayManagement.Implementation.DefaultDisplayManager - RuntimeBinderException thrown from Action`1 by System.Action`1[[Orchard.DisplayManagement.Implementation.ShapeDisplayingContext, Orchard.Framework, Version=1.6.0.0, Culture=neutral, PublicKeyToken=null]]
Microsoft.CSharp.RuntimeBinder.RuntimeBinderException: Cannot implicitly convert type 'Orchard.Modules.Models.ModuleEntry' to 'Orchard.ContentManagement.ContentPart'
   at CallSite.Target(Closure , CallSite , Object )
   at Orchard.DesignerTools.Services.WidgetAlternatesFactory.<Displaying>b__5(ShapeDisplayingContext displayedContext)
   at Orchard.DisplayManagement.Implementation.DefaultDisplayManager.<>c__DisplayClassc.<Execute>b__5(Action`1 action)
   at Orchard.InvokeExtensions.Invoke[TEvents](IEnumerable`1 events, Action`1 dispatch, ILogger logger)
2013-02-25 11:01:24,062 [43] Orchard.DisplayManagement.Implementation.DefaultDisplayManager - RuntimeBinderException thrown from Action`1 by System.Action`1[[Orchard.DisplayManagement.Implementation.ShapeDisplayingContext, Orchard.Framework, Version=1.6.0.0, Culture=neutral, PublicKeyToken=null]]
Microsoft.CSharp.RuntimeBinder.RuntimeBinderException: Cannot implicitly convert type 'Orchard.Modules.Models.ModuleEntry' to 'Orchard.ContentManagement.ContentPart'
   at CallSite.Target(Closure , CallSite , Object )
   at Orchard.DesignerTools.Services.WidgetAlternatesFactory.<Displaying>b__5(ShapeDisplayingContext displayedContext)
   at Orchard.DisplayManagement.Implementation.DefaultDisplayManager.<>c__DisplayClassc.<Execute>b__5(Action`1 action)
   at Orchard.InvokeExtensions.Invoke[TEvents](IEnumerable`1 events, Action`1 dispatch, ILogger logger)
2013-02-25 11:01:24,063 [43] Orchard.DisplayManagement.Implementation.DefaultDisplayManager - RuntimeBinderException thrown from Action`1 by System.Action`1[[Orchard.DisplayManagement.Implementation.ShapeDisplayingContext, Orchard.Framework, Version=1.6.0.0, Culture=neutral, PublicKeyToken=null]]
Microsoft.CSharp.RuntimeBinder.RuntimeBinderException: Cannot implicitly convert type 'Orchard.Modules.Models.ModuleEntry' to 'Orchard.ContentManagement.ContentPart'
   at CallSite.Target(Closure , CallSite , Object )
   at Orchard.DesignerTools.Services.WidgetAlternatesFactory.<Displaying>b__5(ShapeDisplayingContext displayedContext)
   at Orchard.DisplayManagement.Implementation.DefaultDisplayManager.<>c__DisplayClassc.<Execute>b__5(Action`1 action)
   at Orchard.InvokeExtensions.Invoke[TEvents](IEnumerable`1 events, Action`1 dispatch, ILogger logger)
2013-02-25 11:01:24,064 [43] Orchard.DisplayManagement.Implementation.DefaultDisplayManager - RuntimeBinderException thrown from Action`1 by System.Action`1[[Orchard.DisplayManagement.Implementation.ShapeDisplayingContext, Orchard.Framework, Version=1.6.0.0, Culture=neutral, PublicKeyToken=null]]
Microsoft.CSharp.RuntimeBinder.RuntimeBinderException: Cannot implicitly convert type 'Orchard.Modules.Models.ModuleEntry' to 'Orchard.ContentManagement.ContentPart'
   at CallSite.Target(Closure , CallSite , Object )
   at Orchard.DesignerTools.Services.WidgetAlternatesFactory.<Displaying>b__5(ShapeDisplayingContext displayedContext)
   at Orchard.DisplayManagement.Implementation.DefaultDisplayManager.<>c__DisplayClassc.<Execute>b__5(Action`1 action)
   at Orchard.InvokeExtensions.Invoke[TEvents](IEnumerable`1 events, Action`1 dispatch, ILogger logger)
2013-02-25 11:01:24,065 [43] Orchard.DisplayManagement.Implementation.DefaultDisplayManager - RuntimeBinderException thrown from Action`1 by System.Action`1[[Orchard.DisplayManagement.Implementation.ShapeDisplayingContext, Orchard.Framework, Version=1.6.0.0, Culture=neutral, PublicKeyToken=null]]
Microsoft.CSharp.RuntimeBinder.RuntimeBinderException: Cannot implicitly convert type 'Orchard.Modules.Models.ModuleEntry' to 'Orchard.ContentManagement.ContentPart'
   at CallSite.Target(Closure , CallSite , Object )
   at Orchard.DesignerTools.Services.WidgetAlternatesFactory.<Displaying>b__5(ShapeDisplayingContext displayedContext)
   at Orchard.DisplayManagement.Implementation.DefaultDisplayManager.<>c__DisplayClassc.<Execute>b__5(Action`1 action)
   at Orchard.InvokeExtensions.Invoke[TEvents](IEnumerable`1 events, Action`1 dispatch, ILogger logger)
2013-02-25 11:01:24,066 [43] Orchard.DisplayManagement.Implementation.DefaultDisplayManager - RuntimeBinderException thrown from Action`1 by System.Action`1[[Orchard.DisplayManagement.Implementation.ShapeDisplayingContext, Orchard.Framework, Version=1.6.0.0, Culture=neutral, PublicKeyToken=null]]
Microsoft.CSharp.RuntimeBinder.RuntimeBinderException: Cannot implicitly convert type 'Orchard.Modules.Models.ModuleEntry' to 'Orchard.ContentManagement.ContentPart'
   at CallSite.Target(Closure , CallSite , Object )
   at Orchard.DesignerTools.Services.WidgetAlternatesFactory.<Displaying>b__5(ShapeDisplayingContext displayedContext)
   at Orchard.DisplayManagement.Implementation.DefaultDisplayManager.<>c__DisplayClassc.<Execute>b__5(Action`1 action)
   at Orchard.InvokeExtensions.Invoke[TEvents](IEnumerable`1 events, Action`1 dispatch, ILogger logger)
2013-02-25 11:01:24,067 [43] Orchard.DisplayManagement.Implementation.DefaultDisplayManager - RuntimeBinderException thrown from Action`1 by System.Action`1[[Orchard.DisplayManagement.Implementation.ShapeDisplayingContext, Orchard.Framework, Version=1.6.0.0, Culture=neutral, PublicKeyToken=null]]
Microsoft.CSharp.RuntimeBinder.RuntimeBinderException: Cannot implicitly convert type 'Orchard.Modules.Models.ModuleEntry' to 'Orchard.ContentManagement.ContentPart'
   at CallSite.Target(Closure , CallSite , Object )
   at Orchard.DesignerTools.Services.WidgetAlternatesFactory.<Displaying>b__5(ShapeDisplayingContext displayedContext)
   at Orchard.DisplayManagement.Implementation.DefaultDisplayManager.<>c__DisplayClassc.<Execute>b__5(Action`1 action)
   at Orchard.InvokeExtensions.Invoke[TEvents](IEnumerable`1 events, Action`1 dispatch, ILogger logger)
2013-02-25 11:01:24,068 [43] Orchard.DisplayManagement.Implementation.DefaultDisplayManager - RuntimeBinderException thrown from Action`1 by System.Action`1[[Orchard.DisplayManagement.Implementation.ShapeDisplayingContext, Orchard.Framework, Version=1.6.0.0, Culture=neutral, PublicKeyToken=null]]
Microsoft.CSharp.RuntimeBinder.RuntimeBinderException: Cannot implicitly convert type 'Orchard.Modules.Models.ModuleEntry' to 'Orchard.ContentManagement.ContentPart'
   at CallSite.Target(Closure , CallSite , Object )
   at Orchard.DesignerTools.Services.WidgetAlternatesFactory.<Displaying>b__5(ShapeDisplayingContext displayedContext)
   at Orchard.DisplayManagement.Implementation.DefaultDisplayManager.<>c__DisplayClassc.<Execute>b__5(Action`1 action)
   at Orchard.InvokeExtensions.Invoke[TEvents](IEnumerable`1 events, Action`1 dispatch, ILogger logger)
2013-02-25 11:01:24,069 [43] Orchard.DisplayManagement.Implementation.DefaultDisplayManager - RuntimeBinderException thrown from Action`1 by System.Action`1[[Orchard.DisplayManagement.Implementation.ShapeDisplayingContext, Orchard.Framework, Version=1.6.0.0, Culture=neutral, PublicKeyToken=null]]
Microsoft.CSharp.RuntimeBinder.RuntimeBinderException: Cannot implicitly convert type 'Orchard.Modules.Models.ModuleEntry' to 'Orchard.ContentManagement.ContentPart'
   at CallSite.Target(Closure , CallSite , Object )
   at Orchard.DesignerTools.Services.WidgetAlternatesFactory.<Displaying>b__5(ShapeDisplayingContext displayedContext)
   at Orchard.DisplayManagement.Implementation.DefaultDisplayManager.<>c__DisplayClassc.<Execute>b__5(Action`1 action)
   at Orchard.InvokeExtensions.Invoke[TEvents](IEnumerable`1 events, Action`1 dispatch, ILogger logger)
2013-02-25 11:01:24,070 [43] Orchard.DisplayManagement.Implementation.DefaultDisplayManager - RuntimeBinderException thrown from Action`1 by System.Action`1[[Orchard.DisplayManagement.Implementation.ShapeDisplayingContext, Orchard.Framework, Version=1.6.0.0, Culture=neutral, PublicKeyToken=null]]
Microsoft.CSharp.RuntimeBinder.RuntimeBinderException: Cannot implicitly convert type 'Orchard.Modules.Models.ModuleEntry' to 'Orchard.ContentManagement.ContentPart'
   at CallSite.Target(Closure , CallSite , Object )
   at Orchard.DesignerTools.Services.WidgetAlternatesFactory.<Displaying>b__5(ShapeDisplayingContext displayedContext)
   at Orchard.DisplayManagement.Implementation.DefaultDisplayManager.<>c__DisplayClassc.<Execute>b__5(Action`1 action)
   at Orchard.InvokeExtensions.Invoke[TEvents](IEnumerable`1 events, Action`1 dispatch, ILogger logger)
2013-02-25 11:01:24,071 [43] Orchard.DisplayManagement.Implementation.DefaultDisplayManager - RuntimeBinderException thrown from Action`1 by System.Action`1[[Orchard.DisplayManagement.Implementation.ShapeDisplayingContext, Orchard.Framework, Version=1.6.0.0, Culture=neutral, PublicKeyToken=null]]
Microsoft.CSharp.RuntimeBinder.RuntimeBinderException: Cannot implicitly convert type 'Orchard.Modules.Models.ModuleEntry' to 'Orchard.ContentManagement.ContentPart'
   at CallSite.Target(Closure , CallSite , Object )
   at Orchard.DesignerTools.Services.WidgetAlternatesFactory.<Displaying>b__5(ShapeDisplayingContext displayedContext)
   at Orchard.DisplayManagement.Implementation.DefaultDisplayManager.<>c__DisplayClassc.<Execute>b__5(Action`1 action)
   at Orchard.InvokeExtensions.Invoke[TEvents](IEnumerable`1 events, Action`1 dispatch, ILogger logger)
2013-02-25 11:01:24,072 [43] Orchard.DisplayManagement.Implementation.DefaultDisplayManager - RuntimeBinderException thrown from Action`1 by System.Action`1[[Orchard.DisplayManagement.Implementation.ShapeDisplayingContext, Orchard.Framework, Version=1.6.0.0, Culture=neutral, PublicKeyToken=null]]
Microsoft.CSharp.RuntimeBinder.RuntimeBinderException: Cannot implicitly convert type 'Orchard.Modules.Models.ModuleEntry' to 'Orchard.ContentManagement.ContentPart'
   at CallSite.Target(Closure , CallSite , Object )
   at Orchard.DesignerTools.Services.WidgetAlternatesFactory.<Displaying>b__5(ShapeDisplayingContext displayedContext)
   at Orchard.DisplayManagement.Implementation.DefaultDisplayManager.<>c__DisplayClassc.<Execute>b__5(Action`1 action)
   at Orchard.InvokeExtensions.Invoke[TEvents](IEnumerable`1 events, Action`1 dispatch, ILogger logger)
2013-02-25 11:01:24,073 [43] Orchard.DisplayManagement.Implementation.DefaultDisplayManager - RuntimeBinderException thrown from Action`1 by System.Action`1[[Orchard.DisplayManagement.Implementation.ShapeDisplayingContext, Orchard.Framework, Version=1.6.0.0, Culture=neutral, PublicKeyToken=null]]
Microsoft.CSharp.RuntimeBinder.RuntimeBinderException: Cannot implicitly convert type 'Orchard.Modules.Models.ModuleEntry' to 'Orchard.ContentManagement.ContentPart'
   at CallSite.Target(Closure , CallSite , Object )
   at Orchard.DesignerTools.Services.WidgetAlternatesFactory.<Displaying>b__5(ShapeDisplayingContext displayedContext)
   at Orchard.DisplayManagement.Implementation.DefaultDisplayManager.<>c__DisplayClassc.<Execute>b__5(Action`1 action)
   at Orchard.InvokeExtensions.Invoke[TEvents](IEnumerable`1 events, Action`1 dispatch, ILogger logger)
2013-02-25 11:01:24,074 [43] Orchard.DisplayManagement.Implementation.DefaultDisplayManager - RuntimeBinderException thrown from Action`1 by System.Action`1[[Orchard.DisplayManagement.Implementation.ShapeDisplayingContext, Orchard.Framework, Version=1.6.0.0, Culture=neutral, PublicKeyToken=null]]
Microsoft.CSharp.RuntimeBinder.RuntimeBinderException: Cannot implicitly convert type 'Orchard.Modules.Models.ModuleEntry' to 'Orchard.ContentManagement.ContentPart'
   at CallSite.Target(Closure , CallSite , Object )
   at Orchard.DesignerTools.Services.WidgetAlternatesFactory.<Displaying>b__5(ShapeDisplayingContext displayedContext)
   at Orchard.DisplayManagement.Implementation.DefaultDisplayManager.<>c__DisplayClassc.<Execute>b__5(Action`1 action)
   at Orchard.InvokeExtensions.Invoke[TEvents](IEnumerable`1 events, Action`1 dispatch, ILogger logger)
2013-02-25 11:01:24,075 [43] Orchard.DisplayManagement.Implementation.DefaultDisplayManager - RuntimeBinderException thrown from Action`1 by System.Action`1[[Orchard.DisplayManagement.Implementation.ShapeDisplayingContext, Orchard.Framework, Version=1.6.0.0, Culture=neutral, PublicKeyToken=null]]
Microsoft.CSharp.RuntimeBinder.RuntimeBinderException: Cannot implicitly convert type 'Orchard.Modules.Models.ModuleEntry' to 'Orchard.ContentManagement.ContentPart'
   at CallSite.Target(Closure , CallSite , Object )
   at Orchard.DesignerTools.Services.WidgetAlternatesFactory.<Displaying>b__5(ShapeDisplayingContext displayedContext)
   at Orchard.DisplayManagement.Implementation.DefaultDisplayManager.<>c__DisplayClassc.<Execute>b__5(Action`1 action)
   at Orchard.InvokeExtensions.Invoke[TEvents](IEnumerable`1 events, Action`1 dispatch, ILogger logger)
2013-02-25 11:01:24,077 [43] Orchard.DisplayManagement.Implementation.DefaultDisplayManager - RuntimeBinderException thrown from Action`1 by System.Action`1[[Orchard.DisplayManagement.Implementation.ShapeDisplayingContext, Orchard.Framework, Version=1.6.0.0, Culture=neutral, PublicKeyToken=null]]
Microsoft.CSharp.RuntimeBinder.RuntimeBinderException: Cannot implicitly convert type 'Orchard.Modules.Models.ModuleEntry' to 'Orchard.ContentManagement.ContentPart'
   at CallSite.Target(Closure , CallSite , Object )
   at Orchard.DesignerTools.Services.WidgetAlternatesFactory.<Displaying>b__5(ShapeDisplayingContext displayedContext)
   at Orchard.DisplayManagement.Implementation.DefaultDisplayManager.<>c__DisplayClassc.<Execute>b__5(Action`1 action)
   at Orchard.InvokeExtensions.Invoke[TEvents](IEnumerable`1 events, Action`1 dispatch, ILogger logger)
2013-02-25 11:01:24,078 [43] Orchard.DisplayManagement.Implementation.DefaultDisplayManager - RuntimeBinderException thrown from Action`1 by System.Action`1[[Orchard.DisplayManagement.Implementation.ShapeDisplayingContext, Orchard.Framework, Version=1.6.0.0, Culture=neutral, PublicKeyToken=null]]
Microsoft.CSharp.RuntimeBinder.RuntimeBinderException: Cannot implicitly convert type 'Orchard.Modules.Models.ModuleEntry' to 'Orchard.ContentManagement.ContentPart'
   at CallSite.Target(Closure , CallSite , Object )
   at Orchard.DesignerTools.Services.WidgetAlternatesFactory.<Displaying>b__5(ShapeDisplayingContext displayedContext)
   at Orchard.DisplayManagement.Implementation.DefaultDisplayManager.<>c__DisplayClassc.<Execute>b__5(Action`1 action)
   at Orchard.InvokeExtensions.Invoke[TEvents](IEnumerable`1 events, Action`1 dispatch, ILogger logger)
2013-02-25 11:01:24,079 [43] Orchard.DisplayManagement.Implementation.DefaultDisplayManager - RuntimeBinderException thrown from Action`1 by System.Action`1[[Orchard.DisplayManagement.Implementation.ShapeDisplayingContext, Orchard.Framework, Version=1.6.0.0, Culture=neutral, PublicKeyToken=null]]
Microsoft.CSharp.RuntimeBinder.RuntimeBinderException: Cannot implicitly convert type 'Orchard.Modules.Models.ModuleEntry' to 'Orchard.ContentManagement.ContentPart'
   at CallSite.Target(Closure , CallSite , Object )
   at Orchard.DesignerTools.Services.WidgetAlternatesFactory.<Displaying>b__5(ShapeDisplayingContext displayedContext)
   at Orchard.DisplayManagement.Implementation.DefaultDisplayManager.<>c__DisplayClassc.<Execute>b__5(Action`1 action)
   at Orchard.InvokeExtensions.Invoke[TEvents](IEnumerable`1 events, Action`1 dispatch, ILogger logger)
2013-02-25 11:01:24,080 [43] Orchard.DisplayManagement.Implementation.DefaultDisplayManager - RuntimeBinderException thrown from Action`1 by System.Action`1[[Orchard.DisplayManagement.Implementation.ShapeDisplayingContext, Orchard.Framework, Version=1.6.0.0, Culture=neutral, PublicKeyToken=null]]
Microsoft.CSharp.RuntimeBinder.RuntimeBinderException: Cannot implicitly convert type 'Orchard.Modules.Models.ModuleEntry' to 'Orchard.ContentManagement.ContentPart'
   at CallSite.Target(Closure , CallSite , Object )
   at Orchard.DesignerTools.Services.WidgetAlternatesFactory.<Displaying>b__5(ShapeDisplayingContext displayedContext)
   at Orchard.DisplayManagement.Implementation.DefaultDisplayManager.<>c__DisplayClassc.<Execute>b__5(Action`1 action)
   at Orchard.InvokeExtensions.Invoke[TEvents](IEnumerable`1 events, Action`1 dispatch, ILogger logger)
2013-02-25 11:01:24,081 [43] Orchard.DisplayManagement.Implementation.DefaultDisplayManager - RuntimeBinderException thrown from Action`1 by System.Action`1[[Orchard.DisplayManagement.Implementation.ShapeDisplayingContext, Orchard.Framework, Version=1.6.0.0, Culture=neutral, PublicKeyToken=null]]
Microsoft.CSharp.RuntimeBinder.RuntimeBinderException: Cannot implicitly convert type 'Orchard.Modules.Models.ModuleEntry' to 'Orchard.ContentManagement.ContentPart'
   at CallSite.Target(Closure , CallSite , Object )
   at Orchard.DesignerTools.Services.WidgetAlternatesFactory.<Displaying>b__5(ShapeDisplayingContext displayedContext)
   at Orchard.DisplayManagement.Implementation.DefaultDisplayManager.<>c__DisplayClassc.<Execute>b__5(Action`1 action)
   at Orchard.InvokeExtensions.Invoke[TEvents](IEnumerable`1 events, Action`1 dispatch, ILogger logger)
2013-02-25 11:01:24,082 [43] Orchard.DisplayManagement.Implementation.DefaultDisplayManager - RuntimeBinderException thrown from Action`1 by System.Action`1[[Orchard.DisplayManagement.Implementation.ShapeDisplayingContext, Orchard.Framework, Version=1.6.0.0, Culture=neutral, PublicKeyToken=null]]
Microsoft.CSharp.RuntimeBinder.RuntimeBinderException: Cannot implicitly convert type 'Orchard.Modules.Models.ModuleEntry' to 'Orchard.ContentManagement.ContentPart'
   at CallSite.Target(Closure , CallSite , Object )
   at Orchard.DesignerTools.Services.WidgetAlternatesFactory.<Displaying>b__5(ShapeDisplayingContext displayedContext)
   at Orchard.DisplayManagement.Implementation.DefaultDisplayManager.<>c__DisplayClassc.<Execute>b__5(Action`1 action)
   at Orchard.InvokeExtensions.Invoke[TEvents](IEnumerable`1 events, Action`1 dispatch, ILogger logger)
2013-02-25 11:01:24,083 [43] Orchard.DisplayManagement.Implementation.DefaultDisplayManager - RuntimeBinderException thrown from Action`1 by System.Action`1[[Orchard.DisplayManagement.Implementation.ShapeDisplayingContext, Orchard.Framework, Version=1.6.0.0, Culture=neutral, PublicKeyToken=null]]
Microsoft.CSharp.RuntimeBinder.RuntimeBinderException: Cannot implicitly convert type 'Orchard.Modules.Models.ModuleEntry' to 'Orchard.ContentManagement.ContentPart'
   at CallSite.Target(Closure , CallSite , Object )
   at Orchard.DesignerTools.Services.WidgetAlternatesFactory.<Displaying>b__5(ShapeDisplayingContext displayedContext)
   at Orchard.DisplayManagement.Implementation.DefaultDisplayManager.<>c__DisplayClassc.<Execute>b__5(Action`1 action)
   at Orchard.InvokeExtensions.Invoke[TEvents](IEnumerable`1 events, Action`1 dispatch, ILogger logger)
2013-02-25 11:01:24,084 [43] Orchard.DisplayManagement.Implementation.DefaultDisplayManager - RuntimeBinderException thrown from Action`1 by System.Action`1[[Orchard.DisplayManagement.Implementation.ShapeDisplayingContext, Orchard.Framework, Version=1.6.0.0, Culture=neutral, PublicKeyToken=null]]
Microsoft.CSharp.RuntimeBinder.RuntimeBinderException: Cannot implicitly convert type 'Orchard.Modules.Models.ModuleEntry' to 'Orchard.ContentManagement.ContentPart'
   at CallSite.Target(Closure , CallSite , Object )
   at Orchard.DesignerTools.Services.WidgetAlternatesFactory.<Displaying>b__5(ShapeDisplayingContext displayedContext)
   at Orchard.DisplayManagement.Implementation.DefaultDisplayManager.<>c__DisplayClassc.<Execute>b__5(Action`1 action)
   at Orchard.InvokeExtensions.Invoke[TEvents](IEnumerable`1 events, Action`1 dispatch, ILogger logger)
2013-02-25 11:01:24,085 [43] Orchard.DisplayManagement.Implementation.DefaultDisplayManager - RuntimeBinderException thrown from Action`1 by System.Action`1[[Orchard.DisplayManagement.Implementation.ShapeDisplayingContext, Orchard.Framework, Version=1.6.0.0, Culture=neutral, PublicKeyToken=null]]
Microsoft.CSharp.RuntimeBinder.RuntimeBinderException: Cannot implicitly convert type 'Orchard.Modules.Models.ModuleEntry' to 'Orchard.ContentManagement.ContentPart'
   at CallSite.Target(Closure , CallSite , Object )
   at Orchard.DesignerTools.Services.WidgetAlternatesFactory.<Displaying>b__5(ShapeDisplayingContext displayedContext)
   at Orchard.DisplayManagement.Implementation.DefaultDisplayManager.<>c__DisplayClassc.<Execute>b__5(Action`1 action)
   at Orchard.InvokeExtensions.Invoke[TEvents](IEnumerable`1 events, Action`1 dispatch, ILogger logger)
2013-02-25 11:01:24,086 [43] Orchard.DisplayManagement.Implementation.DefaultDisplayManager - RuntimeBinderException thrown from Action`1 by System.Action`1[[Orchard.DisplayManagement.Implementation.ShapeDisplayingContext, Orchard.Framework, Version=1.6.0.0, Culture=neutral, PublicKeyToken=null]]
Microsoft.CSharp.RuntimeBinder.RuntimeBinderException: Cannot implicitly convert type 'Orchard.Modules.Models.ModuleEntry' to 'Orchard.ContentManagement.ContentPart'
   at CallSite.Target(Closure , CallSite , Object )
   at Orchard.DesignerTools.Services.WidgetAlternatesFactory.<Displaying>b__5(ShapeDisplayingContext displayedContext)
   at Orchard.DisplayManagement.Implementation.DefaultDisplayManager.<>c__DisplayClassc.<Execute>b__5(Action`1 action)
   at Orchard.InvokeExtensions.Invoke[TEvents](IEnumerable`1 events, Action`1 dispatch, ILogger logger)
2013-02-25 11:01:24,088 [43] Orchard.DisplayManagement.Implementation.DefaultDisplayManager - RuntimeBinderException thrown from Action`1 by System.Action`1[[Orchard.DisplayManagement.Implementation.ShapeDisplayingContext, Orchard.Framework, Version=1.6.0.0, Culture=neutral, PublicKeyToken=null]]
Microsoft.CSharp.RuntimeBinder.RuntimeBinderException: Cannot implicitly convert type 'Orchard.Modules.Models.ModuleEntry' to 'Orchard.ContentManagement.ContentPart'
   at CallSite.Target(Closure , CallSite , Object )
   at Orchard.DesignerTools.Services.WidgetAlternatesFactory.<Displaying>b__5(ShapeDisplayingContext displayedContext)
   at Orchard.DisplayManagement.Implementation.DefaultDisplayManager.<>c__DisplayClassc.<Execute>b__5(Action`1 action)
   at Orchard.InvokeExtensions.Invoke[TEvents](IEnumerable`1 events, Action`1 dispatch, ILogger logger)
2013-02-25 11:01:24,089 [43] Orchard.DisplayManagement.Implementation.DefaultDisplayManager - RuntimeBinderException thrown from Action`1 by System.Action`1[[Orchard.DisplayManagement.Implementation.ShapeDisplayingContext, Orchard.Framework, Version=1.6.0.0, Culture=neutral, PublicKeyToken=null]]
Microsoft.CSharp.RuntimeBinder.RuntimeBinderException: Cannot implicitly convert type 'Orchard.Modules.Models.ModuleEntry' to 'Orchard.ContentManagement.ContentPart'
   at CallSite.Target(Closure , CallSite , Object )
   at Orchard.DesignerTools.Services.WidgetAlternatesFactory.<Displaying>b__5(ShapeDisplayingContext displayedContext)
   at Orchard.DisplayManagement.Implementation.DefaultDisplayManager.<>c__DisplayClassc.<Execute>b__5(Action`1 action)
   at Orchard.InvokeExtensions.Invoke[TEvents](IEnumerable`1 events, Action`1 dispatch, ILogger logger)
2013-02-25 11:01:24,090 [43] Orchard.DisplayManagement.Implementation.DefaultDisplayManager - RuntimeBinderException thrown from Action`1 by System.Action`1[[Orchard.DisplayManagement.Implementation.ShapeDisplayingContext, Orchard.Framework, Version=1.6.0.0, Culture=neutral, PublicKeyToken=null]]
Microsoft.CSharp.RuntimeBinder.RuntimeBinderException: Cannot implicitly convert type 'Orchard.Modules.Models.ModuleEntry' to 'Orchard.ContentManagement.ContentPart'
   at CallSite.Target(Closure , CallSite , Object )
   at Orchard.DesignerTools.Services.WidgetAlternatesFactory.<Displaying>b__5(ShapeDisplayingContext displayedContext)
   at Orchard.DisplayManagement.Implementation.DefaultDisplayManager.<>c__DisplayClassc.<Execute>b__5(Action`1 action)
   at Orchard.InvokeExtensions.Invoke[TEvents](IEnumerable`1 events, Action`1 dispatch, ILogger logger)
2013-02-25 11:01:24,091 [43] Orchard.DisplayManagement.Implementation.DefaultDisplayManager - RuntimeBinderException thrown from Action`1 by System.Action`1[[Orchard.DisplayManagement.Implementation.ShapeDisplayingContext, Orchard.Framework, Version=1.6.0.0, Culture=neutral, PublicKeyToken=null]]
Microsoft.CSharp.RuntimeBinder.RuntimeBinderException: Cannot implicitly convert type 'Orchard.Modules.Models.ModuleEntry' to 'Orchard.ContentManagement.ContentPart'
   at CallSite.Target(Closure , CallSite , Object )
   at Orchard.DesignerTools.Services.WidgetAlternatesFactory.<Displaying>b__5(ShapeDisplayingContext displayedContext)
   at Orchard.DisplayManagement.Implementation.DefaultDisplayManager.<>c__DisplayClassc.<Execute>b__5(Action`1 action)
   at Orchard.InvokeExtensions.Invoke[TEvents](IEnumerable`1 events, Action`1 dispatch, ILogger logger)
2013-02-25 11:01:24,092 [43] Orchard.DisplayManagement.Implementation.DefaultDisplayManager - RuntimeBinderException thrown from Action`1 by System.Action`1[[Orchard.DisplayManagement.Implementation.ShapeDisplayingContext, Orchard.Framework, Version=1.6.0.0, Culture=neutral, PublicKeyToken=null]]
Microsoft.CSharp.RuntimeBinder.RuntimeBinderException: Cannot implicitly convert type 'Orchard.Modules.Models.ModuleEntry' to 'Orchard.ContentManagement.ContentPart'
   at CallSite.Target(Closure , CallSite , Object )
   at Orchard.DesignerTools.Services.WidgetAlternatesFactory.<Displaying>b__5(ShapeDisplayingContext displayedContext)
   at Orchard.DisplayManagement.Implementation.DefaultDisplayManager.<>c__DisplayClassc.<Execute>b__5(Action`1 action)
   at Orchard.InvokeExtensions.Invoke[TEvents](IEnumerable`1 events, Action`1 dispatch, ILogger logger)
2013-02-25 11:01:24,093 [43] Orchard.DisplayManagement.Implementation.DefaultDisplayManager - RuntimeBinderException thrown from Action`1 by System.Action`1[[Orchard.DisplayManagement.Implementation.ShapeDisplayingContext, Orchard.Framework, Version=1.6.0.0, Culture=neutral, PublicKeyToken=null]]
Microsoft.CSharp.RuntimeBinder.RuntimeBinderException: Cannot implicitly convert type 'Orchard.Modules.Models.ModuleEntry' to 'Orchard.ContentManagement.ContentPart'
   at CallSite.Target(Closure , CallSite , Object )
   at Orchard.DesignerTools.Services.WidgetAlternatesFactory.<Displaying>b__5(ShapeDisplayingContext displayedContext)
   at Orchard.DisplayManagement.Implementation.DefaultDisplayManager.<>c__DisplayClassc.<Execute>b__5(Action`1 action)
   at Orchard.InvokeExtensions.Invoke[TEvents](IEnumerable`1 events, Action`1 dispatch, ILogger logger)
2013-02-25 11:01:24,094 [43] Orchard.DisplayManagement.Implementation.DefaultDisplayManager - RuntimeBinderException thrown from Action`1 by System.Action`1[[Orchard.DisplayManagement.Implementation.ShapeDisplayingContext, Orchard.Framework, Version=1.6.0.0, Culture=neutral, PublicKeyToken=null]]
Microsoft.CSharp.RuntimeBinder.RuntimeBinderException: Cannot implicitly convert type 'Orchard.Modules.Models.ModuleEntry' to 'Orchard.ContentManagement.ContentPart'
   at CallSite.Target(Closure , CallSite , Object )
   at Orchard.DesignerTools.Services.WidgetAlternatesFactory.<Displaying>b__5(ShapeDisplayingContext displayedContext)
   at Orchard.DisplayManagement.Implementation.DefaultDisplayManager.<>c__DisplayClassc.<Execute>b__5(Action`1 action)
   at Orchard.InvokeExtensions.Invoke[TEvents](IEnumerable`1 events, Action`1 dispatch, ILogger logger)
2013-02-25 11:01:24,095 [43] Orchard.DisplayManagement.Implementation.DefaultDisplayManager - RuntimeBinderException thrown from Action`1 by System.Action`1[[Orchard.DisplayManagement.Implementation.ShapeDisplayingContext, Orchard.Framework, Version=1.6.0.0, Culture=neutral, PublicKeyToken=null]]
Microsoft.CSharp.RuntimeBinder.RuntimeBinderException: Cannot implicitly convert type 'Orchard.Modules.Models.ModuleEntry' to 'Orchard.ContentManagement.ContentPart'
   at CallSite.Target(Closure , CallSite , Object )
   at Orchard.DesignerTools.Services.WidgetAlternatesFactory.<Displaying>b__5(ShapeDisplayingContext displayedContext)
   at Orchard.DisplayManagement.Implementation.DefaultDisplayManager.<>c__DisplayClassc.<Execute>b__5(Action`1 action)
   at Orchard.InvokeExtensions.Invoke[TEvents](IEnumerable`1 events, Action`1 dispatch, ILogger logger)
2013-02-25 11:01:24,096 [43] Orchard.DisplayManagement.Implementation.DefaultDisplayManager - RuntimeBinderException thrown from Action`1 by System.Action`1[[Orchard.DisplayManagement.Implementation.ShapeDisplayingContext, Orchard.Framework, Version=1.6.0.0, Culture=neutral, PublicKeyToken=null]]
Microsoft.CSharp.RuntimeBinder.RuntimeBinderException: Cannot implicitly convert type 'Orchard.Modules.Models.ModuleEntry' to 'Orchard.ContentManagement.ContentPart'
   at CallSite.Target(Closure , CallSite , Object )
   at Orchard.DesignerTools.Services.WidgetAlternatesFactory.<Displaying>b__5(ShapeDisplayingContext displayedContext)
   at Orchard.DisplayManagement.Implementation.DefaultDisplayManager.<>c__DisplayClassc.<Execute>b__5(Action`1 action)
   at Orchard.InvokeExtensions.Invoke[TEvents](IEnumerable`1 events, Action`1 dispatch, ILogger logger)
2013-02-25 11:01:24,097 [43] Orchard.DisplayManagement.Implementation.DefaultDisplayManager - RuntimeBinderException thrown from Action`1 by System.Action`1[[Orchard.DisplayManagement.Implementation.ShapeDisplayingContext, Orchard.Framework, Version=1.6.0.0, Culture=neutral, PublicKeyToken=null]]
Microsoft.CSharp.RuntimeBinder.RuntimeBinderException: Cannot implicitly convert type 'Orchard.Modules.Models.ModuleEntry' to 'Orchard.ContentManagement.ContentPart'
   at CallSite.Target(Closure , CallSite , Object )
   at Orchard.DesignerTools.Services.WidgetAlternatesFactory.<Displaying>b__5(ShapeDisplayingContext displayedContext)
   at Orchard.DisplayManagement.Implementation.DefaultDisplayManager.<>c__DisplayClassc.<Execute>b__5(Action`1 action)
   at Orchard.InvokeExtensions.Invoke[TEvents](IEnumerable`1 events, Action`1 dispatch, ILogger logger)
2013-02-25 11:01:24,099 [43] Orchard.DisplayManagement.Implementation.DefaultDisplayManager - RuntimeBinderException thrown from Action`1 by System.Action`1[[Orchard.DisplayManagement.Implementation.ShapeDisplayingContext, Orchard.Framework, Version=1.6.0.0, Culture=neutral, PublicKeyToken=null]]
Microsoft.CSharp.RuntimeBinder.RuntimeBinderException: Cannot implicitly convert type 'Orchard.Modules.Models.ModuleEntry' to 'Orchard.ContentManagement.ContentPart'
   at CallSite.Target(Closure , CallSite , Object )
   at Orchard.DesignerTools.Services.WidgetAlternatesFactory.<Displaying>b__5(ShapeDisplayingContext displayedContext)
   at Orchard.DisplayManagement.Implementation.DefaultDisplayManager.<>c__DisplayClassc.<Execute>b__5(Action`1 action)
   at Orchard.InvokeExtensions.Invoke[TEvents](IEnumerable`1 events, Action`1 dispatch, ILogger logger)
2013-02-25 11:01:24,100 [43] Orchard.DisplayManagement.Implementation.DefaultDisplayManager - RuntimeBinderException thrown from Action`1 by System.Action`1[[Orchard.DisplayManagement.Implementation.ShapeDisplayingContext, Orchard.Framework, Version=1.6.0.0, Culture=neutral, PublicKeyToken=null]]
Microsoft.CSharp.RuntimeBinder.RuntimeBinderException: Cannot implicitly convert type 'Orchard.Modules.Models.ModuleEntry' to 'Orchard.ContentManagement.ContentPart'
   at CallSite.Target(Closure , CallSite , Object )
   at Orchard.DesignerTools.Services.WidgetAlternatesFactory.<Displaying>b__5(ShapeDisplayingContext displayedContext)
   at Orchard.DisplayManagement.Implementation.DefaultDisplayManager.<>c__DisplayClassc.<Execute>b__5(Action`1 action)
   at Orchard.InvokeExtensions.Invoke[TEvents](IEnumerable`1 events, Action`1 dispatch, ILogger logger)
2013-02-25 11:01:24,101 [43] Orchard.DisplayManagement.Implementation.DefaultDisplayManager - RuntimeBinderException thrown from Action`1 by System.Action`1[[Orchard.DisplayManagement.Implementation.ShapeDisplayingContext, Orchard.Framework, Version=1.6.0.0, Culture=neutral, PublicKeyToken=null]]
Microsoft.CSharp.RuntimeBinder.RuntimeBinderException: Cannot implicitly convert type 'Orchard.Modules.Models.ModuleEntry' to 'Orchard.ContentManagement.ContentPart'
   at CallSite.Target(Closure , CallSite , Object )
   at Orchard.DesignerTools.Services.WidgetAlternatesFactory.<Displaying>b__5(ShapeDisplayingContext displayedContext)
   at Orchard.DisplayManagement.Implementation.DefaultDisplayManager.<>c__DisplayClassc.<Execute>b__5(Action`1 action)
   at Orchard.InvokeExtensions.Invoke[TEvents](IEnumerable`1 events, Action`1 dispatch, ILogger logger)
2013-02-25 11:01:24,102 [43] Orchard.DisplayManagement.Implementation.DefaultDisplayManager - RuntimeBinderException thrown from Action`1 by System.Action`1[[Orchard.DisplayManagement.Implementation.ShapeDisplayingContext, Orchard.Framework, Version=1.6.0.0, Culture=neutral, PublicKeyToken=null]]
Microsoft.CSharp.RuntimeBinder.RuntimeBinderException: Cannot implicitly convert type 'Orchard.Modules.Models.ModuleEntry' to 'Orchard.ContentManagement.ContentPart'
   at CallSite.Target(Closure , CallSite , Object )
   at Orchard.DesignerTools.Services.WidgetAlternatesFactory.<Displaying>b__5(ShapeDisplayingContext displayedContext)
   at Orchard.DisplayManagement.Implementation.DefaultDisplayManager.<>c__DisplayClassc.<Execute>b__5(Action`1 action)
   at Orchard.InvokeExtensions.Invoke[TEvents](IEnumerable`1 events, Action`1 dispatch, ILogger logger)
2013-02-25 11:01:24,104 [43] Orchard.DisplayManagement.Implementation.DefaultDisplayManager - RuntimeBinderException thrown from Action`1 by System.Action`1[[Orchard.DisplayManagement.Implementation.ShapeDisplayingContext, Orchard.Framework, Version=1.6.0.0, Culture=neutral, PublicKeyToken=null]]
Microsoft.CSharp.RuntimeBinder.RuntimeBinderException: Cannot implicitly convert type 'Orchard.Modules.Models.ModuleEntry' to 'Orchard.ContentManagement.ContentPart'
   at CallSite.Target(Closure , CallSite , Object )
   at Orchard.DesignerTools.Services.WidgetAlternatesFactory.<Displaying>b__5(ShapeDisplayingContext displayedContext)
   at Orchard.DisplayManagement.Implementation.DefaultDisplayManager.<>c__DisplayClassc.<Execute>b__5(Action`1 action)
   at Orchard.InvokeExtensions.Invoke[TEvents](IEnumerable`1 events, Action`1 dispatch, ILogger logger)
2013-02-25 11:01:24,105 [43] Orchard.DisplayManagement.Implementation.DefaultDisplayManager - RuntimeBinderException thrown from Action`1 by System.Action`1[[Orchard.DisplayManagement.Implementation.ShapeDisplayingContext, Orchard.Framework, Version=1.6.0.0, Culture=neutral, PublicKeyToken=null]]
Microsoft.CSharp.RuntimeBinder.RuntimeBinderException: Cannot implicitly convert type 'Orchard.Modules.Models.ModuleEntry' to 'Orchard.ContentManagement.ContentPart'
   at CallSite.Target(Closure , CallSite , Object )
   at Orchard.DesignerTools.Services.WidgetAlternatesFactory.<Displaying>b__5(ShapeDisplayingContext displayedContext)
   at Orchard.DisplayManagement.Implementation.DefaultDisplayManager.<>c__DisplayClassc.<Execute>b__5(Action`1 action)
   at Orchard.InvokeExtensions.Invoke[TEvents](IEnumerable`1 events, Action`1 dispatch, ILogger logger)
2013-02-25 11:01:24,106 [43] Orchard.DisplayManagement.Implementation.DefaultDisplayManager - RuntimeBinderException thrown from Action`1 by System.Action`1[[Orchard.DisplayManagement.Implementation.ShapeDisplayingContext, Orchard.Framework, Version=1.6.0.0, Culture=neutral, PublicKeyToken=null]]
Microsoft.CSharp.RuntimeBinder.RuntimeBinderException: Cannot implicitly convert type 'Orchard.Modules.Models.ModuleEntry' to 'Orchard.ContentManagement.ContentPart'
   at CallSite.Target(Closure , CallSite , Object )
   at Orchard.DesignerTools.Services.WidgetAlternatesFactory.<Displaying>b__5(ShapeDisplayingContext displayedContext)
   at Orchard.DisplayManagement.Implementation.DefaultDisplayManager.<>c__DisplayClassc.<Execute>b__5(Action`1 action)
   at Orchard.InvokeExtensions.Invoke[TEvents](IEnumerable`1 events, Action`1 dispatch, ILogger logger)
2013-02-25 11:01:24,107 [43] Orchard.DisplayManagement.Implementation.DefaultDisplayManager - RuntimeBinderException thrown from Action`1 by System.Action`1[[Orchard.DisplayManagement.Implementation.ShapeDisplayingContext, Orchard.Framework, Version=1.6.0.0, Culture=neutral, PublicKeyToken=null]]
Microsoft.CSharp.RuntimeBinder.RuntimeBinderException: Cannot implicitly convert type 'Orchard.Modules.Models.ModuleEntry' to 'Orchard.ContentManagement.ContentPart'
   at CallSite.Target(Closure , CallSite , Object )
   at Orchard.DesignerTools.Services.WidgetAlternatesFactory.<Displaying>b__5(ShapeDisplayingContext displayedContext)
   at Orchard.DisplayManagement.Implementation.DefaultDisplayManager.<>c__DisplayClassc.<Execute>b__5(Action`1 action)
   at Orchard.InvokeExtensions.Invoke[TEvents](IEnumerable`1 events, Action`1 dispatch, ILogger logger)
2013-02-25 11:01:24,109 [43] Orchard.DisplayManagement.Implementation.DefaultDisplayManager - RuntimeBinderException thrown from Action`1 by System.Action`1[[Orchard.DisplayManagement.Implementation.ShapeDisplayingContext, Orchard.Framework, Version=1.6.0.0, Culture=neutral, PublicKeyToken=null]]
Microsoft.CSharp.RuntimeBinder.RuntimeBinderException: Cannot implicitly convert type 'Orchard.Modules.Models.ModuleEntry' to 'Orchard.ContentManagement.ContentPart'
   at CallSite.Target(Closure , CallSite , Object )
   at Orchard.DesignerTools.Services.WidgetAlternatesFactory.<Displaying>b__5(ShapeDisplayingContext displayedContext)
   at Orchard.DisplayManagement.Implementation.DefaultDisplayManager.<>c__DisplayClassc.<Execute>b__5(Action`1 action)
   at Orchard.InvokeExtensions.Invoke[TEvents](IEnumerable`1 events, Action`1 dispatch, ILogger logger)
2013-02-25 11:01:24,110 [43] Orchard.DisplayManagement.Implementation.DefaultDisplayManager - RuntimeBinderException thrown from Action`1 by System.Action`1[[Orchard.DisplayManagement.Implementation.ShapeDisplayingContext, Orchard.Framework, Version=1.6.0.0, Culture=neutral, PublicKeyToken=null]]
Microsoft.CSharp.RuntimeBinder.RuntimeBinderException: Cannot implicitly convert type 'Orchard.Modules.Models.ModuleEntry' to 'Orchard.ContentManagement.ContentPart'
   at CallSite.Target(Closure , CallSite , Object )
   at Orchard.DesignerTools.Services.WidgetAlternatesFactory.<Displaying>b__5(ShapeDisplayingContext displayedContext)
   at Orchard.DisplayManagement.Implementation.DefaultDisplayManager.<>c__DisplayClassc.<Execute>b__5(Action`1 action)
   at Orchard.InvokeExtensions.Invoke[TEvents](IEnumerable`1 events, Action`1 dispatch, ILogger logger)
2013-02-25 11:01:24,111 [43] Orchard.DisplayManagement.Implementation.DefaultDisplayManager - RuntimeBinderException thrown from Action`1 by System.Action`1[[Orchard.DisplayManagement.Implementation.ShapeDisplayingContext, Orchard.Framework, Version=1.6.0.0, Culture=neutral, PublicKeyToken=null]]
Microsoft.CSharp.RuntimeBinder.RuntimeBinderException: Cannot implicitly convert type 'Orchard.Modules.Models.ModuleEntry' to 'Orchard.ContentManagement.ContentPart'
   at CallSite.Target(Closure , CallSite , Object )
   at Orchard.DesignerTools.Services.WidgetAlternatesFactory.<Displaying>b__5(ShapeDisplayingContext displayedContext)
   at Orchard.DisplayManagement.Implementation.DefaultDisplayManager.<>c__DisplayClassc.<Execute>b__5(Action`1 action)
   at Orchard.InvokeExtensions.Invoke[TEvents](IEnumerable`1 events, Action`1 dispatch, ILogger logger)
2013-02-25 11:01:24,113 [43] Orchard.DisplayManagement.Implementation.DefaultDisplayManager - RuntimeBinderException thrown from Action`1 by System.Action`1[[Orchard.DisplayManagement.Implementation.ShapeDisplayingContext, Orchard.Framework, Version=1.6.0.0, Culture=neutral, PublicKeyToken=null]]
Microsoft.CSharp.RuntimeBinder.RuntimeBinderException: Cannot implicitly convert type 'Orchard.Modules.Models.ModuleEntry' to 'Orchard.ContentManagement.ContentPart'
   at CallSite.Target(Closure , CallSite , Object )
   at Orchard.DesignerTools.Services.WidgetAlternatesFactory.<Displaying>b__5(ShapeDisplayingContext displayedContext)
   at Orchard.DisplayManagement.Implementation.DefaultDisplayManager.<>c__DisplayClassc.<Execute>b__5(Action`1 action)
   at Orchard.InvokeExtensions.Invoke[TEvents](IEnumerable`1 events, Action`1 dispatch, ILogger logger)
2013-02-25 11:01:24,114 [43] Orchard.DisplayManagement.Implementation.DefaultDisplayManager - RuntimeBinderException thrown from Action`1 by System.Action`1[[Orchard.DisplayManagement.Implementation.ShapeDisplayingContext, Orchard.Framework, Version=1.6.0.0, Culture=neutral, PublicKeyToken=null]]
Microsoft.CSharp.RuntimeBinder.RuntimeBinderException: Cannot implicitly convert type 'Orchard.Modules.Models.ModuleEntry' to 'Orchard.ContentManagement.ContentPart'
   at CallSite.Target(Closure , CallSite , Object )
   at Orchard.DesignerTools.Services.WidgetAlternatesFactory.<Displaying>b__5(ShapeDisplayingContext displayedContext)
   at Orchard.DisplayManagement.Implementation.DefaultDisplayManager.<>c__DisplayClassc.<Execute>b__5(Action`1 action)
   at Orchard.InvokeExtensions.Invoke[TEvents](IEnumerable`1 events, Action`1 dispatch, ILogger logger)
2013-02-25 11:01:24,115 [43] Orchard.DisplayManagement.Implementation.DefaultDisplayManager - RuntimeBinderException thrown from Action`1 by System.Action`1[[Orchard.DisplayManagement.Implementation.ShapeDisplayingContext, Orchard.Framework, Version=1.6.0.0, Culture=neutral, PublicKeyToken=null]]
Microsoft.CSharp.RuntimeBinder.RuntimeBinderException: Cannot implicitly convert type 'Orchard.Modules.Models.ModuleEntry' to 'Orchard.ContentManagement.ContentPart'
   at CallSite.Target(Closure , CallSite , Object )
   at Orchard.DesignerTools.Services.WidgetAlternatesFactory.<Displaying>b__5(ShapeDisplayingContext displayedContext)
   at Orchard.DisplayManagement.Implementation.DefaultDisplayManager.<>c__DisplayClassc.<Execute>b__5(Action`1 action)
   at Orchard.InvokeExtensions.Invoke[TEvents](IEnumerable`1 events, Action`1 dispatch, ILogger logger)
2013-02-25 11:01:24,116 [43] Orchard.DisplayManagement.Implementation.DefaultDisplayManager - RuntimeBinderException thrown from Action`1 by System.Action`1[[Orchard.DisplayManagement.Implementation.ShapeDisplayingContext, Orchard.Framework, Version=1.6.0.0, Culture=neutral, PublicKeyToken=null]]
Microsoft.CSharp.RuntimeBinder.RuntimeBinderException: Cannot implicitly convert type 'Orchard.Modules.Models.ModuleEntry' to 'Orchard.ContentManagement.ContentPart'
   at CallSite.Target(Closure , CallSite , Object )
   at Orchard.DesignerTools.Services.WidgetAlternatesFactory.<Displaying>b__5(ShapeDisplayingContext displayedContext)
   at Orchard.DisplayManagement.Implementation.DefaultDisplayManager.<>c__DisplayClassc.<Execute>b__5(Action`1 action)
   at Orchard.InvokeExtensions.Invoke[TEvents](IEnumerable`1 events, Action`1 dispatch, ILogger logger)
2013-02-25 11:01:24,117 [43] Orchard.DisplayManagement.Implementation.DefaultDisplayManager - RuntimeBinderException thrown from Action`1 by System.Action`1[[Orchard.DisplayManagement.Implementation.ShapeDisplayingContext, Orchard.Framework, Version=1.6.0.0, Culture=neutral, PublicKeyToken=null]]
Microsoft.CSharp.RuntimeBinder.RuntimeBinderException: Cannot implicitly convert type 'Orchard.Modules.Models.ModuleEntry' to 'Orchard.ContentManagement.ContentPart'
   at CallSite.Target(Closure , CallSite , Object )
   at Orchard.DesignerTools.Services.WidgetAlternatesFactory.<Displaying>b__5(ShapeDisplayingContext displayedContext)
   at Orchard.DisplayManagement.Implementation.DefaultDisplayManager.<>c__DisplayClassc.<Execute>b__5(Action`1 action)
   at Orchard.InvokeExtensions.Invoke[TEvents](IEnumerable`1 events, Action`1 dispatch, ILogger logger)
2013-02-25 11:01:24,118 [43] Orchard.DisplayManagement.Implementation.DefaultDisplayManager - RuntimeBinderException thrown from Action`1 by System.Action`1[[Orchard.DisplayManagement.Implementation.ShapeDisplayingContext, Orchard.Framework, Version=1.6.0.0, Culture=neutral, PublicKeyToken=null]]
Microsoft.CSharp.RuntimeBinder.RuntimeBinderException: Cannot implicitly convert type 'Orchard.Modules.Models.ModuleEntry' to 'Orchard.ContentManagement.ContentPart'
   at CallSite.Target(Closure , CallSite , Object )
   at Orchard.DesignerTools.Services.WidgetAlternatesFactory.<Displaying>b__5(ShapeDisplayingContext displayedContext)
   at Orchard.DisplayManagement.Implementation.DefaultDisplayManager.<>c__DisplayClassc.<Execute>b__5(Action`1 action)
   at Orchard.InvokeExtensions.Invoke[TEvents](IEnumerable`1 events, Action`1 dispatch, ILogger logger)
2013-02-25 11:01:24,119 [43] Orchard.DisplayManagement.Implementation.DefaultDisplayManager - RuntimeBinderException thrown from Action`1 by System.Action`1[[Orchard.DisplayManagement.Implementation.ShapeDisplayingContext, Orchard.Framework, Version=1.6.0.0, Culture=neutral, PublicKeyToken=null]]
Microsoft.CSharp.RuntimeBinder.RuntimeBinderException: Cannot implicitly convert type 'Orchard.Modules.Models.ModuleEntry' to 'Orchard.ContentManagement.ContentPart'
   at CallSite.Target(Closure , CallSite , Object )
   at Orchard.DesignerTools.Services.WidgetAlternatesFactory.<Displaying>b__5(ShapeDisplayingContext displayedContext)
   at Orchard.DisplayManagement.Implementation.DefaultDisplayManager.<>c__DisplayClassc.<Execute>b__5(Action`1 action)
   at Orchard.InvokeExtensions.Invoke[TEvents](IEnumerable`1 events, Action`1 dispatch, ILogger logger)
2013-02-25 11:01:24,120 [43] Orchard.DisplayManagement.Implementation.DefaultDisplayManager - RuntimeBinderException thrown from Action`1 by System.Action`1[[Orchard.DisplayManagement.Implementation.ShapeDisplayingContext, Orchard.Framework, Version=1.6.0.0, Culture=neutral, PublicKeyToken=null]]
Microsoft.CSharp.RuntimeBinder.RuntimeBinderException: Cannot implicitly convert type 'Orchard.Modules.Models.ModuleEntry' to 'Orchard.ContentManagement.ContentPart'
   at CallSite.Target(Closure , CallSite , Object )
   at Orchard.DesignerTools.Services.WidgetAlternatesFactory.<Displaying>b__5(ShapeDisplayingContext displayedContext)
   at Orchard.DisplayManagement.Implementation.DefaultDisplayManager.<>c__DisplayClassc.<Execute>b__5(Action`1 action)
   at Orchard.InvokeExtensions.Invoke[TEvents](IEnumerable`1 events, Action`1 dispatch, ILogger logger)
2013-02-25 11:01:24,122 [43] Orchard.DisplayManagement.Implementation.DefaultDisplayManager - RuntimeBinderException thrown from Action`1 by System.Action`1[[Orchard.DisplayManagement.Implementation.ShapeDisplayingContext, Orchard.Framework, Version=1.6.0.0, Culture=neutral, PublicKeyToken=null]]
Microsoft.CSharp.RuntimeBinder.RuntimeBinderException: Cannot implicitly convert type 'Orchard.Modules.Models.ModuleEntry' to 'Orchard.ContentManagement.ContentPart'
   at CallSite.Target(Closure , CallSite , Object )
   at Orchard.DesignerTools.Services.WidgetAlternatesFactory.<Displaying>b__5(ShapeDisplayingContext displayedContext)
   at Orchard.DisplayManagement.Implementation.DefaultDisplayManager.<>c__DisplayClassc.<Execute>b__5(Action`1 action)
   at Orchard.InvokeExtensions.Invoke[TEvents](IEnumerable`1 events, Action`1 dispatch, ILogger logger)
2013-02-25 11:01:24,123 [43] Orchard.DisplayManagement.Implementation.DefaultDisplayManager - RuntimeBinderException thrown from Action`1 by System.Action`1[[Orchard.DisplayManagement.Implementation.ShapeDisplayingContext, Orchard.Framework, Version=1.6.0.0, Culture=neutral, PublicKeyToken=null]]
Microsoft.CSharp.RuntimeBinder.RuntimeBinderException: Cannot implicitly convert type 'Orchard.Modules.Models.ModuleEntry' to 'Orchard.ContentManagement.ContentPart'
   at CallSite.Target(Closure , CallSite , Object )
   at Orchard.DesignerTools.Services.WidgetAlternatesFactory.<Displaying>b__5(ShapeDisplayingContext displayedContext)
   at Orchard.DisplayManagement.Implementation.DefaultDisplayManager.<>c__DisplayClassc.<Execute>b__5(Action`1 action)
   at Orchard.InvokeExtensions.Invoke[TEvents](IEnumerable`1 events, Action`1 dispatch, ILogger logger)
2013-02-25 11:01:24,125 [43] Orchard.DisplayManagement.Implementation.DefaultDisplayManager - RuntimeBinderException thrown from Action`1 by System.Action`1[[Orchard.DisplayManagement.Implementation.ShapeDisplayingContext, Orchard.Framework, Version=1.6.0.0, Culture=neutral, PublicKeyToken=null]]
Microsoft.CSharp.RuntimeBinder.RuntimeBinderException: Cannot implicitly convert type 'Orchard.Modules.Models.ModuleEntry' to 'Orchard.ContentManagement.ContentPart'
   at CallSite.Target(Closure , CallSite , Object )
   at Orchard.DesignerTools.Services.WidgetAlternatesFactory.<Displaying>b__5(ShapeDisplayingContext displayedContext)
   at Orchard.DisplayManagement.Implementation.DefaultDisplayManager.<>c__DisplayClassc.<Execute>b__5(Action`1 action)
   at Orchard.InvokeExtensions.Invoke[TEvents](IEnumerable`1 events, Action`1 dispatch, ILogger logger)
2013-02-25 11:01:24,126 [43] Orchard.DisplayManagement.Implementation.DefaultDisplayManager - RuntimeBinderException thrown from Action`1 by System.Action`1[[Orchard.DisplayManagement.Implementation.ShapeDisplayingContext, Orchard.Framework, Version=1.6.0.0, Culture=neutral, PublicKeyToken=null]]
Microsoft.CSharp.RuntimeBinder.RuntimeBinderException: Cannot implicitly convert type 'Orchard.Modules.Models.ModuleEntry' to 'Orchard.ContentManagement.ContentPart'
   at CallSite.Target(Closure , CallSite , Object )
   at Orchard.DesignerTools.Services.WidgetAlternatesFactory.<Displaying>b__5(ShapeDisplayingContext displayedContext)
   at Orchard.DisplayManagement.Implementation.DefaultDisplayManager.<>c__DisplayClassc.<Execute>b__5(Action`1 action)
   at Orchard.InvokeExtensions.Invoke[TEvents](IEnumerable`1 events, Action`1 dispatch, ILogger logger)
2013-02-25 11:01:24,127 [43] Orchard.DisplayManagement.Implementation.DefaultDisplayManager - RuntimeBinderException thrown from Action`1 by System.Action`1[[Orchard.DisplayManagement.Implementation.ShapeDisplayingContext, Orchard.Framework, Version=1.6.0.0, Culture=neutral, PublicKeyToken=null]]
Microsoft.CSharp.RuntimeBinder.RuntimeBinderException: Cannot implicitly convert type 'Orchard.Modules.Models.ModuleEntry' to 'Orchard.ContentManagement.ContentPart'
   at CallSite.Target(Closure , CallSite , Object )
   at Orchard.DesignerTools.Services.WidgetAlternatesFactory.<Displaying>b__5(ShapeDisplayingContext displayedContext)
   at Orchard.DisplayManagement.Implementation.DefaultDisplayManager.<>c__DisplayClassc.<Execute>b__5(Action`1 action)
   at Orchard.InvokeExtensions.Invoke[TEvents](IEnumerable`1 events, Action`1 dispatch, ILogger logger)
2013-02-25 11:31:22,186 [51] Orchard.Exceptions.DefaultExceptionPolicy - An unexpected exception was caught
System.InvalidCastException: Unable to cast object of type 'Newtonsoft.Json.Linq.JValue' to type 'System.IConvertible'.
   at CallSite.Target(Closure , CallSite , Type , Object )
   at System.Dynamic.UpdateDelegates.UpdateAndExecute2[T0,T1,TRet](CallSite site, T0 arg0, T1 arg1)
   at Contrib.Taxonomies.Projections.TermsFilter.DisplayFilter(Object context)
   at Orchard.Projections.Controllers.AdminController.Edit(Int32 id)
   at lambda_method(Closure , ControllerBase , Object[] )
   at System.Web.Mvc.ReflectedActionDescriptor.Execute(ControllerContext controllerContext, IDictionary`2 parameters)
   at System.Web.Mvc.ControllerActionInvoker.InvokeActionMethod(ControllerContext controllerContext, ActionDescriptor actionDescriptor, IDictionary`2 parameters)
   at System.Web.Mvc.ControllerActionInvoker.<>c__DisplayClass13.<InvokeActionMethodWithFilters>b__10()
   at System.Web.Mvc.ControllerActionInvoker.InvokeActionMethodFilter(IActionFilter filter, ActionExecutingContext preContext, Func`1 continuation)
   at System.Web.Mvc.ControllerActionInvoker.InvokeActionMethodFilter(IActionFilter filter, ActionExecutingContext preContext, Func`1 continuation)
   at System.Web.Mvc.ControllerActionInvoker.InvokeActionMethodFilter(IActionFilter filter, ActionExecutingContext preContext, Func`1 continuation)
2013-02-25 11:31:33,930 [91] Orchard.Exceptions.DefaultExceptionPolicy - An unexpected exception was caught
System.InvalidCastException: Unable to cast object of type 'Newtonsoft.Json.Linq.JValue' to type 'System.IConvertible'.
   at CallSite.Target(Closure , CallSite , Type , Object )
   at Contrib.Taxonomies.Projections.TermsFilter.DisplayFilter(Object context)
   at Orchard.Projections.Controllers.AdminController.Edit(Int32 id)
   at lambda_method(Closure , ControllerBase , Object[] )
   at System.Web.Mvc.ReflectedActionDescriptor.Execute(ControllerContext controllerContext, IDictionary`2 parameters)
   at System.Web.Mvc.ControllerActionInvoker.InvokeActionMethod(ControllerContext controllerContext, ActionDescriptor actionDescriptor, IDictionary`2 parameters)
   at System.Web.Mvc.ControllerActionInvoker.<>c__DisplayClass13.<InvokeActionMethodWithFilters>b__10()
   at System.Web.Mvc.ControllerActionInvoker.InvokeActionMethodFilter(IActionFilter filter, ActionExecutingContext preContext, Func`1 continuation)
   at System.Web.Mvc.ControllerActionInvoker.InvokeActionMethodFilter(IActionFilter filter, ActionExecutingContext preContext, Func`1 continuation)
   at System.Web.Mvc.ControllerActionInvoker.InvokeActionMethodFilter(IActionFilter filter, ActionExecutingContext preContext, Func`1 continuation)
2013-02-25 11:31:36,437 [93] Orchard.Exceptions.DefaultExceptionPolicy - An unexpected exception was caught
System.InvalidCastException: Unable to cast object of type 'Newtonsoft.Json.Linq.JValue' to type 'System.IConvertible'.
   at CallSite.Target(Closure , CallSite , Type , Object )
   at Contrib.Taxonomies.Projections.TermsFilter.DisplayFilter(Object context)
   at Orchard.Projections.Controllers.AdminController.Edit(Int32 id)
   at lambda_method(Closure , ControllerBase , Object[] )
   at System.Web.Mvc.ReflectedActionDescriptor.Execute(ControllerContext controllerContext, IDictionary`2 parameters)
   at System.Web.Mvc.ControllerActionInvoker.InvokeActionMethod(ControllerContext controllerContext, ActionDescriptor actionDescriptor, IDictionary`2 parameters)
   at System.Web.Mvc.ControllerActionInvoker.<>c__DisplayClass13.<InvokeActionMethodWithFilters>b__10()
   at System.Web.Mvc.ControllerActionInvoker.InvokeActionMethodFilter(IActionFilter filter, ActionExecutingContext preContext, Func`1 continuation)
   at System.Web.Mvc.ControllerActionInvoker.InvokeActionMethodFilter(IActionFilter filter, ActionExecutingContext preContext, Func`1 continuation)
   at System.Web.Mvc.ControllerActionInvoker.InvokeActionMethodFilter(IActionFilter filter, ActionExecutingContext preContext, Func`1 continuation)
